{"/home/yomnaghr/Projet_Saas_Pro/Back-End/src/app.module.ts": {"path":"/home/yomnaghr/Projet_Saas_Pro/Back-End/src/app.module.ts","statementMap":{"0":{"start":{"line":1,"column":0},"end":{"line":1,"column":72}},"1":{"start":{"line":2,"column":0},"end":{"line":2,"column":73}},"2":{"start":{"line":3,"column":0},"end":{"line":3,"column":46}},"3":{"start":{"line":4,"column":0},"end":{"line":4,"column":48}},"4":{"start":{"line":5,"column":0},"end":{"line":5,"column":56}},"5":{"start":{"line":6,"column":0},"end":{"line":6,"column":83}},"6":{"start":{"line":8,"column":0},"end":{"line":8,"column":74}},"7":{"start":{"line":9,"column":0},"end":{"line":9,"column":59}},"8":{"start":{"line":10,"column":0},"end":{"line":10,"column":65}},"9":{"start":{"line":11,"column":0},"end":{"line":11,"column":68}},"10":{"start":{"line":12,"column":0},"end":{"line":12,"column":68}},"11":{"start":{"line":13,"column":0},"end":{"line":13,"column":79}},"12":{"start":{"line":14,"column":0},"end":{"line":14,"column":76}},"13":{"start":{"line":15,"column":0},"end":{"line":15,"column":56}},"14":{"start":{"line":16,"column":0},"end":{"line":16,"column":56}},"15":{"start":{"line":17,"column":0},"end":{"line":17,"column":106}},"16":{"start":{"line":18,"column":0},"end":{"line":18,"column":61}},"17":{"start":{"line":19,"column":0},"end":{"line":19,"column":97}},"18":{"start":{"line":40,"column":7},"end":{"line":44,"column":null}},"19":{"start":{"line":42,"column":4},"end":{"line":42,"column":52}},"20":{"start":{"line":40,"column":13},"end":{"line":40,"column":22}},"21":{"start":{"line":40,"column":13},"end":{"line":44,"column":null}}},"fnMap":{"0":{"name":"(anonymous_1)","decl":{"start":{"line":41,"column":2},"end":{"line":41,"column":11}},"loc":{"start":{"line":41,"column":40},"end":{"line":43,"column":3}}}},"branchMap":{},"s":{"0":0,"1":0,"2":0,"3":0,"4":0,"5":0,"6":0,"7":0,"8":0,"9":0,"10":0,"11":0,"12":0,"13":0,"14":0,"15":0,"16":0,"17":0,"18":0,"19":0,"20":0,"21":0},"f":{"0":0},"b":{}}
,"/home/yomnaghr/Projet_Saas_Pro/Back-End/src/main.ts": {"path":"/home/yomnaghr/Projet_Saas_Pro/Back-End/src/main.ts","statementMap":{"0":{"start":{"line":1,"column":0},"end":{"line":1,"column":26}},"1":{"start":{"line":2,"column":0},"end":{"line":2,"column":48}},"2":{"start":{"line":3,"column":0},"end":{"line":3,"column":43}},"3":{"start":{"line":4,"column":0},"end":{"line":4,"column":41}},"4":{"start":{"line":5,"column":0},"end":{"line":5,"column":28}},"5":{"start":{"line":9,"column":2},"end":{"line":14,"column":6}},"6":{"start":{"line":10,"column":4},"end":{"line":14,"column":6}},"7":{"start":{"line":16,"column":2},"end":{"line":19,"column":21}},"8":{"start":{"line":18,"column":16},"end":{"line":18,"column":24}},"9":{"start":{"line":22,"column":14},"end":{"line":22,"column":73}},"10":{"start":{"line":24,"column":2},"end":{"line":27,"column":5}},"11":{"start":{"line":29,"column":2},"end":{"line":29,"column":29}},"12":{"start":{"line":31,"column":2},"end":{"line":37,"column":4}},"13":{"start":{"line":39,"column":2},"end":{"line":41,"column":5}},"14":{"start":{"line":43,"column":2},"end":{"line":43,"column":53}},"15":{"start":{"line":46,"column":0},"end":{"line":46,"column":12}}},"fnMap":{"0":{"name":"parseCorsOrigins","decl":{"start":{"line":8,"column":9},"end":{"line":8,"column":25}},"loc":{"start":{"line":8,"column":40},"end":{"line":20,"column":1}}},"1":{"name":"(anonymous_1)","decl":{"start":{"line":18,"column":9},"end":{"line":18,"column":10}},"loc":{"start":{"line":18,"column":16},"end":{"line":18,"column":24}}},"2":{"name":"bootstrap","decl":{"start":{"line":21,"column":15},"end":{"line":21,"column":24}},"loc":{"start":{"line":21,"column":24},"end":{"line":44,"column":1}}}},"branchMap":{"0":{"loc":{"start":{"line":9,"column":2},"end":{"line":14,"column":6}},"type":"if","locations":[{"start":{"line":9,"column":2},"end":{"line":14,"column":6}}]},"1":{"loc":{"start":{"line":43,"column":26},"end":{"line":43,"column":50}},"type":"binary-expr","locations":[{"start":{"line":43,"column":26},"end":{"line":43,"column":42}},{"start":{"line":43,"column":46},"end":{"line":43,"column":50}}]}},"s":{"0":0,"1":0,"2":0,"3":0,"4":0,"5":0,"6":0,"7":0,"8":0,"9":0,"10":0,"11":0,"12":0,"13":0,"14":0,"15":0},"f":{"0":0,"1":0,"2":0},"b":{"0":[0],"1":[0,0]}}
,"/home/yomnaghr/Projet_Saas_Pro/Back-End/src/common/api-mapper.ts": {"path":"/home/yomnaghr/Projet_Saas_Pro/Back-End/src/common/api-mapper.ts","statementMap":{"0":{"start":{"line":1,"column":21},"end":{"line":1,"column":95}},"1":{"start":{"line":1,"column":63},"end":{"line":1,"column":94}},"2":{"start":{"line":1,"column":13},"end":{"line":1,"column":21}}},"fnMap":{"0":{"name":"(anonymous_0)","decl":{"start":{"line":1,"column":21},"end":{"line":1,"column":22}},"loc":{"start":{"line":1,"column":63},"end":{"line":1,"column":94}}}},"branchMap":{"0":{"loc":{"start":{"line":1,"column":63},"end":{"line":1,"column":94}},"type":"cond-expr","locations":[{"start":{"line":1,"column":67},"end":{"line":1,"column":82}},{"start":{"line":1,"column":85},"end":{"line":1,"column":94}}]}},"s":{"0":8,"1":1,"2":8},"f":{"0":1},"b":{"0":[1,0]}}
,"/home/yomnaghr/Projet_Saas_Pro/Back-End/src/common/decorators/business-id.decorator.ts": {"path":"/home/yomnaghr/Projet_Saas_Pro/Back-End/src/common/decorators/business-id.decorator.ts","statementMap":{"0":{"start":{"line":1,"column":0},"end":{"line":1,"column":72}},"1":{"start":{"line":3,"column":13},"end":{"line":16,"column":2}},"2":{"start":{"line":5,"column":16},"end":{"line":5,"column":47}},"3":{"start":{"line":8,"column":4},"end":{"line":14,"column":6}}},"fnMap":{"0":{"name":"(anonymous_0)","decl":{"start":{"line":4,"column":2},"end":{"line":4,"column":3}},"loc":{"start":{"line":4,"column":40},"end":{"line":15,"column":3}}}},"branchMap":{"0":{"loc":{"start":{"line":9,"column":6},"end":{"line":13,"column":10}},"type":"binary-expr","locations":[{"start":{"line":9,"column":6},"end":{"line":9,"column":20}},{"start":{"line":10,"column":6},"end":{"line":10,"column":34}},{"start":{"line":11,"column":6},"end":{"line":11,"column":27}},{"start":{"line":12,"column":6},"end":{"line":12,"column":26}},{"start":{"line":13,"column":6},"end":{"line":13,"column":10}}]}},"s":{"0":4,"1":4,"2":0,"3":0},"f":{"0":0},"b":{"0":[0,0,0,0,0]}}
,"/home/yomnaghr/Projet_Saas_Pro/Back-End/src/common/decorators/current-user.decorator.ts": {"path":"/home/yomnaghr/Projet_Saas_Pro/Back-End/src/common/decorators/current-user.decorator.ts","statementMap":{"0":{"start":{"line":1,"column":0},"end":{"line":1,"column":72}},"1":{"start":{"line":3,"column":13},"end":{"line":8,"column":2}},"2":{"start":{"line":5,"column":16},"end":{"line":5,"column":47}},"3":{"start":{"line":6,"column":4},"end":{"line":6,"column":20}}},"fnMap":{"0":{"name":"(anonymous_0)","decl":{"start":{"line":4,"column":2},"end":{"line":4,"column":3}},"loc":{"start":{"line":4,"column":40},"end":{"line":7,"column":3}}}},"branchMap":{},"s":{"0":0,"1":0,"2":0,"3":0},"f":{"0":0},"b":{}}
,"/home/yomnaghr/Projet_Saas_Pro/Back-End/src/common/decorators/permissions.decorator.ts": {"path":"/home/yomnaghr/Projet_Saas_Pro/Back-End/src/common/decorators/permissions.decorator.ts","statementMap":{"0":{"start":{"line":1,"column":0},"end":{"line":1,"column":45}},"1":{"start":{"line":3,"column":13},"end":{"line":3,"column":48}},"2":{"start":{"line":5,"column":34},"end":{"line":6,"column":37}},"3":{"start":{"line":6,"column":2},"end":{"line":6,"column":37}},"4":{"start":{"line":5,"column":13},"end":{"line":5,"column":34}}},"fnMap":{"0":{"name":"(anonymous_0)","decl":{"start":{"line":5,"column":34},"end":{"line":5,"column":35}},"loc":{"start":{"line":6,"column":2},"end":{"line":6,"column":37}}}},"branchMap":{},"s":{"0":3,"1":3,"2":3,"3":15,"4":3},"f":{"0":15},"b":{}}
,"/home/yomnaghr/Projet_Saas_Pro/Back-End/src/common/guards/business-access.guard.ts": {"path":"/home/yomnaghr/Projet_Saas_Pro/Back-End/src/common/guards/business-access.guard.ts","statementMap":{"0":{"start":{"line":1,"column":0},"end":{"line":1,"column":null}},"1":{"start":{"line":7,"column":0},"end":{"line":7,"column":51}},"2":{"start":{"line":8,"column":0},"end":{"line":8,"column":37}},"3":{"start":{"line":10,"column":0},"end":{"line":10,"column":83}},"4":{"start":{"line":11,"column":0},"end":{"line":11,"column":70}},"5":{"start":{"line":14,"column":7},"end":{"line":53,"column":null}},"6":{"start":{"line":17,"column":21},"end":{"line":17,"column":33}},"7":{"start":{"line":19,"column":21},"end":{"line":19,"column":28}},"8":{"start":{"line":23,"column":16},"end":{"line":23,"column":83}},"9":{"start":{"line":24,"column":17},"end":{"line":24,"column":25}},"10":{"start":{"line":25,"column":23},"end":{"line":25,"column":37}},"11":{"start":{"line":27,"column":4},"end":{"line":27,"column":65}},"12":{"start":{"line":27,"column":15},"end":{"line":27,"column":65}},"13":{"start":{"line":28,"column":4},"end":{"line":28,"column":75}},"14":{"start":{"line":28,"column":21},"end":{"line":28,"column":75}},"15":{"start":{"line":31,"column":4},"end":{"line":31,"column":52}},"16":{"start":{"line":31,"column":40},"end":{"line":31,"column":52}},"17":{"start":{"line":34,"column":4},"end":{"line":41,"column":5}},"18":{"start":{"line":35,"column":16},"end":{"line":38,"column":8}},"19":{"start":{"line":39,"column":6},"end":{"line":39,"column":73}},"20":{"start":{"line":39,"column":14},"end":{"line":39,"column":73}},"21":{"start":{"line":40,"column":6},"end":{"line":40,"column":18}},"22":{"start":{"line":44,"column":14},"end":{"line":47,"column":6}},"23":{"start":{"line":48,"column":4},"end":{"line":50,"column":5}},"24":{"start":{"line":49,"column":6},"end":{"line":49,"column":65}},"25":{"start":{"line":51,"column":4},"end":{"line":51,"column":16}},"26":{"start":{"line":14,"column":13},"end":{"line":14,"column":32}},"27":{"start":{"line":14,"column":13},"end":{"line":53,"column":null}}},"fnMap":{"0":{"name":"(anonymous_4)","decl":{"start":{"line":15,"column":2},"end":{"line":15,"column":null}},"loc":{"start":{"line":19,"column":50},"end":{"line":20,"column":6}}},"1":{"name":"(anonymous_5)","decl":{"start":{"line":22,"column":2},"end":{"line":22,"column":7}},"loc":{"start":{"line":22,"column":45},"end":{"line":52,"column":3}}}},"branchMap":{"0":{"loc":{"start":{"line":27,"column":4},"end":{"line":27,"column":65}},"type":"if","locations":[{"start":{"line":27,"column":4},"end":{"line":27,"column":65}}]},"1":{"loc":{"start":{"line":28,"column":4},"end":{"line":28,"column":75}},"type":"if","locations":[{"start":{"line":28,"column":4},"end":{"line":28,"column":75}}]},"2":{"loc":{"start":{"line":31,"column":4},"end":{"line":31,"column":52}},"type":"if","locations":[{"start":{"line":31,"column":4},"end":{"line":31,"column":52}}]},"3":{"loc":{"start":{"line":34,"column":4},"end":{"line":41,"column":5}},"type":"if","locations":[{"start":{"line":34,"column":4},"end":{"line":41,"column":5}}]},"4":{"loc":{"start":{"line":39,"column":6},"end":{"line":39,"column":73}},"type":"if","locations":[{"start":{"line":39,"column":6},"end":{"line":39,"column":73}}]},"5":{"loc":{"start":{"line":48,"column":4},"end":{"line":50,"column":5}},"type":"if","locations":[{"start":{"line":48,"column":4},"end":{"line":50,"column":5}}]},"6":{"loc":{"start":{"line":48,"column":8},"end":{"line":48,"column":41}},"type":"binary-expr","locations":[{"start":{"line":48,"column":8},"end":{"line":48,"column":10}},{"start":{"line":48,"column":14},"end":{"line":48,"column":41}}]}},"s":{"0":4,"1":4,"2":4,"3":4,"4":4,"5":4,"6":0,"7":0,"8":0,"9":0,"10":0,"11":0,"12":0,"13":0,"14":0,"15":0,"16":0,"17":0,"18":0,"19":0,"20":0,"21":0,"22":0,"23":0,"24":0,"25":0,"26":4,"27":4},"f":{"0":0,"1":0},"b":{"0":[0],"1":[0],"2":[0],"3":[0],"4":[0],"5":[0],"6":[0,0]}}
,"/home/yomnaghr/Projet_Saas_Pro/Back-End/src/common/guards/permissions.guard.ts": {"path":"/home/yomnaghr/Projet_Saas_Pro/Back-End/src/common/guards/permissions.guard.ts","statementMap":{"0":{"start":{"line":1,"column":0},"end":{"line":1,"column":null}},"1":{"start":{"line":7,"column":0},"end":{"line":7,"column":41}},"2":{"start":{"line":9,"column":18},"end":{"line":9,"column":40}},"3":{"start":{"line":12,"column":2},"end":{"line":15,"column":23}},"4":{"start":{"line":19,"column":7},"end":{"line":58,"column":null}},"5":{"start":{"line":20,"column":31},"end":{"line":20,"column":42}},"6":{"start":{"line":23,"column":16},"end":{"line":23,"column":51}},"7":{"start":{"line":24,"column":17},"end":{"line":24,"column":25}},"8":{"start":{"line":27,"column":6},"end":{"line":30,"column":14}},"9":{"start":{"line":32,"column":21},"end":{"line":32,"column":58}},"10":{"start":{"line":35,"column":4},"end":{"line":35,"column":38}},"11":{"start":{"line":35,"column":26},"end":{"line":35,"column":38}},"12":{"start":{"line":37,"column":4},"end":{"line":37,"column":65}},"13":{"start":{"line":37,"column":15},"end":{"line":37,"column":65}},"14":{"start":{"line":40,"column":4},"end":{"line":40,"column":52}},"15":{"start":{"line":40,"column":40},"end":{"line":40,"column":52}},"16":{"start":{"line":41,"column":4},"end":{"line":41,"column":52}},"17":{"start":{"line":41,"column":40},"end":{"line":41,"column":52}},"18":{"start":{"line":43,"column":35},"end":{"line":45,"column":10}},"19":{"start":{"line":47,"column":22},"end":{"line":47,"column":44}},"20":{"start":{"line":50,"column":4},"end":{"line":50,"column":45}},"21":{"start":{"line":50,"column":33},"end":{"line":50,"column":45}},"22":{"start":{"line":53,"column":15},"end":{"line":53,"column":59}},"23":{"start":{"line":53,"column":37},"end":{"line":53,"column":58}},"24":{"start":{"line":54,"column":4},"end":{"line":54,"column":65}},"25":{"start":{"line":54,"column":13},"end":{"line":54,"column":65}},"26":{"start":{"line":56,"column":4},"end":{"line":56,"column":16}},"27":{"start":{"line":19,"column":13},"end":{"line":19,"column":29}},"28":{"start":{"line":19,"column":13},"end":{"line":58,"column":null}}},"fnMap":{"0":{"name":"norm","decl":{"start":{"line":11,"column":9},"end":{"line":11,"column":13}},"loc":{"start":{"line":11,"column":23},"end":{"line":16,"column":1}}},"1":{"name":"(anonymous_3)","decl":{"start":{"line":20,"column":2},"end":{"line":20,"column":31}},"loc":{"start":{"line":20,"column":51},"end":{"line":20,"column":55}}},"2":{"name":"(anonymous_4)","decl":{"start":{"line":22,"column":2},"end":{"line":22,"column":13}},"loc":{"start":{"line":22,"column":39},"end":{"line":57,"column":3}}},"3":{"name":"(anonymous_5)","decl":{"start":{"line":53,"column":30},"end":{"line":53,"column":31}},"loc":{"start":{"line":53,"column":37},"end":{"line":53,"column":58}}}},"branchMap":{"0":{"loc":{"start":{"line":12,"column":16},"end":{"line":12,"column":23}},"type":"binary-expr","locations":[{"start":{"line":12,"column":16},"end":{"line":12,"column":17}},{"start":{"line":12,"column":21},"end":{"line":12,"column":23}}]},"1":{"loc":{"start":{"line":27,"column":6},"end":{"line":30,"column":14}},"type":"binary-expr","locations":[{"start":{"line":27,"column":6},"end":{"line":30,"column":8}},{"start":{"line":30,"column":12},"end":{"line":30,"column":14}}]},"2":{"loc":{"start":{"line":35,"column":4},"end":{"line":35,"column":38}},"type":"if","locations":[{"start":{"line":35,"column":4},"end":{"line":35,"column":38}}]},"3":{"loc":{"start":{"line":37,"column":4},"end":{"line":37,"column":65}},"type":"if","locations":[{"start":{"line":37,"column":4},"end":{"line":37,"column":65}}]},"4":{"loc":{"start":{"line":40,"column":4},"end":{"line":40,"column":52}},"type":"if","locations":[{"start":{"line":40,"column":4},"end":{"line":40,"column":52}}]},"5":{"loc":{"start":{"line":41,"column":4},"end":{"line":41,"column":52}},"type":"if","locations":[{"start":{"line":41,"column":4},"end":{"line":41,"column":52}}]},"6":{"loc":{"start":{"line":43,"column":35},"end":{"line":45,"column":10}},"type":"cond-expr","locations":[{"start":{"line":44,"column":8},"end":{"line":44,"column":24}},{"start":{"line":45,"column":8},"end":{"line":45,"column":10}}]},"7":{"loc":{"start":{"line":50,"column":4},"end":{"line":50,"column":45}},"type":"if","locations":[{"start":{"line":50,"column":4},"end":{"line":50,"column":45}}]},"8":{"loc":{"start":{"line":54,"column":4},"end":{"line":54,"column":65}},"type":"if","locations":[{"start":{"line":54,"column":4},"end":{"line":54,"column":65}}]}},"s":{"0":3,"1":3,"2":3,"3":0,"4":3,"5":2,"6":0,"7":0,"8":0,"9":0,"10":0,"11":0,"12":0,"13":0,"14":0,"15":0,"16":0,"17":0,"18":0,"19":0,"20":0,"21":0,"22":0,"23":0,"24":0,"25":0,"26":0,"27":3,"28":3},"f":{"0":0,"1":2,"2":0,"3":0},"b":{"0":[0,0],"1":[0,0],"2":[0],"3":[0],"4":[0],"5":[0],"6":[0,0],"7":[0],"8":[0]}}
,"/home/yomnaghr/Projet_Saas_Pro/Back-End/src/common/guards/platform-admin-db.guard.ts": {"path":"/home/yomnaghr/Projet_Saas_Pro/Back-End/src/common/guards/platform-admin-db.guard.ts","statementMap":{"0":{"start":{"line":1,"column":0},"end":{"line":1,"column":null}},"1":{"start":{"line":7,"column":0},"end":{"line":7,"column":51}},"2":{"start":{"line":8,"column":0},"end":{"line":8,"column":37}},"3":{"start":{"line":9,"column":0},"end":{"line":9,"column":70}},"4":{"start":{"line":12,"column":7},"end":{"line":34,"column":null}},"5":{"start":{"line":15,"column":21},"end":{"line":15,"column":28}},"6":{"start":{"line":19,"column":16},"end":{"line":19,"column":51}},"7":{"start":{"line":20,"column":19},"end":{"line":20,"column":32}},"8":{"start":{"line":22,"column":4},"end":{"line":22,"column":67}},"9":{"start":{"line":22,"column":17},"end":{"line":22,"column":67}},"10":{"start":{"line":24,"column":17},"end":{"line":26,"column":6}},"11":{"start":{"line":28,"column":4},"end":{"line":30,"column":5}},"12":{"start":{"line":29,"column":6},"end":{"line":29,"column":58}},"13":{"start":{"line":32,"column":4},"end":{"line":32,"column":16}},"14":{"start":{"line":12,"column":13},"end":{"line":12,"column":33}},"15":{"start":{"line":12,"column":13},"end":{"line":34,"column":null}}},"fnMap":{"0":{"name":"(anonymous_4)","decl":{"start":{"line":13,"column":2},"end":{"line":13,"column":null}},"loc":{"start":{"line":15,"column":50},"end":{"line":16,"column":6}}},"1":{"name":"(anonymous_5)","decl":{"start":{"line":18,"column":2},"end":{"line":18,"column":7}},"loc":{"start":{"line":18,"column":45},"end":{"line":33,"column":3}}}},"branchMap":{"0":{"loc":{"start":{"line":22,"column":4},"end":{"line":22,"column":67}},"type":"if","locations":[{"start":{"line":22,"column":4},"end":{"line":22,"column":67}}]},"1":{"loc":{"start":{"line":28,"column":4},"end":{"line":30,"column":5}},"type":"if","locations":[{"start":{"line":28,"column":4},"end":{"line":30,"column":5}}]},"2":{"loc":{"start":{"line":28,"column":8},"end":{"line":28,"column":47}},"type":"binary-expr","locations":[{"start":{"line":28,"column":8},"end":{"line":28,"column":13}},{"start":{"line":28,"column":17},"end":{"line":28,"column":47}}]}},"s":{"0":1,"1":1,"2":1,"3":1,"4":1,"5":0,"6":0,"7":0,"8":0,"9":0,"10":0,"11":0,"12":0,"13":0,"14":1,"15":1},"f":{"0":0,"1":0},"b":{"0":[0],"1":[0],"2":[0,0]}}
,"/home/yomnaghr/Projet_Saas_Pro/Back-End/src/common/middleware/tenant.middleware.ts": {"path":"/home/yomnaghr/Projet_Saas_Pro/Back-End/src/common/middleware/tenant.middleware.ts","statementMap":{"0":{"start":{"line":1,"column":0},"end":{"line":1,"column":60}},"1":{"start":{"line":9,"column":7},"end":{"line":15,"column":null}},"2":{"start":{"line":11,"column":23},"end":{"line":11,"column":50}},"3":{"start":{"line":12,"column":4},"end":{"line":12,"column":48}},"4":{"start":{"line":12,"column":20},"end":{"line":12,"column":48}},"5":{"start":{"line":13,"column":4},"end":{"line":13,"column":11}},"6":{"start":{"line":9,"column":13},"end":{"line":9,"column":29}},"7":{"start":{"line":9,"column":13},"end":{"line":15,"column":null}}},"fnMap":{"0":{"name":"(anonymous_1)","decl":{"start":{"line":10,"column":2},"end":{"line":10,"column":5}},"loc":{"start":{"line":10,"column":60},"end":{"line":14,"column":3}}}},"branchMap":{"0":{"loc":{"start":{"line":12,"column":4},"end":{"line":12,"column":48}},"type":"if","locations":[{"start":{"line":12,"column":4},"end":{"line":12,"column":48}}]}},"s":{"0":0,"1":0,"2":0,"3":0,"4":0,"5":0,"6":0,"7":0},"f":{"0":0},"b":{"0":[0]}}
,"/home/yomnaghr/Projet_Saas_Pro/Back-End/src/common/tenant/tenant.module.ts": {"path":"/home/yomnaghr/Projet_Saas_Pro/Back-End/src/common/tenant/tenant.module.ts","statementMap":{"0":{"start":{"line":1,"column":0},"end":{"line":1,"column":48}},"1":{"start":{"line":2,"column":0},"end":{"line":2,"column":48}},"2":{"start":{"line":3,"column":0},"end":{"line":3,"column":83}},"3":{"start":{"line":4,"column":0},"end":{"line":4,"column":70}},"4":{"start":{"line":5,"column":0},"end":{"line":5,"column":70}},"5":{"start":{"line":13,"column":7},"end":{"line":13,"column":null}},"6":{"start":{"line":13,"column":13},"end":{"line":13,"column":25}},"7":{"start":{"line":13,"column":13},"end":{"line":13,"column":null}}},"fnMap":{},"branchMap":{},"s":{"0":0,"1":0,"2":0,"3":0,"4":0,"5":0,"6":0,"7":0},"f":{},"b":{}}
,"/home/yomnaghr/Projet_Saas_Pro/Back-End/src/config/typeorm.config.ts": {"path":"/home/yomnaghr/Projet_Saas_Pro/Back-End/src/config/typeorm.config.ts","statementMap":{"0":{"start":{"line":2,"column":0},"end":{"line":2,"column":80}},"1":{"start":{"line":3,"column":0},"end":{"line":3,"column":67}},"2":{"start":{"line":4,"column":0},"end":{"line":4,"column":73}},"3":{"start":{"line":5,"column":0},"end":{"line":5,"column":76}},"4":{"start":{"line":6,"column":0},"end":{"line":6,"column":85}},"5":{"start":{"line":7,"column":0},"end":{"line":7,"column":76}},"6":{"start":{"line":8,"column":0},"end":{"line":8,"column":87}},"7":{"start":{"line":9,"column":0},"end":{"line":9,"column":84}},"8":{"start":{"line":11,"column":29},"end":{"line":32,"column":2}},"9":{"start":{"line":11,"column":58},"end":{"line":32,"column":2}},"10":{"start":{"line":11,"column":13},"end":{"line":11,"column":29}}},"fnMap":{"0":{"name":"(anonymous_0)","decl":{"start":{"line":11,"column":29},"end":{"line":11,"column":54}},"loc":{"start":{"line":11,"column":58},"end":{"line":32,"column":2}}}},"branchMap":{"0":{"loc":{"start":{"line":13,"column":8},"end":{"line":13,"column":89}},"type":"cond-expr","locations":[{"start":{"line":13,"column":39},"end":{"line":13,"column":50}},{"start":{"line":13,"column":54},"end":{"line":13,"column":88}}]},"1":{"loc":{"start":{"line":13,"column":54},"end":{"line":13,"column":88}},"type":"binary-expr","locations":[{"start":{"line":13,"column":54},"end":{"line":13,"column":73}},{"start":{"line":13,"column":77},"end":{"line":13,"column":88}}]},"2":{"loc":{"start":{"line":14,"column":15},"end":{"line":14,"column":42}},"type":"binary-expr","locations":[{"start":{"line":14,"column":15},"end":{"line":14,"column":34}},{"start":{"line":14,"column":38},"end":{"line":14,"column":42}}]}},"s":{"0":0,"1":0,"2":0,"3":0,"4":0,"5":0,"6":0,"7":0,"8":0,"9":0,"10":0},"f":{"0":0},"b":{"0":[0,0],"1":[0,0],"2":[0,0]}}
,"/home/yomnaghr/Projet_Saas_Pro/Back-End/src/modules/ai-insights/ai-insights.controller.ts": {"path":"/home/yomnaghr/Projet_Saas_Pro/Back-End/src/modules/ai-insights/ai-insights.controller.ts","statementMap":{"0":{"start":{"line":1,"column":0},"end":{"line":1,"column":null}},"1":{"start":{"line":12,"column":0},"end":{"line":12,"column":58}},"2":{"start":{"line":13,"column":0},"end":{"line":13,"column":65}},"3":{"start":{"line":14,"column":0},"end":{"line":14,"column":65}},"4":{"start":{"line":15,"column":0},"end":{"line":15,"column":54}},"5":{"start":{"line":16,"column":0},"end":{"line":16,"column":80}},"6":{"start":{"line":17,"column":0},"end":{"line":17,"column":75}},"7":{"start":{"line":18,"column":0},"end":{"line":18,"column":71}},"8":{"start":{"line":19,"column":0},"end":{"line":19,"column":69}},"9":{"start":{"line":20,"column":0},"end":{"line":20,"column":87}},"10":{"start":{"line":21,"column":0},"end":{"line":21,"column":94}},"11":{"start":{"line":22,"column":0},"end":{"line":22,"column":74}},"12":{"start":{"line":23,"column":0},"end":{"line":23,"column":72}},"13":{"start":{"line":24,"column":0},"end":{"line":24,"column":76}},"14":{"start":{"line":28,"column":7},"end":{"line":123,"column":null}},"15":{"start":{"line":30,"column":21},"end":{"line":30,"column":24}},"16":{"start":{"line":31,"column":21},"end":{"line":31,"column":39}},"17":{"start":{"line":32,"column":21},"end":{"line":32,"column":38}},"18":{"start":{"line":33,"column":21},"end":{"line":33,"column":47}},"19":{"start":{"line":38,"column":4},"end":{"line":38,"column":77}},"20":{"start":{"line":43,"column":4},"end":{"line":43,"column":70}},"21":{"start":{"line":48,"column":4},"end":{"line":48,"column":69}},"22":{"start":{"line":53,"column":4},"end":{"line":53,"column":65}},"23":{"start":{"line":62,"column":4},"end":{"line":62,"column":83}},"24":{"start":{"line":70,"column":4},"end":{"line":70,"column":78}},"25":{"start":{"line":75,"column":4},"end":{"line":75,"column":65}},"26":{"start":{"line":83,"column":4},"end":{"line":83,"column":97}},"27":{"start":{"line":92,"column":4},"end":{"line":92,"column":90}},"28":{"start":{"line":97,"column":4},"end":{"line":97,"column":42}},"29":{"start":{"line":102,"column":4},"end":{"line":102,"column":38}},"30":{"start":{"line":107,"column":4},"end":{"line":107,"column":42}},"31":{"start":{"line":116,"column":4},"end":{"line":116,"column":46}},"32":{"start":{"line":121,"column":4},"end":{"line":121,"column":41}},"33":{"start":{"line":28,"column":13},"end":{"line":28,"column":33}},"34":{"start":{"line":37,"column":2},"end":{"line":39,"column":null}},"35":{"start":{"line":42,"column":2},"end":{"line":44,"column":null}},"36":{"start":{"line":47,"column":2},"end":{"line":49,"column":null}},"37":{"start":{"line":52,"column":2},"end":{"line":54,"column":null}},"38":{"start":{"line":57,"column":2},"end":{"line":63,"column":null}},"39":{"start":{"line":66,"column":2},"end":{"line":71,"column":null}},"40":{"start":{"line":74,"column":2},"end":{"line":76,"column":null}},"41":{"start":{"line":79,"column":2},"end":{"line":84,"column":null}},"42":{"start":{"line":87,"column":2},"end":{"line":93,"column":null}},"43":{"start":{"line":96,"column":2},"end":{"line":98,"column":null}},"44":{"start":{"line":101,"column":2},"end":{"line":103,"column":null}},"45":{"start":{"line":106,"column":2},"end":{"line":108,"column":null}},"46":{"start":{"line":111,"column":2},"end":{"line":117,"column":null}},"47":{"start":{"line":120,"column":2},"end":{"line":122,"column":null}},"48":{"start":{"line":28,"column":13},"end":{"line":123,"column":null}}},"fnMap":{"0":{"name":"(anonymous_4)","decl":{"start":{"line":29,"column":2},"end":{"line":29,"column":null}},"loc":{"start":{"line":33,"column":78},"end":{"line":34,"column":6}}},"1":{"name":"(anonymous_5)","decl":{"start":{"line":37,"column":2},"end":{"line":37,"column":18}},"loc":{"start":{"line":37,"column":87},"end":{"line":39,"column":3}}},"2":{"name":"(anonymous_6)","decl":{"start":{"line":42,"column":2},"end":{"line":42,"column":19}},"loc":{"start":{"line":42,"column":89},"end":{"line":44,"column":3}}},"3":{"name":"(anonymous_7)","decl":{"start":{"line":47,"column":2},"end":{"line":47,"column":28}},"loc":{"start":{"line":47,"column":97},"end":{"line":49,"column":3}}},"4":{"name":"(anonymous_8)","decl":{"start":{"line":52,"column":2},"end":{"line":52,"column":29}},"loc":{"start":{"line":52,"column":62},"end":{"line":54,"column":3}}},"5":{"name":"(anonymous_9)","decl":{"start":{"line":57,"column":2},"end":{"line":57,"column":30}},"loc":{"start":{"line":60,"column":40},"end":{"line":63,"column":3}}},"6":{"name":"(anonymous_10)","decl":{"start":{"line":66,"column":2},"end":{"line":66,"column":30}},"loc":{"start":{"line":68,"column":43},"end":{"line":71,"column":3}}},"7":{"name":"(anonymous_11)","decl":{"start":{"line":74,"column":2},"end":{"line":74,"column":27}},"loc":{"start":{"line":74,"column":60},"end":{"line":76,"column":3}}},"8":{"name":"(anonymous_12)","decl":{"start":{"line":79,"column":2},"end":{"line":79,"column":29}},"loc":{"start":{"line":81,"column":34},"end":{"line":84,"column":3}}},"9":{"name":"(anonymous_13)","decl":{"start":{"line":87,"column":2},"end":{"line":87,"column":38}},"loc":{"start":{"line":90,"column":49},"end":{"line":93,"column":3}}},"10":{"name":"(anonymous_14)","decl":{"start":{"line":96,"column":2},"end":{"line":96,"column":8}},"loc":{"start":{"line":96,"column":74},"end":{"line":98,"column":3}}},"11":{"name":"(anonymous_15)","decl":{"start":{"line":101,"column":2},"end":{"line":101,"column":9}},"loc":{"start":{"line":101,"column":42},"end":{"line":103,"column":3}}},"12":{"name":"(anonymous_16)","decl":{"start":{"line":106,"column":2},"end":{"line":106,"column":9}},"loc":{"start":{"line":106,"column":67},"end":{"line":108,"column":3}}},"13":{"name":"(anonymous_17)","decl":{"start":{"line":111,"column":2},"end":{"line":111,"column":8}},"loc":{"start":{"line":114,"column":35},"end":{"line":117,"column":3}}},"14":{"name":"(anonymous_18)","decl":{"start":{"line":120,"column":2},"end":{"line":120,"column":8}},"loc":{"start":{"line":120,"column":66},"end":{"line":122,"column":3}}}},"branchMap":{"0":{"loc":{"start":{"line":38,"column":61},"end":{"line":38,"column":74}},"type":"binary-expr","locations":[{"start":{"line":38,"column":61},"end":{"line":38,"column":68}},{"start":{"line":38,"column":72},"end":{"line":38,"column":74}}]},"1":{"loc":{"start":{"line":83,"column":83},"end":{"line":83,"column":94}},"type":"binary-expr","locations":[{"start":{"line":83,"column":83},"end":{"line":83,"column":88}},{"start":{"line":83,"column":92},"end":{"line":83,"column":94}}]}},"s":{"0":0,"1":0,"2":0,"3":0,"4":0,"5":0,"6":0,"7":0,"8":0,"9":0,"10":0,"11":0,"12":0,"13":0,"14":0,"15":0,"16":0,"17":0,"18":0,"19":0,"20":0,"21":0,"22":0,"23":0,"24":0,"25":0,"26":0,"27":0,"28":0,"29":0,"30":0,"31":0,"32":0,"33":0,"34":0,"35":0,"36":0,"37":0,"38":0,"39":0,"40":0,"41":0,"42":0,"43":0,"44":0,"45":0,"46":0,"47":0,"48":0},"f":{"0":0,"1":0,"2":0,"3":0,"4":0,"5":0,"6":0,"7":0,"8":0,"9":0,"10":0,"11":0,"12":0,"13":0,"14":0},"b":{"0":[0,0],"1":[0,0]}}
,"/home/yomnaghr/Projet_Saas_Pro/Back-End/src/modules/ai-insights/ai-insights.module.ts": {"path":"/home/yomnaghr/Projet_Saas_Pro/Back-End/src/modules/ai-insights/ai-insights.module.ts","statementMap":{"0":{"start":{"line":1,"column":0},"end":{"line":1,"column":40}},"1":{"start":{"line":2,"column":0},"end":{"line":2,"column":65}},"2":{"start":{"line":3,"column":0},"end":{"line":3,"column":48}},"3":{"start":{"line":4,"column":0},"end":{"line":4,"column":63}},"4":{"start":{"line":5,"column":0},"end":{"line":5,"column":64}},"5":{"start":{"line":6,"column":0},"end":{"line":6,"column":58}},"6":{"start":{"line":7,"column":0},"end":{"line":7,"column":68}},"7":{"start":{"line":8,"column":0},"end":{"line":8,"column":68}},"8":{"start":{"line":9,"column":0},"end":{"line":9,"column":71}},"9":{"start":{"line":10,"column":0},"end":{"line":10,"column":69}},"10":{"start":{"line":11,"column":0},"end":{"line":11,"column":87}},"11":{"start":{"line":12,"column":0},"end":{"line":12,"column":92}},"12":{"start":{"line":13,"column":0},"end":{"line":13,"column":74}},"13":{"start":{"line":34,"column":7},"end":{"line":34,"column":null}},"14":{"start":{"line":34,"column":13},"end":{"line":34,"column":29}},"15":{"start":{"line":34,"column":13},"end":{"line":34,"column":null}}},"fnMap":{},"branchMap":{},"s":{"0":0,"1":0,"2":0,"3":0,"4":0,"5":0,"6":0,"7":0,"8":0,"9":0,"10":0,"11":0,"12":0,"13":0,"14":0,"15":0},"f":{},"b":{}}
,"/home/yomnaghr/Projet_Saas_Pro/Back-End/src/modules/ai-insights/ai-insights.service.ts": {"path":"/home/yomnaghr/Projet_Saas_Pro/Back-End/src/modules/ai-insights/ai-insights.service.ts","statementMap":{"0":{"start":{"line":1,"column":0},"end":{"line":1,"column":63}},"1":{"start":{"line":2,"column":0},"end":{"line":2,"column":51}},"2":{"start":{"line":3,"column":0},"end":{"line":3,"column":37}},"3":{"start":{"line":4,"column":0},"end":{"line":4,"column":63}},"4":{"start":{"line":7,"column":0},"end":{"line":7,"column":48}},"5":{"start":{"line":10,"column":7},"end":{"line":58,"column":null}},"6":{"start":{"line":11,"column":57},"end":{"line":11,"column":63}},"7":{"start":{"line":14,"column":15},"end":{"line":14,"column":101}},"8":{"start":{"line":14,"column":137},"end":{"line":14,"column":165}},"9":{"start":{"line":15,"column":4},"end":{"line":15,"column":29}},"10":{"start":{"line":19,"column":17},"end":{"line":19,"column":94}},"11":{"start":{"line":20,"column":4},"end":{"line":20,"column":42}},"12":{"start":{"line":20,"column":27},"end":{"line":20,"column":40}},"13":{"start":{"line":24,"column":14},"end":{"line":24,"column":75}},"14":{"start":{"line":25,"column":4},"end":{"line":25,"column":64}},"15":{"start":{"line":25,"column":12},"end":{"line":25,"column":64}},"16":{"start":{"line":26,"column":4},"end":{"line":26,"column":25}},"17":{"start":{"line":30,"column":14},"end":{"line":30,"column":75}},"18":{"start":{"line":31,"column":4},"end":{"line":31,"column":64}},"19":{"start":{"line":31,"column":12},"end":{"line":31,"column":64}},"20":{"start":{"line":32,"column":4},"end":{"line":32,"column":33}},"21":{"start":{"line":33,"column":35},"end":{"line":33,"column":58}},"22":{"start":{"line":34,"column":4},"end":{"line":34,"column":29}},"23":{"start":{"line":38,"column":16},"end":{"line":38,"column":65}},"24":{"start":{"line":39,"column":4},"end":{"line":39,"column":75}},"25":{"start":{"line":39,"column":23},"end":{"line":39,"column":75}},"26":{"start":{"line":40,"column":4},"end":{"line":40,"column":33}},"27":{"start":{"line":44,"column":4},"end":{"line":56,"column":6}},"28":{"start":{"line":10,"column":13},"end":{"line":10,"column":30}},"29":{"start":{"line":10,"column":13},"end":{"line":58,"column":null}}},"fnMap":{"0":{"name":"(anonymous_4)","decl":{"start":{"line":11,"column":2},"end":{"line":11,"column":15}},"loc":{"start":{"line":11,"column":90},"end":{"line":11,"column":94}}},"1":{"name":"(anonymous_5)","decl":{"start":{"line":13,"column":2},"end":{"line":13,"column":7}},"loc":{"start":{"line":13,"column":58},"end":{"line":16,"column":3}}},"2":{"name":"(anonymous_6)","decl":{"start":{"line":18,"column":2},"end":{"line":18,"column":7}},"loc":{"start":{"line":18,"column":34},"end":{"line":21,"column":3}}},"3":{"name":"(anonymous_7)","decl":{"start":{"line":20,"column":20},"end":{"line":20,"column":21}},"loc":{"start":{"line":20,"column":27},"end":{"line":20,"column":40}}},"4":{"name":"(anonymous_8)","decl":{"start":{"line":23,"column":2},"end":{"line":23,"column":7}},"loc":{"start":{"line":23,"column":46},"end":{"line":27,"column":3}}},"5":{"name":"(anonymous_9)","decl":{"start":{"line":29,"column":2},"end":{"line":29,"column":7}},"loc":{"start":{"line":29,"column":70},"end":{"line":35,"column":3}}},"6":{"name":"(anonymous_10)","decl":{"start":{"line":37,"column":2},"end":{"line":37,"column":7}},"loc":{"start":{"line":37,"column":45},"end":{"line":41,"column":3}}},"7":{"name":"(anonymous_11)","decl":{"start":{"line":43,"column":10},"end":{"line":43,"column":15}},"loc":{"start":{"line":43,"column":34},"end":{"line":57,"column":3}}}},"branchMap":{"0":{"loc":{"start":{"line":25,"column":4},"end":{"line":25,"column":64}},"type":"if","locations":[{"start":{"line":25,"column":4},"end":{"line":25,"column":64}}]},"1":{"loc":{"start":{"line":31,"column":4},"end":{"line":31,"column":64}},"type":"if","locations":[{"start":{"line":31,"column":4},"end":{"line":31,"column":64}}]},"2":{"loc":{"start":{"line":39,"column":4},"end":{"line":39,"column":75}},"type":"if","locations":[{"start":{"line":39,"column":4},"end":{"line":39,"column":75}}]}},"s":{"0":0,"1":0,"2":0,"3":0,"4":0,"5":0,"6":0,"7":0,"8":0,"9":0,"10":0,"11":0,"12":0,"13":0,"14":0,"15":0,"16":0,"17":0,"18":0,"19":0,"20":0,"21":0,"22":0,"23":0,"24":0,"25":0,"26":0,"27":0,"28":0,"29":0},"f":{"0":0,"1":0,"2":0,"3":0,"4":0,"5":0,"6":0,"7":0},"b":{"0":[0],"1":[0],"2":[0]}}
,"/home/yomnaghr/Projet_Saas_Pro/Back-End/src/modules/ai-insights/cash-flow-forecast.service.ts": {"path":"/home/yomnaghr/Projet_Saas_Pro/Back-End/src/modules/ai-insights/cash-flow-forecast.service.ts","statementMap":{"0":{"start":{"line":1,"column":0},"end":{"line":1,"column":63}},"1":{"start":{"line":2,"column":0},"end":{"line":2,"column":51}},"2":{"start":{"line":3,"column":0},"end":{"line":3,"column":37}},"3":{"start":{"line":4,"column":0},"end":{"line":4,"column":68}},"4":{"start":{"line":5,"column":0},"end":{"line":5,"column":68}},"5":{"start":{"line":6,"column":0},"end":{"line":6,"column":63}},"6":{"start":{"line":7,"column":0},"end":{"line":7,"column":74}},"7":{"start":{"line":39,"column":7},"end":{"line":694,"column":null}},"8":{"start":{"line":42,"column":21},"end":{"line":42,"column":35}},"9":{"start":{"line":44,"column":21},"end":{"line":44,"column":35}},"10":{"start":{"line":46,"column":21},"end":{"line":46,"column":37}},"11":{"start":{"line":48,"column":21},"end":{"line":48,"column":33}},"12":{"start":{"line":52,"column":20},"end":{"line":52,"column":75}},"13":{"start":{"line":53,"column":20},"end":{"line":53,"column":67}},"14":{"start":{"line":54,"column":26},"end":{"line":54,"column":60}},"15":{"start":{"line":56,"column":4},"end":{"line":85,"column":5}},"16":{"start":{"line":57,"column":6},"end":{"line":84,"column":8}},"17":{"start":{"line":87,"column":21},"end":{"line":87,"column":63}},"18":{"start":{"line":89,"column":31},"end":{"line":89,"column":94}},"19":{"start":{"line":91,"column":29},"end":{"line":91,"column":47}},"20":{"start":{"line":92,"column":29},"end":{"line":94,"column":null}},"21":{"start":{"line":93,"column":18},"end":{"line":93,"column":54}},"22":{"start":{"line":96,"column":30},"end":{"line":98,"column":null}},"23":{"start":{"line":97,"column":18},"end":{"line":97,"column":59}},"24":{"start":{"line":100,"column":28},"end":{"line":102,"column":9}},"25":{"start":{"line":103,"column":29},"end":{"line":105,"column":9}},"26":{"start":{"line":108,"column":4},"end":{"line":108,"column":25}},"27":{"start":{"line":110,"column":27},"end":{"line":110,"column":28}},"28":{"start":{"line":111,"column":19},"end":{"line":132,"column":6}},"29":{"start":{"line":112,"column":18},"end":{"line":112,"column":45}},"30":{"start":{"line":116,"column":29},"end":{"line":116,"column":71}},"31":{"start":{"line":117,"column":28},"end":{"line":117,"column":63}},"32":{"start":{"line":119,"column":6},"end":{"line":122,"column":7}},"33":{"start":{"line":120,"column":8},"end":{"line":120,"column":28}},"34":{"start":{"line":121,"column":8},"end":{"line":121,"column":58}},"35":{"start":{"line":124,"column":6},"end":{"line":124,"column":61}},"36":{"start":{"line":125,"column":6},"end":{"line":131,"column":8}},"37":{"start":{"line":134,"column":27},"end":{"line":134,"column":93}},"38":{"start":{"line":134,"column":65},"end":{"line":134,"column":88}},"39":{"start":{"line":135,"column":28},"end":{"line":135,"column":95}},"40":{"start":{"line":135,"column":66},"end":{"line":135,"column":90}},"41":{"start":{"line":136,"column":24},"end":{"line":136,"column":87}},"42":{"start":{"line":136,"column":62},"end":{"line":136,"column":82}},"43":{"start":{"line":137,"column":25},"end":{"line":137,"column":72}},"44":{"start":{"line":137,"column":46},"end":{"line":137,"column":64}},"45":{"start":{"line":140,"column":6},"end":{"line":140,"column":94}},"46":{"start":{"line":141,"column":23},"end":{"line":142,"column":null}},"47":{"start":{"line":145,"column":4},"end":{"line":145,"column":90}},"48":{"start":{"line":147,"column":4},"end":{"line":178,"column":6}},"49":{"start":{"line":191,"column":20},"end":{"line":191,"column":93}},"50":{"start":{"line":192,"column":21},"end":{"line":192,"column":61}},"51":{"start":{"line":194,"column":38},"end":{"line":194,"column":84}},"52":{"start":{"line":195,"column":31},"end":{"line":195,"column":70}},"53":{"start":{"line":196,"column":32},"end":{"line":196,"column":72}},"54":{"start":{"line":197,"column":31},"end":{"line":197,"column":70}},"55":{"start":{"line":199,"column":29},"end":{"line":199,"column":91}},"56":{"start":{"line":200,"column":30},"end":{"line":200,"column":86}},"57":{"start":{"line":202,"column":27},"end":{"line":202,"column":28}},"58":{"start":{"line":203,"column":19},"end":{"line":219,"column":6}},"59":{"start":{"line":204,"column":30},"end":{"line":204,"column":92}},"60":{"start":{"line":205,"column":31},"end":{"line":205,"column":95}},"61":{"start":{"line":206,"column":27},"end":{"line":206,"column":74}},"62":{"start":{"line":207,"column":6},"end":{"line":207,"column":70}},"63":{"start":{"line":208,"column":6},"end":{"line":218,"column":8}},"64":{"start":{"line":221,"column":32},"end":{"line":222,"column":null}},"65":{"start":{"line":222,"column":41},"end":{"line":222,"column":74}},"66":{"start":{"line":224,"column":33},"end":{"line":224,"column":96}},"67":{"start":{"line":224,"column":71},"end":{"line":224,"column":91}},"68":{"start":{"line":226,"column":26},"end":{"line":226,"column":57}},"69":{"start":{"line":227,"column":26},"end":{"line":229,"column":null}},"70":{"start":{"line":229,"column":27},"end":{"line":229,"column":45}},"71":{"start":{"line":232,"column":4},"end":{"line":265,"column":6}},"72":{"start":{"line":250,"column":62},"end":{"line":250,"column":85}},"73":{"start":{"line":251,"column":63},"end":{"line":251,"column":87}},"74":{"start":{"line":279,"column":16},"end":{"line":279,"column":65}},"75":{"start":{"line":280,"column":19},"end":{"line":294,"column":13}},"76":{"start":{"line":298,"column":19},"end":{"line":298,"column":53}},"77":{"start":{"line":299,"column":4},"end":{"line":299,"column":35}},"78":{"start":{"line":303,"column":17},"end":{"line":306,"column":6}},"79":{"start":{"line":307,"column":4},"end":{"line":307,"column":48}},"80":{"start":{"line":307,"column":27},"end":{"line":307,"column":46}},"81":{"start":{"line":322,"column":21},"end":{"line":324,"column":6}},"82":{"start":{"line":325,"column":4},"end":{"line":327,"column":5}},"83":{"start":{"line":326,"column":6},"end":{"line":326,"column":56}},"84":{"start":{"line":329,"column":16},"end":{"line":329,"column":65}},"85":{"start":{"line":330,"column":4},"end":{"line":330,"column":69}},"86":{"start":{"line":331,"column":4},"end":{"line":331,"column":35}},"87":{"start":{"line":332,"column":4},"end":{"line":332,"column":80}},"88":{"start":{"line":333,"column":4},"end":{"line":333,"column":66}},"89":{"start":{"line":334,"column":4},"end":{"line":334,"column":68}},"90":{"start":{"line":335,"column":4},"end":{"line":335,"column":66}},"91":{"start":{"line":336,"column":4},"end":{"line":336,"column":60}},"92":{"start":{"line":337,"column":4},"end":{"line":337,"column":62}},"93":{"start":{"line":338,"column":4},"end":{"line":338,"column":60}},"94":{"start":{"line":339,"column":4},"end":{"line":339,"column":56}},"95":{"start":{"line":341,"column":4},"end":{"line":341,"column":75}},"96":{"start":{"line":342,"column":4},"end":{"line":342,"column":77}},"97":{"start":{"line":344,"column":18},"end":{"line":344,"column":54}},"98":{"start":{"line":345,"column":4},"end":{"line":345,"column":35}},"99":{"start":{"line":349,"column":21},"end":{"line":351,"column":6}},"100":{"start":{"line":352,"column":4},"end":{"line":354,"column":5}},"101":{"start":{"line":353,"column":6},"end":{"line":353,"column":56}},"102":{"start":{"line":355,"column":4},"end":{"line":355,"column":43}},"103":{"start":{"line":356,"column":4},"end":{"line":356,"column":45}},"104":{"start":{"line":360,"column":22},"end":{"line":360,"column":23}},"105":{"start":{"line":361,"column":23},"end":{"line":361,"column":24}},"106":{"start":{"line":362,"column":28},"end":{"line":362,"column":29}},"107":{"start":{"line":363,"column":32},"end":{"line":363,"column":33}},"108":{"start":{"line":365,"column":4},"end":{"line":372,"column":5}},"109":{"start":{"line":367,"column":8},"end":{"line":367,"column":86}},"110":{"start":{"line":368,"column":6},"end":{"line":368,"column":33}},"111":{"start":{"line":369,"column":6},"end":{"line":369,"column":59}},"112":{"start":{"line":370,"column":6},"end":{"line":370,"column":67}},"113":{"start":{"line":371,"column":6},"end":{"line":371,"column":43}},"114":{"start":{"line":371,"column":26},"end":{"line":371,"column":43}},"115":{"start":{"line":374,"column":4},"end":{"line":379,"column":6}},"116":{"start":{"line":383,"column":4},"end":{"line":388,"column":6}},"117":{"start":{"line":392,"column":33},"end":{"line":395,"column":6}},"118":{"start":{"line":397,"column":24},"end":{"line":397,"column":49}},"119":{"start":{"line":398,"column":25},"end":{"line":398,"column":50}},"120":{"start":{"line":399,"column":27},"end":{"line":399,"column":52}},"121":{"start":{"line":400,"column":30},"end":{"line":400,"column":55}},"122":{"start":{"line":401,"column":36},"end":{"line":401,"column":40}},"123":{"start":{"line":403,"column":4},"end":{"line":412,"column":5}},"124":{"start":{"line":404,"column":6},"end":{"line":404,"column":46}},"125":{"start":{"line":404,"column":37},"end":{"line":404,"column":46}},"126":{"start":{"line":405,"column":25},"end":{"line":405,"column":77}},"127":{"start":{"line":406,"column":19},"end":{"line":406,"column":65}},"128":{"start":{"line":407,"column":6},"end":{"line":407,"column":26}},"129":{"start":{"line":407,"column":17},"end":{"line":407,"column":26}},"130":{"start":{"line":408,"column":21},"end":{"line":408,"column":75}},"131":{"start":{"line":409,"column":6},"end":{"line":409,"column":80}},"132":{"start":{"line":410,"column":6},"end":{"line":410,"column":68}},"133":{"start":{"line":411,"column":6},"end":{"line":411,"column":82}},"134":{"start":{"line":411,"column":55},"end":{"line":411,"column":82}},"135":{"start":{"line":414,"column":4},"end":{"line":423,"column":5}},"136":{"start":{"line":415,"column":6},"end":{"line":415,"column":50}},"137":{"start":{"line":415,"column":41},"end":{"line":415,"column":50}},"138":{"start":{"line":416,"column":25},"end":{"line":416,"column":53}},"139":{"start":{"line":417,"column":19},"end":{"line":417,"column":65}},"140":{"start":{"line":418,"column":6},"end":{"line":418,"column":26}},"141":{"start":{"line":418,"column":17},"end":{"line":418,"column":26}},"142":{"start":{"line":419,"column":21},"end":{"line":419,"column":48}},"143":{"start":{"line":420,"column":6},"end":{"line":420,"column":82}},"144":{"start":{"line":421,"column":6},"end":{"line":421,"column":74}},"145":{"start":{"line":422,"column":6},"end":{"line":422,"column":82}},"146":{"start":{"line":422,"column":55},"end":{"line":422,"column":82}},"147":{"start":{"line":425,"column":18},"end":{"line":425,"column":45}},"148":{"start":{"line":426,"column":14},"end":{"line":426,"column":29}},"149":{"start":{"line":429,"column":24},"end":{"line":429,"column":39}},"150":{"start":{"line":430,"column":4},"end":{"line":430,"column":68}},"151":{"start":{"line":431,"column":20},"end":{"line":431,"column":84}},"152":{"start":{"line":432,"column":30},"end":{"line":435,"column":6}},"153":{"start":{"line":433,"column":16},"end":{"line":433,"column":33}},"154":{"start":{"line":434,"column":6},"end":{"line":434,"column":56}},"155":{"start":{"line":437,"column":4},"end":{"line":439,"column":5}},"156":{"start":{"line":438,"column":6},"end":{"line":438,"column":42}},"157":{"start":{"line":441,"column":18},"end":{"line":441,"column":31}},"158":{"start":{"line":442,"column":4},"end":{"line":442,"column":56}},"159":{"start":{"line":444,"column":31},"end":{"line":444,"column":33}},"160":{"start":{"line":445,"column":35},"end":{"line":445,"column":37}},"161":{"start":{"line":446,"column":36},"end":{"line":446,"column":38}},"162":{"start":{"line":447,"column":4},"end":{"line":485,"column":5}},"163":{"start":{"line":447,"column":17},"end":{"line":447,"column":18}},"164":{"start":{"line":448,"column":16},"end":{"line":448,"column":31}},"165":{"start":{"line":449,"column":6},"end":{"line":449,"column":37}},"166":{"start":{"line":450,"column":18},"end":{"line":450,"column":35}},"167":{"start":{"line":452,"column":21},"end":{"line":452,"column":59}},"168":{"start":{"line":453,"column":22},"end":{"line":453,"column":61}},"169":{"start":{"line":454,"column":31},"end":{"line":454,"column":59}},"170":{"start":{"line":455,"column":35},"end":{"line":455,"column":66}},"171":{"start":{"line":457,"column":6},"end":{"line":457,"column":32}},"172":{"start":{"line":458,"column":6},"end":{"line":458,"column":34}},"173":{"start":{"line":459,"column":6},"end":{"line":459,"column":57}},"174":{"start":{"line":459,"column":36},"end":{"line":459,"column":57}},"175":{"start":{"line":460,"column":6},"end":{"line":460,"column":59}},"176":{"start":{"line":460,"column":37},"end":{"line":460,"column":59}},"177":{"start":{"line":463,"column":8},"end":{"line":465,"column":47}},"178":{"start":{"line":467,"column":8},"end":{"line":469,"column":48}},"179":{"start":{"line":471,"column":6},"end":{"line":484,"column":9}},"180":{"start":{"line":487,"column":4},"end":{"line":487,"column":18}},"181":{"start":{"line":491,"column":19},"end":{"line":491,"column":52}},"182":{"start":{"line":491,"column":38},"end":{"line":491,"column":51}},"183":{"start":{"line":492,"column":36},"end":{"line":492,"column":38}},"184":{"start":{"line":494,"column":22},"end":{"line":494,"column":49}},"185":{"start":{"line":495,"column":25},"end":{"line":495,"column":27}},"186":{"start":{"line":497,"column":4},"end":{"line":512,"column":5}},"187":{"start":{"line":497,"column":17},"end":{"line":497,"column":18}},"188":{"start":{"line":498,"column":27},"end":{"line":498,"column":82}},"189":{"start":{"line":499,"column":19},"end":{"line":501,"column":11}},"190":{"start":{"line":500,"column":42},"end":{"line":500,"column":49}},"191":{"start":{"line":503,"column":22},"end":{"line":503,"column":75}},"192":{"start":{"line":504,"column":25},"end":{"line":504,"column":64}},"193":{"start":{"line":506,"column":16},"end":{"line":506,"column":35}},"194":{"start":{"line":507,"column":6},"end":{"line":507,"column":45}},"195":{"start":{"line":508,"column":19},"end":{"line":508,"column":36}},"196":{"start":{"line":510,"column":6},"end":{"line":510,"column":53}},"197":{"start":{"line":511,"column":6},"end":{"line":511,"column":30}},"198":{"start":{"line":514,"column":4},"end":{"line":514,"column":17}},"199":{"start":{"line":518,"column":16},"end":{"line":518,"column":42}},"200":{"start":{"line":519,"column":4},"end":{"line":521,"column":5}},"201":{"start":{"line":520,"column":6},"end":{"line":520,"column":66}},"202":{"start":{"line":523,"column":4},"end":{"line":563,"column":5}},"203":{"start":{"line":524,"column":23},"end":{"line":528,"column":8}},"204":{"start":{"line":530,"column":6},"end":{"line":537,"column":7}},"205":{"start":{"line":531,"column":8},"end":{"line":536,"column":10}},"206":{"start":{"line":538,"column":23},"end":{"line":538,"column":44}},"207":{"start":{"line":539,"column":6},"end":{"line":546,"column":7}},"208":{"start":{"line":540,"column":8},"end":{"line":545,"column":10}},"209":{"start":{"line":548,"column":6},"end":{"line":555,"column":8}},"210":{"start":{"line":549,"column":53},"end":{"line":552,"column":10}},"211":{"start":{"line":557,"column":6},"end":{"line":562,"column":8}},"212":{"start":{"line":573,"column":18},"end":{"line":573,"column":56}},"213":{"start":{"line":574,"column":22},"end":{"line":574,"column":64}},"214":{"start":{"line":575,"column":24},"end":{"line":575,"column":136}},"215":{"start":{"line":577,"column":19},"end":{"line":590,"column":13}},"216":{"start":{"line":592,"column":4},"end":{"line":592,"column":43}},"217":{"start":{"line":596,"column":4},"end":{"line":596,"column":47}},"218":{"start":{"line":600,"column":15},"end":{"line":600,"column":36}},"219":{"start":{"line":601,"column":4},"end":{"line":601,"column":42}},"220":{"start":{"line":605,"column":4},"end":{"line":605,"column":28}},"221":{"start":{"line":605,"column":16},"end":{"line":605,"column":28}},"222":{"start":{"line":607,"column":16},"end":{"line":607,"column":36}},"223":{"start":{"line":608,"column":4},"end":{"line":608,"column":26}},"224":{"start":{"line":608,"column":14},"end":{"line":608,"column":26}},"225":{"start":{"line":611,"column":19},"end":{"line":611,"column":32}},"226":{"start":{"line":612,"column":4},"end":{"line":612,"column":72}},"227":{"start":{"line":612,"column":41},"end":{"line":612,"column":72}},"228":{"start":{"line":615,"column":14},"end":{"line":615,"column":60}},"229":{"start":{"line":616,"column":4},"end":{"line":622,"column":5}},"230":{"start":{"line":617,"column":18},"end":{"line":617,"column":30}},"231":{"start":{"line":618,"column":20},"end":{"line":618,"column":32}},"232":{"start":{"line":619,"column":19},"end":{"line":619,"column":31}},"233":{"start":{"line":620,"column":17},"end":{"line":620,"column":47}},"234":{"start":{"line":621,"column":6},"end":{"line":621,"column":66}},"235":{"start":{"line":621,"column":39},"end":{"line":621,"column":66}},"236":{"start":{"line":624,"column":4},"end":{"line":624,"column":16}},"237":{"start":{"line":628,"column":14},"end":{"line":628,"column":25}},"238":{"start":{"line":629,"column":4},"end":{"line":629,"column":27}},"239":{"start":{"line":630,"column":4},"end":{"line":630,"column":13}},"240":{"start":{"line":634,"column":4},"end":{"line":634,"column":40}},"241":{"start":{"line":638,"column":4},"end":{"line":638,"column":56}},"242":{"start":{"line":642,"column":4},"end":{"line":642,"column":30}},"243":{"start":{"line":642,"column":21},"end":{"line":642,"column":30}},"244":{"start":{"line":643,"column":4},"end":{"line":643,"column":55}},"245":{"start":{"line":643,"column":32},"end":{"line":643,"column":37}},"246":{"start":{"line":647,"column":17},"end":{"line":647,"column":28}},"247":{"start":{"line":648,"column":4},"end":{"line":648,"column":34}},"248":{"start":{"line":649,"column":4},"end":{"line":649,"column":44}},"249":{"start":{"line":653,"column":4},"end":{"line":653,"column":74}},"250":{"start":{"line":657,"column":14},"end":{"line":657,"column":56}},"251":{"start":{"line":658,"column":4},"end":{"line":658,"column":54}},"252":{"start":{"line":662,"column":4},"end":{"line":662,"column":52}},"253":{"start":{"line":662,"column":38},"end":{"line":662,"column":52}},"254":{"start":{"line":663,"column":4},"end":{"line":663,"column":55}},"255":{"start":{"line":663,"column":39},"end":{"line":663,"column":55}},"256":{"start":{"line":664,"column":4},"end":{"line":664,"column":17}},"257":{"start":{"line":668,"column":4},"end":{"line":692,"column":6}},"258":{"start":{"line":39,"column":13},"end":{"line":39,"column":36}},"259":{"start":{"line":39,"column":13},"end":{"line":694,"column":null}}},"fnMap":{"0":{"name":"(anonymous_4)","decl":{"start":{"line":40,"column":2},"end":{"line":40,"column":null}},"loc":{"start":{"line":48,"column":65},"end":{"line":49,"column":6}}},"1":{"name":"(anonymous_5)","decl":{"start":{"line":51,"column":2},"end":{"line":51,"column":7}},"loc":{"start":{"line":51,"column":57},"end":{"line":179,"column":3}}},"2":{"name":"(anonymous_6)","decl":{"start":{"line":93,"column":6},"end":{"line":93,"column":7}},"loc":{"start":{"line":93,"column":18},"end":{"line":93,"column":54}}},"3":{"name":"(anonymous_7)","decl":{"start":{"line":97,"column":6},"end":{"line":97,"column":7}},"loc":{"start":{"line":97,"column":18},"end":{"line":97,"column":59}}},"4":{"name":"(anonymous_8)","decl":{"start":{"line":111,"column":42},"end":{"line":111,"column":43}},"loc":{"start":{"line":111,"column":48},"end":{"line":132,"column":5}}},"5":{"name":"(anonymous_9)","decl":{"start":{"line":134,"column":53},"end":{"line":134,"column":54}},"loc":{"start":{"line":134,"column":65},"end":{"line":134,"column":88}}},"6":{"name":"(anonymous_10)","decl":{"start":{"line":135,"column":54},"end":{"line":135,"column":55}},"loc":{"start":{"line":135,"column":66},"end":{"line":135,"column":90}}},"7":{"name":"(anonymous_11)","decl":{"start":{"line":136,"column":50},"end":{"line":136,"column":51}},"loc":{"start":{"line":136,"column":62},"end":{"line":136,"column":82}}},"8":{"name":"(anonymous_12)","decl":{"start":{"line":137,"column":39},"end":{"line":137,"column":40}},"loc":{"start":{"line":137,"column":46},"end":{"line":137,"column":64}}},"9":{"name":"(anonymous_13)","decl":{"start":{"line":181,"column":2},"end":{"line":181,"column":7}},"loc":{"start":{"line":189,"column":5},"end":{"line":266,"column":3}}},"10":{"name":"(anonymous_14)","decl":{"start":{"line":203,"column":39},"end":{"line":203,"column":40}},"loc":{"start":{"line":203,"column":45},"end":{"line":219,"column":5}}},"11":{"name":"(anonymous_15)","decl":{"start":{"line":222,"column":29},"end":{"line":222,"column":30}},"loc":{"start":{"line":222,"column":41},"end":{"line":222,"column":74}}},"12":{"name":"(anonymous_16)","decl":{"start":{"line":224,"column":59},"end":{"line":224,"column":60}},"loc":{"start":{"line":224,"column":71},"end":{"line":224,"column":91}}},"13":{"name":"(anonymous_17)","decl":{"start":{"line":229,"column":20},"end":{"line":229,"column":21}},"loc":{"start":{"line":229,"column":27},"end":{"line":229,"column":45}}},"14":{"name":"(anonymous_18)","decl":{"start":{"line":250,"column":50},"end":{"line":250,"column":51}},"loc":{"start":{"line":250,"column":62},"end":{"line":250,"column":85}}},"15":{"name":"(anonymous_19)","decl":{"start":{"line":251,"column":51},"end":{"line":251,"column":52}},"loc":{"start":{"line":251,"column":63},"end":{"line":251,"column":87}}},"16":{"name":"(anonymous_20)","decl":{"start":{"line":268,"column":2},"end":{"line":268,"column":7}},"loc":{"start":{"line":277,"column":5},"end":{"line":300,"column":3}}},"17":{"name":"(anonymous_21)","decl":{"start":{"line":302,"column":2},"end":{"line":302,"column":7}},"loc":{"start":{"line":302,"column":46},"end":{"line":308,"column":3}}},"18":{"name":"(anonymous_22)","decl":{"start":{"line":307,"column":20},"end":{"line":307,"column":21}},"loc":{"start":{"line":307,"column":27},"end":{"line":307,"column":46}}},"19":{"name":"(anonymous_23)","decl":{"start":{"line":310,"column":2},"end":{"line":310,"column":7}},"loc":{"start":{"line":320,"column":5},"end":{"line":346,"column":3}}},"20":{"name":"(anonymous_24)","decl":{"start":{"line":348,"column":2},"end":{"line":348,"column":7}},"loc":{"start":{"line":348,"column":67},"end":{"line":357,"column":3}}},"21":{"name":"(anonymous_25)","decl":{"start":{"line":359,"column":10},"end":{"line":359,"column":30}},"loc":{"start":{"line":359,"column":50},"end":{"line":380,"column":3}}},"22":{"name":"(anonymous_26)","decl":{"start":{"line":382,"column":10},"end":{"line":382,"column":31}},"loc":{"start":{"line":382,"column":53},"end":{"line":389,"column":3}}},"23":{"name":"(anonymous_27)","decl":{"start":{"line":391,"column":10},"end":{"line":391,"column":15}},"loc":{"start":{"line":391,"column":76},"end":{"line":488,"column":3}}},"24":{"name":"(anonymous_28)","decl":{"start":{"line":432,"column":55},"end":{"line":432,"column":56}},"loc":{"start":{"line":432,"column":61},"end":{"line":435,"column":5}}},"25":{"name":"(anonymous_29)","decl":{"start":{"line":490,"column":10},"end":{"line":490,"column":26}},"loc":{"start":{"line":490,"column":63},"end":{"line":515,"column":3}}},"26":{"name":"(anonymous_30)","decl":{"start":{"line":491,"column":31},"end":{"line":491,"column":32}},"loc":{"start":{"line":491,"column":38},"end":{"line":491,"column":51}}},"27":{"name":"(anonymous_31)","decl":{"start":{"line":500,"column":30},"end":{"line":500,"column":31}},"loc":{"start":{"line":500,"column":42},"end":{"line":500,"column":49}}},"28":{"name":"(anonymous_32)","decl":{"start":{"line":517,"column":10},"end":{"line":517,"column":15}},"loc":{"start":{"line":517,"column":66},"end":{"line":564,"column":3}}},"29":{"name":"(anonymous_33)","decl":{"start":{"line":549,"column":45},"end":{"line":549,"column":46}},"loc":{"start":{"line":549,"column":53},"end":{"line":552,"column":10}}},"30":{"name":"(anonymous_34)","decl":{"start":{"line":566,"column":10},"end":{"line":566,"column":15}},"loc":{"start":{"line":571,"column":22},"end":{"line":593,"column":3}}},"31":{"name":"(anonymous_35)","decl":{"start":{"line":595,"column":10},"end":{"line":595,"column":22}},"loc":{"start":{"line":595,"column":22},"end":{"line":597,"column":3}}},"32":{"name":"(anonymous_36)","decl":{"start":{"line":599,"column":10},"end":{"line":599,"column":23}},"loc":{"start":{"line":599,"column":45},"end":{"line":602,"column":3}}},"33":{"name":"(anonymous_37)","decl":{"start":{"line":604,"column":10},"end":{"line":604,"column":19}},"loc":{"start":{"line":604,"column":41},"end":{"line":625,"column":3}}},"34":{"name":"(anonymous_38)","decl":{"start":{"line":627,"column":10},"end":{"line":627,"column":20}},"loc":{"start":{"line":627,"column":28},"end":{"line":631,"column":3}}},"35":{"name":"(anonymous_39)","decl":{"start":{"line":633,"column":10},"end":{"line":633,"column":19}},"loc":{"start":{"line":633,"column":27},"end":{"line":635,"column":3}}},"36":{"name":"(anonymous_40)","decl":{"start":{"line":637,"column":10},"end":{"line":637,"column":16}},"loc":{"start":{"line":637,"column":26},"end":{"line":639,"column":3}}},"37":{"name":"(anonymous_41)","decl":{"start":{"line":641,"column":10},"end":{"line":641,"column":13}},"loc":{"start":{"line":641,"column":27},"end":{"line":644,"column":3}}},"38":{"name":"(anonymous_42)","decl":{"start":{"line":643,"column":22},"end":{"line":643,"column":23}},"loc":{"start":{"line":643,"column":32},"end":{"line":643,"column":37}}},"39":{"name":"(anonymous_43)","decl":{"start":{"line":646,"column":10},"end":{"line":646,"column":20}},"loc":{"start":{"line":646,"column":28},"end":{"line":650,"column":3}}},"40":{"name":"(anonymous_44)","decl":{"start":{"line":652,"column":10},"end":{"line":652,"column":22}},"loc":{"start":{"line":652,"column":30},"end":{"line":654,"column":3}}},"41":{"name":"(anonymous_45)","decl":{"start":{"line":656,"column":10},"end":{"line":656,"column":18}},"loc":{"start":{"line":656,"column":29},"end":{"line":659,"column":3}}},"42":{"name":"(anonymous_46)","decl":{"start":{"line":661,"column":10},"end":{"line":661,"column":22}},"loc":{"start":{"line":661,"column":60},"end":{"line":665,"column":3}}},"43":{"name":"(anonymous_47)","decl":{"start":{"line":667,"column":10},"end":{"line":667,"column":21}},"loc":{"start":{"line":667,"column":45},"end":{"line":693,"column":3}}}},"branchMap":{"0":{"loc":{"start":{"line":52,"column":20},"end":{"line":52,"column":75}},"type":"cond-expr","locations":[{"start":{"line":52,"column":58},"end":{"line":52,"column":70}},{"start":{"line":52,"column":73},"end":{"line":52,"column":75}}]},"1":{"loc":{"start":{"line":56,"column":4},"end":{"line":85,"column":5}},"type":"if","locations":[{"start":{"line":56,"column":4},"end":{"line":85,"column":5}}]},"2":{"loc":{"start":{"line":76,"column":24},"end":{"line":76,"column":48}},"type":"binary-expr","locations":[{"start":{"line":76,"column":24},"end":{"line":76,"column":40}},{"start":{"line":76,"column":44},"end":{"line":76,"column":48}}]},"3":{"loc":{"start":{"line":77,"column":22},"end":{"line":77,"column":63}},"type":"binary-expr","locations":[{"start":{"line":77,"column":22},"end":{"line":77,"column":55}},{"start":{"line":77,"column":59},"end":{"line":77,"column":63}}]},"4":{"loc":{"start":{"line":89,"column":31},"end":{"line":89,"column":94}},"type":"binary-expr","locations":[{"start":{"line":89,"column":31},"end":{"line":89,"column":51}},{"start":{"line":89,"column":55},"end":{"line":89,"column":94}}]},"5":{"loc":{"start":{"line":93,"column":36},"end":{"line":93,"column":53}},"type":"binary-expr","locations":[{"start":{"line":93,"column":36},"end":{"line":93,"column":48}},{"start":{"line":93,"column":52},"end":{"line":93,"column":53}}]},"6":{"loc":{"start":{"line":97,"column":36},"end":{"line":97,"column":58}},"type":"binary-expr","locations":[{"start":{"line":97,"column":36},"end":{"line":97,"column":53}},{"start":{"line":97,"column":57},"end":{"line":97,"column":58}}]},"7":{"loc":{"start":{"line":100,"column":28},"end":{"line":102,"column":9}},"type":"cond-expr","locations":[{"start":{"line":101,"column":8},"end":{"line":101,"column":50}},{"start":{"line":102,"column":8},"end":{"line":102,"column":9}}]},"8":{"loc":{"start":{"line":103,"column":29},"end":{"line":105,"column":9}},"type":"cond-expr","locations":[{"start":{"line":104,"column":8},"end":{"line":104,"column":51}},{"start":{"line":105,"column":8},"end":{"line":105,"column":9}}]},"9":{"loc":{"start":{"line":119,"column":6},"end":{"line":122,"column":7}},"type":"if","locations":[{"start":{"line":119,"column":6},"end":{"line":122,"column":7}}]},"10":{"loc":{"start":{"line":140,"column":6},"end":{"line":140,"column":94}},"type":"cond-expr","locations":[{"start":{"line":140,"column":37},"end":{"line":140,"column":43}},{"start":{"line":140,"column":46},"end":{"line":140,"column":94}}]},"11":{"loc":{"start":{"line":140,"column":46},"end":{"line":140,"column":94}},"type":"cond-expr","locations":[{"start":{"line":140,"column":78},"end":{"line":140,"column":86}},{"start":{"line":140,"column":89},"end":{"line":140,"column":94}}]},"12":{"loc":{"start":{"line":142,"column":59},"end":{"line":142,"column":89}},"type":"cond-expr","locations":[{"start":{"line":142,"column":81},"end":{"line":142,"column":85}},{"start":{"line":142,"column":88},"end":{"line":142,"column":89}}]},"13":{"loc":{"start":{"line":150,"column":19},"end":{"line":154,"column":27}},"type":"cond-expr","locations":[{"start":{"line":151,"column":10},"end":{"line":151,"column":24}},{"start":{"line":152,"column":10},"end":{"line":154,"column":27}}]},"14":{"loc":{"start":{"line":152,"column":10},"end":{"line":154,"column":27}},"type":"cond-expr","locations":[{"start":{"line":153,"column":12},"end":{"line":153,"column":31}},{"start":{"line":154,"column":12},"end":{"line":154,"column":27}}]},"15":{"loc":{"start":{"line":167,"column":17},"end":{"line":167,"column":39}},"type":"binary-expr","locations":[{"start":{"line":167,"column":17},"end":{"line":167,"column":31}},{"start":{"line":167,"column":35},"end":{"line":167,"column":39}}]},"16":{"loc":{"start":{"line":170,"column":22},"end":{"line":170,"column":46}},"type":"binary-expr","locations":[{"start":{"line":170,"column":22},"end":{"line":170,"column":38}},{"start":{"line":170,"column":42},"end":{"line":170,"column":46}}]},"17":{"loc":{"start":{"line":171,"column":20},"end":{"line":171,"column":61}},"type":"binary-expr","locations":[{"start":{"line":171,"column":20},"end":{"line":171,"column":53}},{"start":{"line":171,"column":57},"end":{"line":171,"column":61}}]},"18":{"loc":{"start":{"line":191,"column":20},"end":{"line":191,"column":93}},"type":"cond-expr","locations":[{"start":{"line":191,"column":67},"end":{"line":191,"column":88}},{"start":{"line":191,"column":91},"end":{"line":191,"column":93}}]},"19":{"loc":{"start":{"line":222,"column":54},"end":{"line":222,"column":73}},"type":"binary-expr","locations":[{"start":{"line":222,"column":54},"end":{"line":222,"column":68}},{"start":{"line":222,"column":72},"end":{"line":222,"column":73}}]},"20":{"loc":{"start":{"line":226,"column":26},"end":{"line":226,"column":57}},"type":"binary-expr","locations":[{"start":{"line":226,"column":26},"end":{"line":226,"column":48}},{"start":{"line":226,"column":52},"end":{"line":226,"column":57}}]},"21":{"loc":{"start":{"line":243,"column":24},"end":{"line":243,"column":61}},"type":"binary-expr","locations":[{"start":{"line":243,"column":24},"end":{"line":243,"column":56}},{"start":{"line":243,"column":60},"end":{"line":243,"column":61}}]},"22":{"loc":{"start":{"line":244,"column":25},"end":{"line":244,"column":63}},"type":"binary-expr","locations":[{"start":{"line":244,"column":25},"end":{"line":244,"column":58}},{"start":{"line":244,"column":62},"end":{"line":244,"column":63}}]},"23":{"loc":{"start":{"line":247,"column":20},"end":{"line":247,"column":53}},"type":"binary-expr","locations":[{"start":{"line":247,"column":20},"end":{"line":247,"column":48}},{"start":{"line":247,"column":52},"end":{"line":247,"column":53}}]},"24":{"loc":{"start":{"line":258,"column":10},"end":{"line":261,"column":null}},"type":"cond-expr","locations":[{"start":{"line":259,"column":14},"end":{"line":259,"column":15}},{"start":{"line":260,"column":14},"end":{"line":261,"column":null}}]},"25":{"loc":{"start":{"line":282,"column":19},"end":{"line":282,"column":35}},"type":"binary-expr","locations":[{"start":{"line":282,"column":19},"end":{"line":282,"column":29}},{"start":{"line":282,"column":33},"end":{"line":282,"column":35}}]},"26":{"loc":{"start":{"line":325,"column":4},"end":{"line":327,"column":5}},"type":"if","locations":[{"start":{"line":325,"column":4},"end":{"line":327,"column":5}}]},"27":{"loc":{"start":{"line":330,"column":27},"end":{"line":330,"column":60}},"type":"binary-expr","locations":[{"start":{"line":330,"column":27},"end":{"line":330,"column":37}},{"start":{"line":330,"column":41},"end":{"line":330,"column":54}},{"start":{"line":330,"column":58},"end":{"line":330,"column":60}}]},"28":{"loc":{"start":{"line":352,"column":4},"end":{"line":354,"column":5}},"type":"if","locations":[{"start":{"line":352,"column":4},"end":{"line":354,"column":5}}]},"29":{"loc":{"start":{"line":367,"column":24},"end":{"line":367,"column":41}},"type":"binary-expr","locations":[{"start":{"line":367,"column":24},"end":{"line":367,"column":36}},{"start":{"line":367,"column":40},"end":{"line":367,"column":41}}]},"30":{"loc":{"start":{"line":367,"column":62},"end":{"line":367,"column":84}},"type":"binary-expr","locations":[{"start":{"line":367,"column":62},"end":{"line":367,"column":79}},{"start":{"line":367,"column":83},"end":{"line":367,"column":84}}]},"31":{"loc":{"start":{"line":369,"column":34},"end":{"line":369,"column":57}},"type":"binary-expr","locations":[{"start":{"line":369,"column":34},"end":{"line":369,"column":52}},{"start":{"line":369,"column":56},"end":{"line":369,"column":57}}]},"32":{"loc":{"start":{"line":370,"column":38},"end":{"line":370,"column":65}},"type":"binary-expr","locations":[{"start":{"line":370,"column":38},"end":{"line":370,"column":60}},{"start":{"line":370,"column":64},"end":{"line":370,"column":65}}]},"33":{"loc":{"start":{"line":371,"column":6},"end":{"line":371,"column":43}},"type":"if","locations":[{"start":{"line":371,"column":6},"end":{"line":371,"column":43}}]},"34":{"loc":{"start":{"line":384,"column":6},"end":{"line":387,"column":40}},"type":"binary-expr","locations":[{"start":{"line":384,"column":6},"end":{"line":384,"column":30}},{"start":{"line":385,"column":6},"end":{"line":385,"column":31}},{"start":{"line":386,"column":6},"end":{"line":386,"column":36}},{"start":{"line":387,"column":6},"end":{"line":387,"column":40}}]},"35":{"loc":{"start":{"line":404,"column":6},"end":{"line":404,"column":46}},"type":"if","locations":[{"start":{"line":404,"column":6},"end":{"line":404,"column":46}}]},"36":{"loc":{"start":{"line":405,"column":40},"end":{"line":405,"column":76}},"type":"binary-expr","locations":[{"start":{"line":405,"column":40},"end":{"line":405,"column":55}},{"start":{"line":405,"column":59},"end":{"line":405,"column":76}}]},"37":{"loc":{"start":{"line":406,"column":19},"end":{"line":406,"column":65}},"type":"cond-expr","locations":[{"start":{"line":406,"column":32},"end":{"line":406,"column":58}},{"start":{"line":406,"column":61},"end":{"line":406,"column":65}}]},"38":{"loc":{"start":{"line":407,"column":6},"end":{"line":407,"column":26}},"type":"if","locations":[{"start":{"line":407,"column":6},"end":{"line":407,"column":26}}]},"39":{"loc":{"start":{"line":408,"column":28},"end":{"line":408,"column":74}},"type":"binary-expr","locations":[{"start":{"line":408,"column":28},"end":{"line":408,"column":46}},{"start":{"line":408,"column":50},"end":{"line":408,"column":69}},{"start":{"line":408,"column":73},"end":{"line":408,"column":74}}]},"40":{"loc":{"start":{"line":409,"column":41},"end":{"line":409,"column":67}},"type":"binary-expr","locations":[{"start":{"line":409,"column":41},"end":{"line":409,"column":62}},{"start":{"line":409,"column":66},"end":{"line":409,"column":67}}]},"41":{"loc":{"start":{"line":410,"column":32},"end":{"line":410,"column":61}},"type":"binary-expr","locations":[{"start":{"line":410,"column":32},"end":{"line":410,"column":56}},{"start":{"line":410,"column":60},"end":{"line":410,"column":61}}]},"42":{"loc":{"start":{"line":411,"column":6},"end":{"line":411,"column":82}},"type":"if","locations":[{"start":{"line":411,"column":6},"end":{"line":411,"column":82}}]},"43":{"loc":{"start":{"line":411,"column":10},"end":{"line":411,"column":53}},"type":"binary-expr","locations":[{"start":{"line":411,"column":10},"end":{"line":411,"column":23}},{"start":{"line":411,"column":27},"end":{"line":411,"column":53}}]},"44":{"loc":{"start":{"line":415,"column":6},"end":{"line":415,"column":50}},"type":"if","locations":[{"start":{"line":415,"column":6},"end":{"line":415,"column":50}}]},"45":{"loc":{"start":{"line":417,"column":19},"end":{"line":417,"column":65}},"type":"cond-expr","locations":[{"start":{"line":417,"column":32},"end":{"line":417,"column":58}},{"start":{"line":417,"column":61},"end":{"line":417,"column":65}}]},"46":{"loc":{"start":{"line":418,"column":6},"end":{"line":418,"column":26}},"type":"if","locations":[{"start":{"line":418,"column":6},"end":{"line":418,"column":26}}]},"47":{"loc":{"start":{"line":419,"column":28},"end":{"line":419,"column":47}},"type":"binary-expr","locations":[{"start":{"line":419,"column":28},"end":{"line":419,"column":42}},{"start":{"line":419,"column":46},"end":{"line":419,"column":47}}]},"48":{"loc":{"start":{"line":420,"column":42},"end":{"line":420,"column":69}},"type":"binary-expr","locations":[{"start":{"line":420,"column":42},"end":{"line":420,"column":64}},{"start":{"line":420,"column":68},"end":{"line":420,"column":69}}]},"49":{"loc":{"start":{"line":421,"column":35},"end":{"line":421,"column":67}},"type":"binary-expr","locations":[{"start":{"line":421,"column":35},"end":{"line":421,"column":62}},{"start":{"line":421,"column":66},"end":{"line":421,"column":67}}]},"50":{"loc":{"start":{"line":422,"column":6},"end":{"line":422,"column":82}},"type":"if","locations":[{"start":{"line":422,"column":6},"end":{"line":422,"column":82}}]},"51":{"loc":{"start":{"line":422,"column":10},"end":{"line":422,"column":53}},"type":"binary-expr","locations":[{"start":{"line":422,"column":10},"end":{"line":422,"column":23}},{"start":{"line":422,"column":27},"end":{"line":422,"column":53}}]},"52":{"loc":{"start":{"line":434,"column":13},"end":{"line":434,"column":55}},"type":"cond-expr","locations":[{"start":{"line":434,"column":17},"end":{"line":434,"column":47}},{"start":{"line":434,"column":50},"end":{"line":434,"column":55}}]},"53":{"loc":{"start":{"line":434,"column":17},"end":{"line":434,"column":47}},"type":"binary-expr","locations":[{"start":{"line":434,"column":17},"end":{"line":434,"column":33}},{"start":{"line":434,"column":37},"end":{"line":434,"column":47}}]},"54":{"loc":{"start":{"line":437,"column":4},"end":{"line":439,"column":5}},"type":"if","locations":[{"start":{"line":437,"column":4},"end":{"line":439,"column":5}}]},"55":{"loc":{"start":{"line":437,"column":8},"end":{"line":437,"column":42}},"type":"binary-expr","locations":[{"start":{"line":437,"column":8},"end":{"line":437,"column":26}},{"start":{"line":437,"column":30},"end":{"line":437,"column":42}}]},"56":{"loc":{"start":{"line":452,"column":33},"end":{"line":452,"column":58}},"type":"binary-expr","locations":[{"start":{"line":452,"column":33},"end":{"line":452,"column":53}},{"start":{"line":452,"column":57},"end":{"line":452,"column":58}}]},"57":{"loc":{"start":{"line":453,"column":34},"end":{"line":453,"column":60}},"type":"binary-expr","locations":[{"start":{"line":453,"column":34},"end":{"line":453,"column":55}},{"start":{"line":453,"column":59},"end":{"line":453,"column":60}}]},"58":{"loc":{"start":{"line":454,"column":31},"end":{"line":454,"column":59}},"type":"binary-expr","locations":[{"start":{"line":454,"column":31},"end":{"line":454,"column":54}},{"start":{"line":454,"column":58},"end":{"line":454,"column":59}}]},"59":{"loc":{"start":{"line":455,"column":35},"end":{"line":455,"column":66}},"type":"binary-expr","locations":[{"start":{"line":455,"column":35},"end":{"line":455,"column":61}},{"start":{"line":455,"column":65},"end":{"line":455,"column":66}}]},"60":{"loc":{"start":{"line":459,"column":6},"end":{"line":459,"column":57}},"type":"if","locations":[{"start":{"line":459,"column":6},"end":{"line":459,"column":57}}]},"61":{"loc":{"start":{"line":460,"column":6},"end":{"line":460,"column":59}},"type":"if","locations":[{"start":{"line":460,"column":6},"end":{"line":460,"column":59}}]},"62":{"loc":{"start":{"line":463,"column":8},"end":{"line":465,"column":47}},"type":"cond-expr","locations":[{"start":{"line":464,"column":12},"end":{"line":464,"column":66}},{"start":{"line":465,"column":12},"end":{"line":465,"column":47}}]},"63":{"loc":{"start":{"line":467,"column":8},"end":{"line":469,"column":48}},"type":"cond-expr","locations":[{"start":{"line":468,"column":12},"end":{"line":468,"column":71}},{"start":{"line":469,"column":12},"end":{"line":469,"column":48}}]},"64":{"loc":{"start":{"line":482,"column":20},"end":{"line":482,"column":46}},"type":"cond-expr","locations":[{"start":{"line":482,"column":41},"end":{"line":482,"column":42}},{"start":{"line":482,"column":45},"end":{"line":482,"column":46}}]},"65":{"loc":{"start":{"line":483,"column":22},"end":{"line":483,"column":50}},"type":"cond-expr","locations":[{"start":{"line":483,"column":45},"end":{"line":483,"column":46}},{"start":{"line":483,"column":49},"end":{"line":483,"column":50}}]},"66":{"loc":{"start":{"line":499,"column":19},"end":{"line":501,"column":11}},"type":"cond-expr","locations":[{"start":{"line":500,"column":10},"end":{"line":500,"column":75}},{"start":{"line":501,"column":10},"end":{"line":501,"column":11}}]},"67":{"loc":{"start":{"line":503,"column":22},"end":{"line":503,"column":75}},"type":"cond-expr","locations":[{"start":{"line":503,"column":43},"end":{"line":503,"column":68}},{"start":{"line":503,"column":71},"end":{"line":503,"column":75}}]},"68":{"loc":{"start":{"line":519,"column":4},"end":{"line":521,"column":5}},"type":"if","locations":[{"start":{"line":519,"column":4},"end":{"line":521,"column":5}}]},"69":{"loc":{"start":{"line":530,"column":6},"end":{"line":537,"column":7}},"type":"if","locations":[{"start":{"line":530,"column":6},"end":{"line":537,"column":7}}]},"70":{"loc":{"start":{"line":539,"column":6},"end":{"line":546,"column":7}},"type":"if","locations":[{"start":{"line":539,"column":6},"end":{"line":546,"column":7}}]},"71":{"loc":{"start":{"line":539,"column":10},"end":{"line":539,"column":87}},"type":"binary-expr","locations":[{"start":{"line":539,"column":10},"end":{"line":539,"column":45}},{"start":{"line":539,"column":49},"end":{"line":539,"column":87}}]},"72":{"loc":{"start":{"line":550,"column":16},"end":{"line":550,"column":52}},"type":"binary-expr","locations":[{"start":{"line":550,"column":16},"end":{"line":550,"column":42}},{"start":{"line":550,"column":46},"end":{"line":550,"column":52}}]},"73":{"loc":{"start":{"line":551,"column":43},"end":{"line":551,"column":62}},"type":"binary-expr","locations":[{"start":{"line":551,"column":43},"end":{"line":551,"column":57}},{"start":{"line":551,"column":61},"end":{"line":551,"column":62}}]},"74":{"loc":{"start":{"line":561,"column":15},"end":{"line":561,"column":79}},"type":"cond-expr","locations":[{"start":{"line":561,"column":40},"end":{"line":561,"column":53}},{"start":{"line":561,"column":56},"end":{"line":561,"column":79}}]},"75":{"loc":{"start":{"line":574,"column":22},"end":{"line":574,"column":64}},"type":"cond-expr","locations":[{"start":{"line":574,"column":41},"end":{"line":574,"column":51}},{"start":{"line":574,"column":54},"end":{"line":574,"column":64}}]},"76":{"loc":{"start":{"line":586,"column":8},"end":{"line":588,"column":56}},"type":"cond-expr","locations":[{"start":{"line":587,"column":12},"end":{"line":587,"column":76}},{"start":{"line":588,"column":12},"end":{"line":588,"column":56}}]},"77":{"loc":{"start":{"line":601,"column":11},"end":{"line":601,"column":41}},"type":"cond-expr","locations":[{"start":{"line":601,"column":16},"end":{"line":601,"column":34}}
[...]
,"/home/yomnaghr/Projet_Saas_Pro/Back-End/src/modules/users/users.service.ts": {"path":"/home/yomnaghr/Projet_Saas_Pro/Back-End/src/modules/users/users.service.ts","statementMap":{"0":{"start":{"line":1,"column":0},"end":{"line":1,"column":84}},"1":{"start":{"line":2,"column":0},"end":{"line":2,"column":51}},"2":{"start":{"line":3,"column":0},"end":{"line":3,"column":54}},"3":{"start":{"line":4,"column":0},"end":{"line":4,"column":52}},"4":{"start":{"line":7,"column":0},"end":{"line":7,"column":48}},"5":{"start":{"line":8,"column":0},"end":{"line":8,"column":33}},"6":{"start":{"line":9,"column":0},"end":{"line":9,"column":72}},"7":{"start":{"line":12,"column":7},"end":{"line":260,"column":null}},"8":{"start":{"line":15,"column":12},"end":{"line":15,"column":18}},"9":{"start":{"line":18,"column":12},"end":{"line":18,"column":28}},"10":{"start":{"line":22,"column":19},"end":{"line":22,"column":74}},"11":{"start":{"line":23,"column":18},"end":{"line":23,"column":46}},"12":{"start":{"line":24,"column":4},"end":{"line":24,"column":60}},"13":{"start":{"line":28,"column":17},"end":{"line":28,"column":71}},"14":{"start":{"line":29,"column":4},"end":{"line":29,"column":71}},"15":{"start":{"line":29,"column":28},"end":{"line":29,"column":68}},"16":{"start":{"line":33,"column":14},"end":{"line":33,"column":56}},"17":{"start":{"line":34,"column":4},"end":{"line":34,"column":58}},"18":{"start":{"line":34,"column":12},"end":{"line":34,"column":58}},"19":{"start":{"line":35,"column":4},"end":{"line":35,"column":52}},"20":{"start":{"line":39,"column":14},"end":{"line":39,"column":56}},"21":{"start":{"line":40,"column":4},"end":{"line":40,"column":58}},"22":{"start":{"line":40,"column":12},"end":{"line":40,"column":58}},"23":{"start":{"line":41,"column":4},"end":{"line":41,"column":26}},"24":{"start":{"line":42,"column":18},"end":{"line":42,"column":41}},"25":{"start":{"line":43,"column":4},"end":{"line":43,"column":56}},"26":{"start":{"line":47,"column":16},"end":{"line":47,"column":46}},"27":{"start":{"line":48,"column":4},"end":{"line":48,"column":69}},"28":{"start":{"line":48,"column":23},"end":{"line":48,"column":69}},"29":{"start":{"line":49,"column":4},"end":{"line":49,"column":33}},"30":{"start":{"line":53,"column":4},"end":{"line":53,"column":79}},"31":{"start":{"line":57,"column":17},"end":{"line":57,"column":51}},"32":{"start":{"line":58,"column":4},"end":{"line":58,"column":55}},"33":{"start":{"line":66,"column":4},"end":{"line":66,"column":30}},"34":{"start":{"line":66,"column":18},"end":{"line":66,"column":30}},"35":{"start":{"line":67,"column":16},"end":{"line":67,"column":33}},"36":{"start":{"line":68,"column":17},"end":{"line":68,"column":43}},"37":{"start":{"line":69,"column":4},"end":{"line":69,"column":64}},"38":{"start":{"line":73,"column":19},"end":{"line":76,"column":6}},"39":{"start":{"line":78,"column":21},"end":{"line":78,"column":44}},"40":{"start":{"line":78,"column":39},"end":{"line":78,"column":43}},"41":{"start":{"line":81,"column":6},"end":{"line":86,"column":12}},"42":{"start":{"line":83,"column":41},"end":{"line":83,"column":56}},"43":{"start":{"line":88,"column":4},"end":{"line":117,"column":7}},"44":{"start":{"line":89,"column":30},"end":{"line":89,"column":78}},"45":{"start":{"line":89,"column":55},"end":{"line":89,"column":77}},"46":{"start":{"line":90,"column":29},"end":{"line":90,"column":47}},"47":{"start":{"line":92,"column":6},"end":{"line":116,"column":8}},"48":{"start":{"line":100,"column":48},"end":{"line":109,"column":10}},"49":{"start":{"line":121,"column":18},"end":{"line":123,"column":6}},"50":{"start":{"line":125,"column":4},"end":{"line":125,"column":72}},"51":{"start":{"line":125,"column":16},"end":{"line":125,"column":72}},"52":{"start":{"line":127,"column":23},"end":{"line":130,"column":6}},"53":{"start":{"line":132,"column":27},"end":{"line":132,"column":40}},"54":{"start":{"line":134,"column":4},"end":{"line":161,"column":6}},"55":{"start":{"line":142,"column":41},"end":{"line":154,"column":8}},"56":{"start":{"line":165,"column":18},"end":{"line":167,"column":6}},"57":{"start":{"line":169,"column":4},"end":{"line":169,"column":72}},"58":{"start":{"line":169,"column":16},"end":{"line":169,"column":72}},"59":{"start":{"line":171,"column":5},"end":{"line":171,"column":35}},"60":{"start":{"line":172,"column":23},"end":{"line":172,"column":50}},"61":{"start":{"line":174,"column":23},"end":{"line":176,"column":6}},"62":{"start":{"line":178,"column":4},"end":{"line":180,"column":5}},"63":{"start":{"line":179,"column":6},"end":{"line":179,"column":31}},"64":{"start":{"line":182,"column":4},"end":{"line":184,"column":5}},"65":{"start":{"line":183,"column":6},"end":{"line":183,"column":49}},"66":{"start":{"line":186,"column":4},"end":{"line":194,"column":6}},"67":{"start":{"line":219,"column":21},"end":{"line":219,"column":63}},"68":{"start":{"line":220,"column":4},"end":{"line":222,"column":5}},"69":{"start":{"line":221,"column":6},"end":{"line":221,"column":60}},"70":{"start":{"line":224,"column":17},"end":{"line":229,"column":33}},"71":{"start":{"line":231,"column":22},"end":{"line":231,"column":48}},"72":{"start":{"line":233,"column":21},"end":{"line":245,"column":37}},"73":{"start":{"line":247,"column":26},"end":{"line":247,"column":66}},"74":{"start":{"line":249,"column":4},"end":{"line":258,"column":6}},"75":{"start":{"line":12,"column":13},"end":{"line":12,"column":25}},"76":{"start":{"line":12,"column":13},"end":{"line":260,"column":null}}},"fnMap":{"0":{"name":"(anonymous_4)","decl":{"start":{"line":13,"column":2},"end":{"line":13,"column":null}},"loc":{"start":{"line":18,"column":54},"end":{"line":19,"column":6}}},"1":{"name":"(anonymous_5)","decl":{"start":{"line":21,"column":2},"end":{"line":21,"column":7}},"loc":{"start":{"line":21,"column":33},"end":{"line":25,"column":3}}},"2":{"name":"(anonymous_6)","decl":{"start":{"line":27,"column":2},"end":{"line":27,"column":7}},"loc":{"start":{"line":27,"column":15},"end":{"line":30,"column":3}}},"3":{"name":"(anonymous_7)","decl":{"start":{"line":29,"column":20},"end":{"line":29,"column":21}},"loc":{"start":{"line":29,"column":28},"end":{"line":29,"column":68}}},"4":{"name":"(anonymous_8)","decl":{"start":{"line":32,"column":2},"end":{"line":32,"column":7}},"loc":{"start":{"line":32,"column":26},"end":{"line":36,"column":3}}},"5":{"name":"(anonymous_9)","decl":{"start":{"line":38,"column":2},"end":{"line":38,"column":7}},"loc":{"start":{"line":38,"column":45},"end":{"line":44,"column":3}}},"6":{"name":"(anonymous_10)","decl":{"start":{"line":46,"column":2},"end":{"line":46,"column":7}},"loc":{"start":{"line":46,"column":25},"end":{"line":50,"column":3}}},"7":{"name":"(anonymous_11)","decl":{"start":{"line":52,"column":2},"end":{"line":52,"column":7}},"loc":{"start":{"line":52,"column":33},"end":{"line":54,"column":3}}},"8":{"name":"(anonymous_12)","decl":{"start":{"line":56,"column":2},"end":{"line":56,"column":7}},"loc":{"start":{"line":56,"column":54},"end":{"line":59,"column":3}}},"9":{"name":"(anonymous_13)","decl":{"start":{"line":65,"column":10},"end":{"line":65,"column":27}},"loc":{"start":{"line":65,"column":58},"end":{"line":70,"column":3}}},"10":{"name":"(anonymous_14)","decl":{"start":{"line":72,"column":2},"end":{"line":72,"column":7}},"loc":{"start":{"line":72,"column":26},"end":{"line":118,"column":3}}},"11":{"name":"(anonymous_15)","decl":{"start":{"line":78,"column":32},"end":{"line":78,"column":33}},"loc":{"start":{"line":78,"column":39},"end":{"line":78,"column":43}}},"12":{"name":"(anonymous_16)","decl":{"start":{"line":83,"column":32},"end":{"line":83,"column":33}},"loc":{"start":{"line":83,"column":41},"end":{"line":83,"column":56}}},"13":{"name":"(anonymous_17)","decl":{"start":{"line":88,"column":22},"end":{"line":88,"column":23}},"loc":{"start":{"line":88,"column":32},"end":{"line":117,"column":5}}},"14":{"name":"(anonymous_18)","decl":{"start":{"line":89,"column":48},"end":{"line":89,"column":49}},"loc":{"start":{"line":89,"column":55},"end":{"line":89,"column":77}}},"15":{"name":"(anonymous_19)","decl":{"start":{"line":100,"column":40},"end":{"line":100,"column":41}},"loc":{"start":{"line":100,"column":48},"end":{"line":109,"column":10}}},"16":{"name":"(anonymous_20)","decl":{"start":{"line":120,"column":2},"end":{"line":120,"column":7}},"loc":{"start":{"line":120,"column":47},"end":{"line":162,"column":3}}},"17":{"name":"(anonymous_21)","decl":{"start":{"line":142,"column":33},"end":{"line":142,"column":34}},"loc":{"start":{"line":142,"column":41},"end":{"line":154,"column":8}}},"18":{"name":"(anonymous_22)","decl":{"start":{"line":164,"column":2},"end":{"line":164,"column":7}},"loc":{"start":{"line":164,"column":81},"end":{"line":195,"column":3}}},"19":{"name":"(anonymous_23)","decl":{"start":{"line":197,"column":2},"end":{"line":197,"column":7}},"loc":{"start":{"line":218,"column":3},"end":{"line":259,"column":3}}}},"branchMap":{"0":{"loc":{"start":{"line":34,"column":4},"end":{"line":34,"column":58}},"type":"if","locations":[{"start":{"line":34,"column":4},"end":{"line":34,"column":58}}]},"1":{"loc":{"start":{"line":40,"column":4},"end":{"line":40,"column":58}},"type":"if","locations":[{"start":{"line":40,"column":4},"end":{"line":40,"column":58}}]},"2":{"loc":{"start":{"line":48,"column":4},"end":{"line":48,"column":69}},"type":"if","locations":[{"start":{"line":48,"column":4},"end":{"line":48,"column":69}}]},"3":{"loc":{"start":{"line":66,"column":4},"end":{"line":66,"column":30}},"type":"if","locations":[{"start":{"line":66,"column":4},"end":{"line":66,"column":30}}]},"4":{"loc":{"start":{"line":81,"column":6},"end":{"line":86,"column":12}},"type":"cond-expr","locations":[{"start":{"line":82,"column":10},"end":{"line":85,"column":12}},{"start":{"line":86,"column":10},"end":{"line":86,"column":12}}]},"5":{"loc":{"start":{"line":97,"column":17},"end":{"line":97,"column":49}},"type":"binary-expr","locations":[{"start":{"line":97,"column":17},"end":{"line":97,"column":37}},{"start":{"line":97,"column":41},"end":{"line":97,"column":49}}]},"6":{"loc":{"start":{"line":106,"column":33},"end":{"line":106,"column":64}},"type":"binary-expr","locations":[{"start":{"line":106,"column":33},"end":{"line":106,"column":56}},{"start":{"line":106,"column":60},"end":{"line":106,"column":64}}]},"7":{"loc":{"start":{"line":107,"column":31},"end":{"line":107,"column":60}},"type":"binary-expr","locations":[{"start":{"line":107,"column":31},"end":{"line":107,"column":52}},{"start":{"line":107,"column":56},"end":{"line":107,"column":60}}]},"8":{"loc":{"start":{"line":110,"column":26},"end":{"line":110,"column":54}},"type":"binary-expr","locations":[{"start":{"line":110,"column":26},"end":{"line":110,"column":46}},{"start":{"line":110,"column":50},"end":{"line":110,"column":54}}]},"9":{"loc":{"start":{"line":111,"column":31},"end":{"line":111,"column":76}},"type":"binary-expr","locations":[{"start":{"line":111,"column":31},"end":{"line":111,"column":68}},{"start":{"line":111,"column":72},"end":{"line":111,"column":76}}]},"10":{"loc":{"start":{"line":112,"column":29},"end":{"line":112,"column":72}},"type":"binary-expr","locations":[{"start":{"line":112,"column":29},"end":{"line":112,"column":64}},{"start":{"line":112,"column":68},"end":{"line":112,"column":72}}]},"11":{"loc":{"start":{"line":114,"column":10},"end":{"line":114,"column":53}},"type":"binary-expr","locations":[{"start":{"line":114,"column":10},"end":{"line":114,"column":45}},{"start":{"line":114,"column":49},"end":{"line":114,"column":53}}]},"12":{"loc":{"start":{"line":125,"column":4},"end":{"line":125,"column":72}},"type":"if","locations":[{"start":{"line":125,"column":4},"end":{"line":125,"column":72}}]},"13":{"loc":{"start":{"line":139,"column":15},"end":{"line":139,"column":47}},"type":"binary-expr","locations":[{"start":{"line":139,"column":15},"end":{"line":139,"column":35}},{"start":{"line":139,"column":39},"end":{"line":139,"column":47}}]},"14":{"loc":{"start":{"line":150,"column":31},"end":{"line":150,"column":62}},"type":"binary-expr","locations":[{"start":{"line":150,"column":31},"end":{"line":150,"column":54}},{"start":{"line":150,"column":58},"end":{"line":150,"column":62}}]},"15":{"loc":{"start":{"line":151,"column":29},"end":{"line":151,"column":58}},"type":"binary-expr","locations":[{"start":{"line":151,"column":29},"end":{"line":151,"column":50}},{"start":{"line":151,"column":54},"end":{"line":151,"column":58}}]},"16":{"loc":{"start":{"line":152,"column":46},"end":{"line":152,"column":75}},"type":"binary-expr","locations":[{"start":{"line":152,"column":46},"end":{"line":152,"column":67}},{"start":{"line":152,"column":71},"end":{"line":152,"column":75}}]},"17":{"loc":{"start":{"line":155,"column":24},"end":{"line":155,"column":52}},"type":"binary-expr","locations":[{"start":{"line":155,"column":24},"end":{"line":155,"column":44}},{"start":{"line":155,"column":48},"end":{"line":155,"column":52}}]},"18":{"loc":{"start":{"line":156,"column":29},"end":{"line":156,"column":74}},"type":"binary-expr","locations":[{"start":{"line":156,"column":29},"end":{"line":156,"column":66}},{"start":{"line":156,"column":70},"end":{"line":156,"column":74}}]},"19":{"loc":{"start":{"line":157,"column":27},"end":{"line":157,"column":70}},"type":"binary-expr","locations":[{"start":{"line":157,"column":27},"end":{"line":157,"column":62}},{"start":{"line":157,"column":66},"end":{"line":157,"column":70}}]},"20":{"loc":{"start":{"line":159,"column":8},"end":{"line":159,"column":51}},"type":"binary-expr","locations":[{"start":{"line":159,"column":8},"end":{"line":159,"column":43}},{"start":{"line":159,"column":47},"end":{"line":159,"column":51}}]},"21":{"loc":{"start":{"line":169,"column":4},"end":{"line":169,"column":72}},"type":"if","locations":[{"start":{"line":169,"column":4},"end":{"line":169,"column":72}}]},"22":{"loc":{"start":{"line":182,"column":4},"end":{"line":184,"column":5}},"type":"if","locations":[{"start":{"line":182,"column":4},"end":{"line":184,"column":5}}]},"23":{"loc":{"start":{"line":191,"column":15},"end":{"line":191,"column":52}},"type":"binary-expr","locations":[{"start":{"line":191,"column":15},"end":{"line":191,"column":40}},{"start":{"line":191,"column":44},"end":{"line":191,"column":52}}]},"24":{"loc":{"start":{"line":220,"column":4},"end":{"line":222,"column":5}},"type":"if","locations":[{"start":{"line":220,"column":4},"end":{"line":222,"column":5}}]},"25":{"loc":{"start":{"line":228,"column":14},"end":{"line":228,"column":45}},"type":"binary-expr","locations":[{"start":{"line":228,"column":14},"end":{"line":228,"column":33}},{"start":{"line":228,"column":37},"end":{"line":228,"column":45}}]},"26":{"loc":{"start":{"line":236,"column":14},"end":{"line":236,"column":49}},"type":"binary-expr","locations":[{"start":{"line":236,"column":14},"end":{"line":236,"column":37}},{"start":{"line":236,"column":41},"end":{"line":236,"column":49}}]},"27":{"loc":{"start":{"line":237,"column":12},"end":{"line":237,"column":46}},"type":"binary-expr","locations":[{"start":{"line":237,"column":12},"end":{"line":237,"column":33}},{"start":{"line":237,"column":37},"end":{"line":237,"column":46}}]},"28":{"loc":{"start":{"line":239,"column":29},"end":{"line":241,"column":14}},"type":"cond-expr","locations":[{"start":{"line":240,"column":10},"end":{"line":240,"column":58}},{"start":{"line":241,"column":10},"end":{"line":241,"column":14}}]},"29":{"loc":{"start":{"line":242,"column":27},"end":{"line":244,"column":14}},"type":"cond-expr","locations":[{"start":{"line":243,"column":10},"end":{"line":243,"column":56}},{"start":{"line":244,"column":10},"end":{"line":244,"column":14}}]}},"s":{"0":4,"1":4,"2":4,"3":4,"4":4,"5":4,"6":4,"7":4,"8":4,"9":4,"10":0,"11":0,"12":0,"13":0,"14":0,"15":0,"16":2,"17":2,"18":1,"19":1,"20":0,"21":0,"22":0,"23":0,"24":0,"25":0,"26":0,"27":0,"28":0,"29":0,"30":1,"31":0,"32":0,"33":0,"34":0,"35":0,"36":0,"37":0,"38":0,"39":0,"40":0,"41":0,"42":0,"43":0,"44":0,"45":0,"46":0,"47":0,"48":0,"49":0,"50":0,"51":0,"52":0,"53":0,"54":0,"55":0,"56":0,"57":0,"58":0,"59":0,"60":0,"61":0,"62":0,"63":0,"64":0,"65":0,"66":0,"67":0,"68":0,"69":0,"70":0,"71":0,"72":0,"73":0,"74":0,"75":4,"76":4},"f":{"0":4,"1":0,"2":0,"3":0,"4":2,"5":0,"6":0,"7":1,"8":0,"9":0,"10":0,"11":0,"12":0,"13":0,"14":0,"15":0,"16":0,"17":0,"18":0,"19":0},"b":{"0":[1],"1":[0],"2":[0],"3":[0],"4":[0,0],"5":[0,0],"6":[0,0],"7":[0,0],"8":[0,0],"9":[0,0],"10":[0,0],"11":[0,0],"12":[0],"13":[0,0],"14":[0,0],"15":[0,0],"16":[0,0],"17":[0,0],"18":[0,0],"19":[0,0],"20":[0,0],"21":[0],"22":[0],"23":[0,0],"24":[0],"25":[0,0],"26":[0,0],"27":[0,0],"28":[0,0],"29":[0,0]}}
,"/home/yomnaghr/Projet_Saas_Pro/Back-End/src/modules/users/dto/create-user.dto.ts": {"path":"/home/yomnaghr/Projet_Saas_Pro/Back-End/src/modules/users/dto/create-user.dto.ts","statementMap":{"0":{"start":{"line":1,"column":0},"end":{"line":1,"column":null}},"1":{"start":{"line":10,"column":0},"end":{"line":10,"column":13}},"2":{"start":{"line":12,"column":2},"end":{"line":12,"column":null}},"3":{"start":{"line":16,"column":2},"end":{"line":16,"column":null}},"4":{"start":{"line":26,"column":2},"end":{"line":26,"column":null}},"5":{"start":{"line":30,"column":2},"end":{"line":30,"column":null}},"6":{"start":{"line":34,"column":2},"end":{"line":34,"column":null}},"7":{"start":{"line":38,"column":2},"end":{"line":38,"column":null}}},"fnMap":{},"branchMap":{},"s":{"0":1,"1":1,"2":1,"3":1,"4":1,"5":1,"6":1,"7":1},"f":{},"b":{}}
,"/home/yomnaghr/Projet_Saas_Pro/Back-End/src/modules/users/dto/update-user.dto.ts": {"path":"/home/yomnaghr/Projet_Saas_Pro/Back-End/src/modules/users/dto/update-user.dto.ts","statementMap":{"0":{"start":{"line":1,"column":0},"end":{"line":1,"column":51}},"1":{"start":{"line":2,"column":0},"end":{"line":2,"column":50}},"2":{"start":{"line":3,"column":0},"end":{"line":3,"column":13}}},"fnMap":{},"branchMap":{},"s":{"0":1,"1":1,"2":1},"f":{},"b":{}}
,"/home/yomnaghr/Projet_Saas_Pro/Back-End/src/modules/users/entities/user.entity.ts": {"path":"/home/yomnaghr/Projet_Saas_Pro/Back-End/src/modules/users/entities/user.entity.ts","statementMap":{"0":{"start":{"line":1,"column":0},"end":{"line":1,"column":90}},"1":{"start":{"line":5,"column":7},"end":{"line":62,"column":null}},"2":{"start":{"line":5,"column":13},"end":{"line":5,"column":23}},"3":{"start":{"line":7,"column":2},"end":{"line":7,"column":null}},"4":{"start":{"line":11,"column":2},"end":{"line":11,"column":null}},"5":{"start":{"line":14,"column":2},"end":{"line":14,"column":null}},"6":{"start":{"line":20,"column":2},"end":{"line":20,"column":null}},"7":{"start":{"line":23,"column":2},"end":{"line":23,"column":null}},"8":{"start":{"line":26,"column":2},"end":{"line":26,"column":null}},"9":{"start":{"line":29,"column":2},"end":{"line":29,"column":null}},"10":{"start":{"line":32,"column":2},"end":{"line":32,"column":null}},"11":{"start":{"line":36,"column":2},"end":{"line":36,"column":null}},"12":{"start":{"line":38,"column":0},"end":{"line":38,"column":null}},"13":{"start":{"line":41,"column":2},"end":{"line":41,"column":null}},"14":{"start":{"line":40,"column":54},"end":{"line":40,"column":71}},"15":{"start":{"line":44,"column":2},"end":{"line":44,"column":null}},"16":{"start":{"line":47,"column":2},"end":{"line":47,"column":null}},"17":{"start":{"line":50,"column":2},"end":{"line":50,"column":null}},"18":{"start":{"line":61,"column":2},"end":{"line":61,"column":null}},"19":{"start":{"line":5,"column":13},"end":{"line":62,"column":null}}},"fnMap":{"0":{"name":"(anonymous_2)","decl":{"start":{"line":40,"column":48},"end":{"line":40,"column":51}},"loc":{"start":{"line":40,"column":54},"end":{"line":40,"column":71}}}},"branchMap":{},"s":{"0":15,"1":15,"2":15,"3":15,"4":15,"5":15,"6":15,"7":15,"8":15,"9":15,"10":15,"11":15,"12":15,"13":15,"14":0,"15":15,"16":15,"17":15,"18":15,"19":15},"f":{"0":0},"b":{}}
}
