TN:
SF:src\app.module.ts
FN:41,(anonymous_1)
FNF:1
FNH:0
FNDA:0,(anonymous_1)
DA:1,0
DA:2,0
DA:3,0
DA:4,0
DA:5,0
DA:6,0
DA:8,0
DA:9,0
DA:10,0
DA:11,0
DA:12,0
DA:13,0
DA:14,0
DA:15,0
DA:16,0
DA:17,0
DA:18,0
DA:19,0
DA:40,0
DA:42,0
LF:20
LH:0
BRF:0
BRH:0
end_of_record
TN:
SF:src\main.ts
FN:8,parseCorsOrigins
FN:18,(anonymous_1)
FN:21,bootstrap
FNF:3
FNH:0
FNDA:0,parseCorsOrigins
FNDA:0,(anonymous_1)
FNDA:0,bootstrap
DA:1,0
DA:2,0
DA:3,0
DA:4,0
DA:5,0
DA:9,0
DA:10,0
DA:16,0
DA:18,0
DA:22,0
DA:24,0
DA:29,0
DA:31,0
DA:39,0
DA:43,0
DA:46,0
LF:16
LH:0
BRDA:9,0,0,0
BRDA:43,1,0,0
BRDA:43,1,1,0
BRF:3
BRH:0
end_of_record
TN:
SF:src\common\api-mapper.ts
FN:1,(anonymous_0)
FNF:1
FNH:1
FNDA:1,(anonymous_0)
DA:1,8
LF:1
LH:1
BRDA:1,0,0,1
BRDA:1,0,1,0
BRF:2
BRH:1
end_of_record
TN:
SF:src\common\decorators\business-id.decorator.ts
FN:4,(anonymous_0)
FNF:1
FNH:0
FNDA:0,(anonymous_0)
DA:1,4
DA:3,4
DA:5,0
DA:8,0
LF:4
LH:2
BRDA:9,0,0,0
BRDA:9,0,1,0
BRDA:9,0,2,0
BRDA:9,0,3,0
BRDA:9,0,4,0
BRF:5
BRH:0
end_of_record
TN:
SF:src\common\decorators\current-user.decorator.ts
FN:4,(anonymous_0)
FNF:1
FNH:0
FNDA:0,(anonymous_0)
DA:1,0
DA:3,0
DA:5,0
DA:6,0
LF:4
LH:0
BRF:0
BRH:0
end_of_record
TN:
SF:src\common\decorators\permissions.decorator.ts
FN:5,(anonymous_0)
FNF:1
FNH:1
FNDA:15,(anonymous_0)
DA:1,3
DA:3,3
DA:5,3
DA:6,15
LF:4
LH:4
BRF:0
BRH:0
end_of_record
TN:
SF:src\common\guards\business-access.guard.ts
FN:15,(anonymous_4)
FN:22,(anonymous_5)
FNF:2
FNH:0
FNDA:0,(anonymous_4)
FNDA:0,(anonymous_5)
DA:1,4
DA:7,4
DA:8,4
DA:10,4
DA:11,4
DA:14,4
DA:17,0
DA:19,0
DA:23,0
DA:24,0
DA:25,0
DA:27,0
DA:28,0
DA:31,0
DA:34,0
DA:35,0
DA:39,0
DA:40,0
DA:44,0
DA:48,0
DA:49,0
DA:51,0
LF:22
LH:6
BRDA:27,0,0,0
BRDA:28,1,0,0
BRDA:31,2,0,0
BRDA:34,3,0,0
BRDA:39,4,0,0
BRDA:48,5,0,0
BRDA:48,6,0,0
BRDA:48,6,1,0
BRF:8
BRH:0
end_of_record
TN:
SF:src\common\guards\permissions.guard.ts
FN:11,norm
FN:20,(anonymous_3)
FN:22,(anonymous_4)
FN:53,(anonymous_5)
FNF:4
FNH:1
FNDA:0,norm
FNDA:2,(anonymous_3)
FNDA:0,(anonymous_4)
FNDA:0,(anonymous_5)
DA:1,3
DA:7,3
DA:9,3
DA:12,0
DA:19,3
DA:20,2
DA:23,0
DA:24,0
DA:27,0
DA:32,0
DA:35,0
DA:37,0
DA:40,0
DA:41,0
DA:43,0
DA:47,0
DA:50,0
DA:53,0
DA:54,0
DA:56,0
LF:20
LH:5
BRDA:12,0,0,0
BRDA:12,0,1,0
BRDA:27,1,0,0
BRDA:27,1,1,0
BRDA:35,2,0,0
BRDA:37,3,0,0
BRDA:40,4,0,0
BRDA:41,5,0,0
BRDA:43,6,0,0
BRDA:43,6,1,0
BRDA:50,7,0,0
BRDA:54,8,0,0
BRF:12
BRH:0
end_of_record
TN:
SF:src\common\guards\platform-admin-db.guard.ts
FN:13,(anonymous_4)
FN:18,(anonymous_5)
FNF:2
FNH:0
FNDA:0,(anonymous_4)
FNDA:0,(anonymous_5)
DA:1,1
DA:7,1
DA:8,1
DA:9,1
DA:12,1
DA:15,0
DA:19,0
DA:20,0
DA:22,0
DA:24,0
DA:28,0
DA:29,0
DA:32,0
LF:13
LH:5
BRDA:22,0,0,0
BRDA:28,1,0,0
BRDA:28,2,0,0
BRDA:28,2,1,0
BRF:4
BRH:0
end_of_record
TN:
SF:src\common\middleware\tenant.middleware.ts
FN:10,(anonymous_1)
FNF:1
FNH:0
FNDA:0,(anonymous_1)
DA:1,0
DA:9,0
DA:11,0
DA:12,0
DA:13,0
LF:5
LH:0
BRDA:12,0,0,0
BRF:1
BRH:0
end_of_record
TN:
SF:src\common\tenant\tenant.module.ts
FNF:0
FNH:0
DA:1,0
DA:2,0
DA:3,0
DA:4,0
DA:5,0
DA:13,0
LF:6
LH:0
BRF:0
BRH:0
end_of_record
TN:
SF:src\config\typeorm.config.ts
FN:11,(anonymous_0)
FNF:1
FNH:0
FNDA:0,(anonymous_0)
DA:2,0
DA:3,0
DA:4,0
DA:5,0
DA:6,0
DA:7,0
DA:8,0
DA:9,0
DA:11,0
LF:9
LH:0
BRDA:13,0,0,0
BRDA:13,0,1,0
BRDA:13,1,0,0
BRDA:13,1,1,0
BRDA:14,2,0,0
BRDA:14,2,1,0
BRF:6
BRH:0
end_of_record
TN:
SF:src\modules\ai-insights\ai-insights.controller.ts
FN:29,(anonymous_4)
FN:37,(anonymous_5)
FN:42,(anonymous_6)
FN:47,(anonymous_7)
FN:52,(anonymous_8)
FN:57,(anonymous_9)
FN:66,(anonymous_10)
FN:74,(anonymous_11)
FN:79,(anonymous_12)
FN:87,(anonymous_13)
FN:96,(anonymous_14)
FN:101,(anonymous_15)
FN:106,(anonymous_16)
FN:111,(anonymous_17)
FN:120,(anonymous_18)
FNF:15
FNH:0
FNDA:0,(anonymous_4)
FNDA:0,(anonymous_5)
FNDA:0,(anonymous_6)
FNDA:0,(anonymous_7)
FNDA:0,(anonymous_8)
FNDA:0,(anonymous_9)
FNDA:0,(anonymous_10)
FNDA:0,(anonymous_11)
FNDA:0,(anonymous_12)
FNDA:0,(anonymous_13)
FNDA:0,(anonymous_14)
FNDA:0,(anonymous_15)
FNDA:0,(anonymous_16)
FNDA:0,(anonymous_17)
FNDA:0,(anonymous_18)
DA:1,0
DA:12,0
DA:13,0
DA:14,0
DA:15,0
DA:16,0
DA:17,0
DA:18,0
DA:19,0
DA:20,0
DA:21,0
DA:22,0
DA:23,0
DA:24,0
DA:28,0
DA:30,0
DA:31,0
DA:32,0
DA:33,0
DA:37,0
DA:38,0
DA:42,0
DA:43,0
DA:47,0
DA:48,0
DA:52,0
DA:53,0
DA:57,0
DA:62,0
DA:66,0
DA:70,0
DA:74,0
DA:75,0
DA:79,0
DA:83,0
DA:87,0
DA:92,0
DA:96,0
DA:97,0
DA:101,0
DA:102,0
DA:106,0
DA:107,0
DA:111,0
DA:116,0
DA:120,0
DA:121,0
LF:47
LH:0
BRDA:38,0,0,0
BRDA:38,0,1,0
BRDA:83,1,0,0
BRDA:83,1,1,0
BRF:4
BRH:0
end_of_record
TN:
SF:src\modules\ai-insights\ai-insights.module.ts
FNF:0
FNH:0
DA:1,0
DA:2,0
DA:3,0
DA:4,0
DA:5,0
DA:6,0
DA:7,0
DA:8,0
DA:9,0
DA:10,0
DA:11,0
DA:12,0
DA:13,0
DA:34,0
LF:14
LH:0
BRF:0
BRH:0
end_of_record
TN:
SF:src\modules\ai-insights\ai-insights.service.ts
FN:11,(anonymous_4)
FN:13,(anonymous_5)
FN:18,(anonymous_6)
FN:20,(anonymous_7)
FN:23,(anonymous_8)
FN:29,(anonymous_9)
FN:37,(anonymous_10)
FN:43,(anonymous_11)
FNF:8
FNH:0
FNDA:0,(anonymous_4)
FNDA:0,(anonymous_5)
FNDA:0,(anonymous_6)
FNDA:0,(anonymous_7)
FNDA:0,(anonymous_8)
FNDA:0,(anonymous_9)
FNDA:0,(anonymous_10)
FNDA:0,(anonymous_11)
DA:1,0
DA:2,0
DA:3,0
DA:4,0
DA:7,0
DA:10,0
DA:11,0
DA:14,0
DA:15,0
DA:19,0
DA:20,0
DA:24,0
DA:25,0
DA:26,0
DA:30,0
DA:31,0
DA:32,0
DA:33,0
DA:34,0
DA:38,0
DA:39,0
DA:40,0
DA:44,0
LF:23
LH:0
BRDA:25,0,0,0
BRDA:31,1,0,0
BRDA:39,2,0,0
BRF:3
BRH:0
end_of_record
TN:
SF:src\modules\ai-insights\cash-flow-forecast.service.ts
FN:40,(anonymous_4)
FN:51,(anonymous_5)
FN:93,(anonymous_6)
FN:97,(anonymous_7)
FN:111,(anonymous_8)
FN:134,(anonymous_9)
FN:135,(anonymous_10)
FN:136,(anonymous_11)
FN:137,(anonymous_12)
FN:181,(anonymous_13)
FN:203,(anonymous_14)
FN:222,(anonymous_15)
FN:224,(anonymous_16)
FN:229,(anonymous_17)
FN:250,(anonymous_18)
FN:251,(anonymous_19)
FN:268,(anonymous_20)
FN:302,(anonymous_21)
FN:307,(anonymous_22)
FN:310,(anonymous_23)
FN:348,(anonymous_24)
FN:359,(anonymous_25)
FN:382,(anonymous_26)
FN:391,(anonymous_27)
FN:432,(anonymous_28)
FN:490,(anonymous_29)
FN:491,(anonymous_30)
FN:500,(anonymous_31)
FN:517,(anonymous_32)
FN:549,(anonymous_33)
FN:566,(anonymous_34)
FN:595,(anonymous_35)
FN:599,(anonymous_36)
FN:604,(anonymous_37)
FN:627,(anonymous_38)
FN:633,(anonymous_39)
FN:637,(anonymous_40)
FN:641,(anonymous_41)
FN:643,(anonymous_42)
FN:646,(anonymous_43)
FN:652,(anonymous_44)
FN:656,(anonymous_45)
FN:661,(anonymous_46)
FN:667,(anonymous_47)
FNF:44
FNH:0
FNDA:0,(anonymous_4)
FNDA:0,(anonymous_5)
FNDA:0,(anonymous_6)
FNDA:0,(anonymous_7)
FNDA:0,(anonymous_8)
FNDA:0,(anonymous_9)
FNDA:0,(anonymous_10)
FNDA:0,(anonymous_11)
FNDA:0,(anonymous_12)
FNDA:0,(anonymous_13)
FNDA:0,(anonymous_14)
FNDA:0,(anonymous_15)
FNDA:0,(anonymous_16)
FNDA:0,(anonymous_17)
FNDA:0,(anonymous_18)
FNDA:0,(anonymous_19)
FNDA:0,(anonymous_20)
FNDA:0,(anonymous_21)
FNDA:0,(anonymous_22)
FNDA:0,(anonymous_23)
FNDA:0,(anonymous_24)
FNDA:0,(anonymous_25)
FNDA:0,(anonymous_26)
FNDA:0,(anonymous_27)
FNDA:0,(anonymous_28)
FNDA:0,(anonymous_29)
FNDA:0,(anonymous_30)
FNDA:0,(anonymous_31)
FNDA:0,(anonymous_32)
FNDA:0,(anonymous_33)
FNDA:0,(anonymous_34)
FNDA:0,(anonymous_35)
FNDA:0,(anonymous_36)
FNDA:0,(anonymous_37)
FNDA:0,(anonymous_38)
FNDA:0,(anonymous_39)
FNDA:0,(anonymous_40)
FNDA:0,(anonymous_41)
FNDA:0,(anonymous_42)
FNDA:0,(anonymous_43)
FNDA:0,(anonymous_44)
FNDA:0,(anonymous_45)
FNDA:0,(anonymous_46)
FNDA:0,(anonymous_47)
DA:1,0
DA:2,0
DA:3,0
DA:4,0
DA:5,0
DA:6,0
DA:7,0
DA:39,0
DA:42,0
DA:44,0
DA:46,0
DA:48,0
DA:52,0
DA:53,0
DA:54,0
DA:56,0
DA:57,0
DA:87,0
DA:89,0
DA:91,0
DA:92,0
DA:93,0
DA:96,0
DA:97,0
DA:100,0
DA:103,0
DA:108,0
DA:110,0
DA:111,0
DA:112,0
DA:116,0
DA:117,0
DA:119,0
DA:120,0
DA:121,0
DA:124,0
DA:125,0
DA:134,0
DA:135,0
DA:136,0
DA:137,0
DA:140,0
DA:141,0
DA:145,0
DA:147,0
DA:191,0
DA:192,0
DA:194,0
DA:195,0
DA:196,0
DA:197,0
DA:199,0
DA:200,0
DA:202,0
DA:203,0
DA:204,0
DA:205,0
DA:206,0
DA:207,0
DA:208,0
DA:221,0
DA:222,0
DA:224,0
DA:226,0
DA:227,0
DA:229,0
DA:232,0
DA:250,0
DA:251,0
DA:279,0
DA:280,0
DA:298,0
DA:299,0
DA:303,0
DA:307,0
DA:322,0
DA:325,0
DA:326,0
DA:329,0
DA:330,0
DA:331,0
DA:332,0
DA:333,0
DA:334,0
DA:335,0
DA:336,0
DA:337,0
DA:338,0
DA:339,0
DA:341,0
DA:342,0
DA:344,0
DA:345,0
DA:349,0
DA:352,0
DA:353,0
DA:355,0
DA:356,0
DA:360,0
DA:361,0
DA:362,0
DA:363,0
DA:365,0
DA:367,0
DA:368,0
DA:369,0
DA:370,0
DA:371,0
DA:374,0
DA:383,0
DA:392,0
DA:397,0
DA:398,0
DA:399,0
DA:400,0
DA:401,0
DA:403,0
DA:404,0
DA:405,0
DA:406,0
DA:407,0
DA:408,0
DA:409,0
DA:410,0
DA:411,0
DA:414,0
DA:415,0
DA:416,0
DA:417,0
DA:418,0
DA:419,0
DA:420,0
DA:421,0
DA:422,0
DA:425,0
DA:426,0
DA:429,0
DA:430,0
DA:431,0
DA:432,0
DA:433,0
DA:434,0
DA:437,0
DA:438,0
DA:441,0
DA:442,0
DA:444,0
DA:445,0
DA:446,0
DA:447,0
DA:448,0
DA:449,0
DA:450,0
DA:452,0
DA:453,0
DA:454,0
DA:455,0
DA:457,0
DA:458,0
DA:459,0
DA:460,0
DA:463,0
DA:467,0
DA:471,0
DA:487,0
DA:491,0
DA:492,0
DA:494,0
DA:495,0
DA:497,0
DA:498,0
DA:499,0
DA:500,0
DA:503,0
DA:504,0
DA:506,0
DA:507,0
DA:508,0
DA:510,0
DA:511,0
DA:514,0
DA:518,0
DA:519,0
DA:520,0
DA:523,0
DA:524,0
DA:530,0
DA:531,0
DA:538,0
DA:539,0
DA:540,0
DA:548,0
DA:549,0
DA:557,0
DA:573,0
DA:574,0
DA:575,0
DA:577,0
DA:592,0
DA:596,0
DA:600,0
DA:601,0
DA:605,0
DA:607,0
DA:608,0
DA:611,0
DA:612,0
DA:615,0
DA:616,0
DA:617,0
DA:618,0
DA:619,0
DA:620,0
DA:621,0
DA:624,0
DA:628,0
DA:629,0
DA:630,0
DA:634,0
DA:638,0
DA:642,0
DA:643,0
DA:647,0
DA:648,0
DA:649,0
DA:653,0
DA:657,0
DA:658,0
DA:662,0
DA:663,0
DA:664,0
DA:668,0
LF:232
LH:0
BRDA:52,0,0,0
BRDA:52,0,1,0
BRDA:56,1,0,0
BRDA:76,2,0,0
BRDA:76,2,1,0
BRDA:77,3,0,0
BRDA:77,3,1,0
BRDA:89,4,0,0
BRDA:89,4,1,0
BRDA:93,5,0,0
BRDA:93,5,1,0
BRDA:97,6,0,0
BRDA:97,6,1,0
BRDA:100,7,0,0
BRDA:100,7,1,0
BRDA:103,8,0,0
BRDA:103,8,1,0
BRDA:119,9,0,0
BRDA:140,10,0,0
BRDA:140,10,1,0
BRDA:140,11,0,0
BRDA:140,11,1,0
BRDA:142,12,0,0
BRDA:142,12,1,0
BRDA:150,13,0,0
BRDA:150,13,1,0
BRDA:152,14,0,0
BRDA:152,14,1,0
BRDA:167,15,0,0
BRDA:167,15,1,0
BRDA:170,16,0,0
BRDA:170,16,1,0
BRDA:171,17,0,0
BRDA:171,17,1,0
BRDA:191,18,0,0
BRDA:191,18,1,0
BRDA:222,19,0,0
BRDA:222,19,1,0
BRDA:226,20,0,0
BRDA:226,20,1,0
BRDA:243,21,0,0
BRDA:243,21,1,0
BRDA:244,22,0,0
BRDA:244,22,1,0
BRDA:247,23,0,0
BRDA:247,23,1,0
BRDA:258,24,0,0
BRDA:258,24,1,0
BRDA:282,25,0,0
BRDA:282,25,1,0
BRDA:325,26,0,0
BRDA:330,27,0,0
BRDA:330,27,1,0
BRDA:330,27,2,0
BRDA:352,28,0,0
BRDA:367,29,0,0
BRDA:367,29,1,0
BRDA:367,30,0,0
BRDA:367,30,1,0
BRDA:369,31,0,0
BRDA:369,31,1,0
BRDA:370,32,0,0
BRDA:370,32,1,0
BRDA:371,33,0,0
BRDA:384,34,0,0
BRDA:384,34,1,0
BRDA:384,34,2,0
BRDA:384,34,3,0
BRDA:404,35,0,0
BRDA:405,36,0,0
BRDA:405,36,1,0
BRDA:406,37,0,0
BRDA:406,37,1,0
BRDA:407,38,0,0
BRDA:408,39,0,0
BRDA:408,39,1,0
BRDA:408,39,2,0
BRDA:409,40,0,0
BRDA:409,40,1,0
BRDA:410,41,0,0
BRDA:410,41,1,0
BRDA:411,42,0,0
BRDA:411,43,0,0
BRDA:411,43,1,0
BRDA:415,44,0,0
BRDA:417,45,0,0
BRDA:417,45,1,0
BRDA:418,46,0,0
BRDA:419,47,0,0
BRDA:419,47,1,0
BRDA:420,48,0,0
BRDA:420,48,1,0
BRDA:421,49,0,0
BRDA:421,49,1,0
BRDA:422,50,0,0
BRDA:422,51,0,0
BRDA:422,51,1,0
BRDA:434,52,0,0
BRDA:434,52,1,0
BRDA:434,53,0,0
BRDA:434,53,1,0
BRDA:437,54,0,0
BRDA:437,55,0,0
BRDA:437,55,1,0
BRDA:452,56,0,0
BRDA:452,56,1,0
BRDA:453,57,0,0
BRDA:453,57,1,0
BRDA:454,58,0,0
BRDA:454,58,1,0
BRDA:455,59,0,0
BRDA:455,59,1,0
BRDA:459,60,0,0
BRDA:460,61,0,0
BRDA:463,62,0,0
BRDA:463,62,1,0
BRDA:467,63,0,0
BRDA:467,63,1,0
BRDA:482,64,0,0
BRDA:482,64,1,0
BRDA:483,65,0,0
BRDA:483,65,1,0
BRDA:499,66,0,0
BRDA:499,66,1,0
BRDA:503,67,0,0
BRDA:503,67,1,0
BRDA:519,68,0,0
BRDA:530,69,0,0
BRDA:539,70,0,0
BRDA:539,71,0,0
BRDA:539,71,1,0
BRDA:550,72,0,0
BRDA:550,72,1,0
BRDA:551,73,0,0
BRDA:551,73,1,0
BRDA:561,74,0,0
BRDA:561,74,1,0
BRDA:574,75,0,0
BRDA:574,75,1,0
BRDA:586,76,0,0
BRDA:586,76,1,0
BRDA:601,77,0,0
BRDA:601,77,1,0
BRDA:605,78,0,0
BRDA:608,79,0,0
BRDA:612,80,0,0
BRDA:616,81,0,0
BRDA:621,82,0,0
BRDA:642,83,0,0
BRDA:653,84,0,0
BRDA:653,84,1,0
BRDA:657,85,0,0
BRDA:657,85,1,0
BRDA:662,86,0,0
BRDA:663,87,0,0
BRDA:673,88,0,0
BRDA:673,88,1,0
BRDA:674,89,0,0
BRDA:674,89,1,0
BRDA:675,90,0,0
BRDA:675,90,1,0
BRDA:676,91,0,0
BRDA:676,91,1,0
BRDA:679,92,0,0
BRDA:679,92,1,0
BRDA:683,93,0,0
BRDA:683,93,1,0
BRDA:687,94,0,0
BRDA:687,94,1,0
BRDA:688,95,0,0
BRDA:688,95,1,0
BRDA:690,96,0,0
BRDA:690,96,1,0
BRDA:691,97,0,0
BRDA:691,97,1,0
BRF:175
BRH:0
end_of_record
TN:
SF:src\modules\ai-insights\invoice-collection-copilot.service.ts
FN:55,(anonymous_4)
FN:61,(anonymous_5)
FN:70,(anonymous_6)
FN:72,(anonymous_7)
FN:106,(anonymous_8)
FN:107,(anonymous_9)
FN:108,(anonymous_10)
FN:115,(anonymous_11)
FN:161,(anonymous_12)
FN:196,(anonymous_13)
FN:214,(anonymous_14)
FN:228,(anonymous_15)
FN:238,(anonymous_16)
FN:242,(anonymous_17)
FN:251,(anonymous_18)
FN:256,(anonymous_19)
FN:260,(anonymous_20)
FN:266,(anonymous_21)
FN:272,(anonymous_22)
FNF:19
FNH:0
FNDA:0,(anonymous_4)
FNDA:0,(anonymous_5)
FNDA:0,(anonymous_6)
FNDA:0,(anonymous_7)
FNDA:0,(anonymous_8)
FNDA:0,(anonymous_9)
FNDA:0,(anonymous_10)
FNDA:0,(anonymous_11)
FNDA:0,(anonymous_12)
FNDA:0,(anonymous_13)
FNDA:0,(anonymous_14)
FNDA:0,(anonymous_15)
FNDA:0,(anonymous_16)
FNDA:0,(anonymous_17)
FNDA:0,(anonymous_18)
FNDA:0,(anonymous_19)
FNDA:0,(anonymous_20)
FNDA:0,(anonymous_21)
FNDA:0,(anonymous_22)
DA:1,0
DA:2,0
DA:3,0
DA:4,0
DA:5,0
DA:54,0
DA:56,0
DA:58,0
DA:62,0
DA:63,0
DA:64,0
DA:65,0
DA:67,0
DA:70,0
DA:72,0
DA:73,0
DA:74,0
DA:75,0
DA:100,0
DA:106,0
DA:107,0
DA:108,0
DA:120,0
DA:121,0
DA:125,0
DA:126,0
DA:127,0
DA:128,0
DA:129,0
DA:134,0
DA:135,0
DA:136,0
DA:137,0
DA:138,0
DA:139,0
DA:141,0
DA:142,0
DA:145,0
DA:146,0
DA:167,0
DA:168,0
DA:170,0
DA:171,0
DA:179,0
DA:180,0
DA:188,0
DA:200,0
DA:201,0
DA:203,0
DA:204,0
DA:207,0
DA:208,0
DA:211,0
DA:219,0
DA:225,0
DA:232,0
DA:233,0
DA:234,0
DA:235,0
DA:239,0
DA:243,0
DA:244,0
DA:245,0
DA:246,0
DA:247,0
DA:248,0
DA:252,0
DA:253,0
DA:257,0
DA:261,0
DA:262,0
DA:263,0
DA:267,0
DA:268,0
DA:269,0
DA:273,0
DA:274,0
DA:276,0
DA:277,0
DA:278,0
DA:280,0
LF:81
LH:0
BRDA:61,0,0,0
BRDA:64,1,0,0
BRDA:64,1,1,0
BRDA:86,2,0,0
BRDA:86,2,1,0
BRDA:89,3,0,0
BRDA:89,3,1,0
BRDA:91,4,0,0
BRDA:91,4,1,0
BRDA:91,5,0,0
BRDA:91,5,1,0
BRDA:94,6,0,0
BRDA:94,6,1,0
BRDA:102,7,0,0
BRDA:102,7,1,0
BRDA:110,8,0,0
BRDA:110,8,1,0
BRDA:125,9,0,0
BRDA:125,9,1,0
BRDA:130,10,0,0
BRDA:130,10,1,0
BRDA:130,11,0,0
BRDA:130,11,1,0
BRDA:134,12,0,0
BRDA:134,12,1,0
BRDA:137,13,0,0
BRDA:137,13,1,0
BRDA:151,14,0,0
BRDA:151,14,1,0
BRDA:153,15,0,0
BRDA:153,15,1,0
BRDA:153,16,0,0
BRDA:153,16,1,0
BRDA:156,17,0,0
BRDA:156,17,1,0
BRDA:167,18,0,0
BRDA:167,18,1,0
BRDA:170,19,0,0
BRDA:173,20,0,0
BRDA:173,20,1,0
BRDA:174,21,0,0
BRDA:174,21,1,0
BRDA:179,22,0,0
BRDA:182,23,0,0
BRDA:182,23,1,0
BRDA:183,24,0,0
BRDA:183,24,1,0
BRDA:203,25,0,0
BRDA:207,26,0,0
BRDA:219,27,0,0
BRDA:219,27,1,0
BRDA:221,28,0,0
BRDA:221,28,1,0
BRDA:232,29,0,0
BRDA:232,29,1,0
BRDA:239,30,0,0
BRDA:239,30,1,0
BRDA:239,31,0,0
BRDA:239,31,1,0
BRDA:244,32,0,0
BRDA:252,33,0,0
BRDA:252,33,1,0
BRDA:257,34,0,0
BRDA:257,34,1,0
BRDA:261,35,0,0
BRDA:263,36,0,0
BRDA:263,36,1,0
BRDA:267,37,0,0
BRDA:269,38,0,0
BRDA:269,38,1,0
BRDA:273,39,0,0
BRDA:277,40,0,0
BRF:72
BRH:0
end_of_record
TN:
SF:src\modules\ai-insights\invoice-late-risk.service.ts
FN:38,(anonymous_4)
FN:43,(anonymous_5)
FN:50,(anonymous_6)
FN:79,(anonymous_7)
FN:86,(anonymous_8)
FN:87,(anonymous_9)
FN:88,(anonymous_10)
FN:90,(anonymous_11)
FN:120,(anonymous_12)
FN:129,(anonymous_13)
FN:131,(anonymous_14)
FN:156,(anonymous_15)
FN:157,(anonymous_16)
FN:202,(anonymous_17)
FN:205,(anonymous_18)
FN:255,(anonymous_19)
FN:258,(anonymous_20)
FN:275,(anonymous_21)
FN:288,(anonymous_22)
FN:314,(anonymous_23)
FN:319,(anonymous_24)
FN:325,(anonymous_25)
FN:329,(anonymous_26)
FN:333,(anonymous_27)
FN:343,(anonymous_28)
FN:363,(anonymous_29)
FN:368,(anonymous_30)
FN:374,(anonymous_31)
FN:378,(anonymous_32)
FN:383,(anonymous_33)
FN:389,(anonymous_34)
FNF:31
FNH:0
FNDA:0,(anonymous_4)
FNDA:0,(anonymous_5)
FNDA:0,(anonymous_6)
FNDA:0,(anonymous_7)
FNDA:0,(anonymous_8)
FNDA:0,(anonymous_9)
FNDA:0,(anonymous_10)
FNDA:0,(anonymous_11)
FNDA:0,(anonymous_12)
FNDA:0,(anonymous_13)
FNDA:0,(anonymous_14)
FNDA:0,(anonymous_15)
FNDA:0,(anonymous_16)
FNDA:0,(anonymous_17)
FNDA:0,(anonymous_18)
FNDA:0,(anonymous_19)
FNDA:0,(anonymous_20)
FNDA:0,(anonymous_21)
FNDA:0,(anonymous_22)
FNDA:0,(anonymous_23)
FNDA:0,(anonymous_24)
FNDA:0,(anonymous_25)
FNDA:0,(anonymous_26)
FNDA:0,(anonymous_27)
FNDA:0,(anonymous_28)
FNDA:0,(anonymous_29)
FNDA:0,(anonymous_30)
FNDA:0,(anonymous_31)
FNDA:0,(anonymous_32)
FNDA:0,(anonymous_33)
FNDA:0,(anonymous_34)
DA:1,0
DA:2,0
DA:3,0
DA:4,0
DA:37,0
DA:40,0
DA:44,0
DA:49,0
DA:50,0
DA:51,0
DA:54,0
DA:55,0
DA:78,0
DA:79,0
DA:80,0
DA:83,0
DA:84,0
DA:86,0
DA:87,0
DA:88,0
DA:89,0
DA:90,0
DA:93,0
DA:125,0
DA:126,0
DA:127,0
DA:129,0
DA:130,0
DA:131,0
DA:134,0
DA:138,0
DA:157,0
DA:160,0
DA:162,0
DA:163,0
DA:164,0
DA:165,0
DA:166,0
DA:167,0
DA:170,0
DA:171,0
DA:172,0
DA:173,0
DA:174,0
DA:175,0
DA:176,0
DA:177,0
DA:180,0
DA:181,0
DA:183,0
DA:184,0
DA:185,0
DA:186,0
DA:189,0
DA:192,0
DA:194,0
DA:202,0
DA:211,0
DA:212,0
DA:213,0
DA:216,0
DA:217,0
DA:223,0
DA:224,0
DA:232,0
DA:246,0
DA:247,0
DA:255,0
DA:257,0
DA:259,0
DA:260,0
DA:261,0
DA:262,0
DA:275,0
DA:277,0
DA:279,0
DA:293,0
DA:295,0
DA:296,0
DA:298,0
DA:299,0
DA:301,0
DA:302,0
DA:304,0
DA:305,0
DA:307,0
DA:308,0
DA:311,0
DA:315,0
DA:316,0
DA:317,0
DA:319,0
DA:320,0
DA:321,0
DA:324,0
DA:325,0
DA:326,0
DA:330,0
DA:334,0
DA:335,0
DA:336,0
DA:340,0
DA:344,0
DA:345,0
DA:346,0
DA:348,0
DA:349,0
DA:351,0
DA:352,0
DA:353,0
DA:354,0
DA:355,0
DA:356,0
DA:357,0
DA:360,0
DA:364,0
DA:365,0
DA:369,0
DA:370,0
DA:371,0
DA:375,0
DA:379,0
DA:380,0
DA:384,0
DA:385,0
DA:386,0
DA:390,0
LF:127
LH:0
BRDA:51,0,0,0
BRDA:51,0,1,0
BRDA:54,1,0,0
BRDA:84,2,0,0
BRDA:84,2,1,0
BRDA:89,3,0,0
BRDA:89,3,1,0
BRDA:95,4,0,0
BRDA:95,4,1,0
BRDA:97,5,0,0
BRDA:97,5,1,0
BRDA:112,6,0,0
BRDA:112,6,1,0
BRDA:127,7,0,0
BRDA:127,7,1,0
BRDA:131,8,0,0
BRDA:131,8,1,0
BRDA:134,9,0,0
BRDA:134,9,1,0
BRDA:143,10,0,0
BRDA:143,10,1,0
BRDA:144,11,0,0
BRDA:144,11,1,0
BRDA:145,12,0,0
BRDA:145,12,1,0
BRDA:150,13,0,0
BRDA:150,13,1,0
BRDA:151,14,0,0
BRDA:151,14,1,0
BRDA:152,15,0,0
BRDA:152,15,1,0
BRDA:152,16,0,0
BRDA:152,16,1,0
BRDA:162,17,0,0
BRDA:162,17,1,0
BRDA:164,18,0,0
BRDA:164,18,1,0
BRDA:166,19,0,0
BRDA:170,20,0,0
BRDA:170,20,1,0
BRDA:172,21,0,0
BRDA:172,21,1,0
BRDA:174,22,0,0
BRDA:174,22,1,0
BRDA:176,23,0,0
BRDA:183,24,0,0
BRDA:183,24,1,0
BRDA:185,25,0,0
BRDA:192,26,0,0
BRDA:192,26,1,0
BRDA:192,27,0,0
BRDA:192,27,1,0
BRDA:212,28,0,0
BRDA:223,29,0,0
BRDA:246,30,0,0
BRDA:261,31,0,0
BRDA:261,31,1,0
BRDA:267,32,0,0
BRDA:267,32,1,0
BRDA:269,33,0,0
BRDA:269,33,1,0
BRDA:272,34,0,0
BRDA:272,34,1,0
BRDA:283,35,0,0
BRDA:283,35,1,0
BRDA:295,36,0,0
BRDA:295,37,0,0
BRDA:295,37,1,0
BRDA:298,38,0,0
BRDA:301,39,0,0
BRDA:304,40,0,0
BRDA:307,41,0,0
BRDA:321,42,0,0
BRDA:321,42,1,0
BRDA:321,43,0,0
BRDA:321,43,1,0
BRDA:324,44,0,0
BRDA:325,45,0,0
BRDA:325,45,1,0
BRDA:335,46,0,0
BRDA:335,47,0,0
BRDA:335,47,1,0
BRDA:344,48,0,0
BRDA:346,49,0,0
BRDA:349,50,0,0
BRDA:352,51,0,0
BRDA:357,52,0,0
BRDA:365,53,0,0
BRDA:365,53,1,0
BRF:89
BRH:0
end_of_record
TN:
SF:src\modules\ai-insights\dto\create-ai-insight.dto.ts
FNF:0
FNH:0
DA:1,0
DA:3,0
DA:6,0
DA:9,0
DA:12,0
DA:14,0
DA:15,0
DA:17,0
DA:18,0
DA:20,0
DA:23,0
LF:11
LH:0
BRF:0
BRH:0
end_of_record
TN:
SF:src\modules\ai-insights\dto\run-what-if-simulation.dto.ts
FNF:0
FNH:0
DA:1,0
DA:3,0
DA:6,0
DA:10,0
DA:14,0
DA:18,0
DA:22,0
LF:7
LH:0
BRF:0
BRH:0
end_of_record
TN:
SF:src\modules\ai-insights\dto\save-what-if-scenario.dto.ts
FNF:0
FNH:0
DA:1,0
DA:3,0
DA:7,0
DA:10,0
DA:13,0
DA:16,0
DA:19,0
DA:22,0
LF:8
LH:0
BRF:0
BRH:0
end_of_record
TN:
SF:src\modules\ai-insights\dto\update-ai-insight.dto.ts
FNF:0
FNH:0
DA:1,0
DA:2,0
DA:3,0
LF:3
LH:0
BRF:0
BRH:0
end_of_record
TN:
SF:src\modules\ai-insights\dto\update-invoice-collection-action.dto.ts
FNF:0
FNH:0
DA:1,0
DA:3,0
DA:5,0
DA:9,0
DA:14,0
DA:18,0
DA:23,0
LF:7
LH:0
BRF:0
BRH:0
end_of_record
TN:
SF:src\modules\ai-insights\dto\update-what-if-scenario.dto.ts
FNF:0
FNH:0
DA:1,0
DA:3,0
DA:8,0
DA:11,0
DA:14,0
DA:17,0
DA:20,0
DA:23,0
LF:8
LH:0
BRF:0
BRH:0
end_of_record
TN:
SF:src\modules\ai-insights\entities\ai-insight.entity.ts
FNF:0
FNH:0
DA:1,0
DA:5,0
DA:6,0
DA:9,0
DA:12,0
DA:15,0
DA:17,0
DA:18,0
DA:20,0
DA:21,0
DA:23,0
DA:26,0
DA:28,0
LF:13
LH:0
BRF:0
BRH:0
end_of_record
TN:
SF:src\modules\ai-insights\entities\invoice-collection-action.entity.ts
FNF:0
FNH:0
DA:1,0
DA:12,0
DA:14,0
DA:18,0
DA:22,0
DA:25,0
DA:28,0
DA:31,0
DA:34,0
DA:37,0
DA:40,0
DA:43,0
DA:46,0
LF:13
LH:0
BRF:0
BRH:0
end_of_record
TN:
SF:src\modules\ai-insights\entities\what-if-scenario.entity.ts
FNF:0
FNH:0
DA:1,0
DA:11,0
DA:13,0
DA:17,0
DA:20,0
DA:23,0
DA:26,0
DA:29,0
DA:32,0
DA:35,0
DA:38,0
DA:41,0
DA:44,0
DA:47,0
DA:50,0
DA:53,0
DA:56,0
DA:59,0
LF:18
LH:0
BRF:0
BRH:0
end_of_record
TN:
SF:src\modules\auth\auth.controller.ts
FN:16,(anonymous_4)
FN:22,(anonymous_5)
FN:27,(anonymous_6)
FN:33,(anonymous_7)
FN:38,(anonymous_8)
FN:43,(anonymous_9)
FN:52,(anonymous_10)
FN:56,(anonymous_11)
FN:68,(anonymous_12)
FN:74,(anonymous_13)
FN:90,(anonymous_14)
FNF:11
FNH:3
FNDA:3,(anonymous_4)
FNDA:1,(anonymous_5)
FNDA:1,(anonymous_6)
FNDA:0,(anonymous_7)
FNDA:0,(anonymous_8)
FNDA:0,(anonymous_9)
FNDA:0,(anonymous_10)
FNDA:0,(anonymous_11)
FNDA:0,(anonymous_12)
FNDA:0,(anonymous_13)
FNDA:0,(anonymous_14)
DA:2,1
DA:4,1
DA:5,1
DA:6,1
DA:8,1
DA:9,1
DA:10,1
DA:11,1
DA:12,1
DA:15,1
DA:17,3
DA:18,3
DA:22,1
DA:23,1
DA:27,1
DA:28,1
DA:33,1
DA:34,0
DA:38,1
DA:39,0
DA:43,1
DA:44,0
DA:52,1
DA:56,1
DA:57,0
DA:58,0
DA:68,1
DA:74,1
DA:76,0
DA:79,0
DA:83,0
DA:90,1
DA:91,0
LF:33
LH:24
BRDA:79,0,0,0
BRDA:79,0,1,0
BRDA:79,0,2,0
BRF:3
BRH:0
end_of_record
TN:
SF:src\modules\auth\auth.module.ts
FN:26,(anonymous_1)
FNF:1
FNH:0
FNDA:0,(anonymous_1)
DA:2,0
DA:3,0
DA:4,0
DA:5,0
DA:6,0
DA:8,0
DA:9,0
DA:10,0
DA:12,0
DA:13,0
DA:14,0
DA:16,0
DA:17,0
DA:26,0
DA:36,0
LF:15
LH:0
BRF:0
BRH:0
end_of_record
TN:
SF:src\modules\auth\auth.service.ts
FN:22,(anonymous_4)
FN:38,(anonymous_5)
FN:77,(anonymous_6)
FN:119,(anonymous_7)
FN:128,(anonymous_8)
FN:157,(anonymous_9)
FN:252,(anonymous_10)
FN:276,(anonymous_11)
FN:283,(anonymous_12)
FN:328,(anonymous_13)
FN:338,(anonymous_14)
FN:353,(anonymous_15)
FN:356,(anonymous_16)
FNF:13
FNH:1
FNDA:1,(anonymous_4)
FNDA:0,(anonymous_5)
FNDA:0,(anonymous_6)
FNDA:0,(anonymous_7)
FNDA:0,(anonymous_8)
FNDA:0,(anonymous_9)
FNDA:0,(anonymous_10)
FNDA:0,(anonymous_11)
FNDA:0,(anonymous_12)
FNDA:0,(anonymous_13)
FNDA:0,(anonymous_14)
FNDA:0,(anonymous_15)
FNDA:0,(anonymous_16)
DA:2,2
DA:8,2
DA:9,2
DA:10,2
DA:11,2
DA:13,2
DA:16,2
DA:18,2
DA:21,2
DA:24,1
DA:27,1
DA:30,1
DA:32,1
DA:39,0
DA:41,0
DA:42,0
DA:44,0
DA:45,0
DA:50,0
DA:52,0
DA:64,0
DA:65,0
DA:67,0
DA:78,0
DA:79,0
DA:81,0
DA:82,0
DA:85,0
DA:86,0
DA:89,0
DA:91,0
DA:92,0
DA:94,0
DA:95,0
DA:96,0
DA:99,0
DA:100,0
DA:103,0
DA:104,0
DA:105,0
DA:107,0
DA:109,0
DA:120,0
DA:121,0
DA:122,0
DA:129,0
DA:130,0
DA:132,0
DA:133,0
DA:136,0
DA:137,0
DA:142,0
DA:143,0
DA:145,0
DA:146,0
DA:148,0
DA:149,0
DA:151,0
DA:158,0
DA:159,0
DA:161,0
DA:162,0
DA:163,0
DA:164,0
DA:166,0
DA:168,0
DA:169,0
DA:174,0
DA:177,0
DA:179,0
DA:180,0
DA:181,0
DA:184,0
DA:185,0
DA:186,0
DA:187,0
DA:190,0
DA:192,0
DA:193,0
DA:194,0
DA:196,0
DA:198,0
DA:214,0
DA:218,0
DA:219,0
DA:229,0
DA:230,0
DA:231,0
DA:232,0
DA:235,0
DA:237,0
DA:238,0
DA:240,0
DA:242,0
DA:253,0
DA:254,0
DA:256,0
DA:258,0
DA:259,0
DA:270,0
DA:273,0
DA:277,0
DA:291,0
DA:293,0
DA:300,0
DA:301,0
DA:314,0
DA:316,0
DA:317,0
DA:318,0
DA:321,0
DA:322,0
DA:329,0
DA:339,0
DA:354,0
DA:357,0
DA:358,0
DA:360,0
DA:362,0
DA:363,0
DA:365,0
DA:366,0
DA:371,0
DA:372,0
DA:373,0
DA:375,0
LF:126
LH:13
BRDA:42,0,0,0
BRDA:44,1,0,0
BRDA:55,2,0,0
BRDA:55,2,1,0
BRDA:81,3,0,0
BRDA:81,4,0,0
BRDA:81,4,1,0
BRDA:85,5,0,0
BRDA:85,6,0,0
BRDA:85,6,1,0
BRDA:91,7,0,0
BRDA:92,8,0,0
BRDA:92,8,1,0
BRDA:94,9,0,0
BRDA:121,10,0,0
BRDA:130,11,0,0
BRDA:132,12,0,0
BRDA:136,13,0,0
BRDA:158,14,0,0
BRDA:158,14,1,0
BRDA:159,15,0,0
BRDA:162,16,0,0
BRDA:163,17,0,0
BRDA:164,18,0,0
BRDA:168,19,0,0
BRDA:179,20,0,0
BRDA:179,20,1,0
BRDA:180,21,0,0
BRDA:180,22,0,0
BRDA:180,22,1,0
BRDA:184,23,0,0
BRDA:184,23,1,0
BRDA:190,24,0,0
BRDA:190,24,1,0
BRDA:190,24,2,0
BRDA:208,25,0,0
BRDA:208,25,1,0
BRDA:218,26,0,0
BRDA:218,26,1,0
BRDA:225,27,0,0
BRDA:225,27,1,0
BRDA:230,28,0,0
BRDA:230,28,1,0
BRDA:230,28,2,0
BRDA:232,29,0,0
BRDA:232,29,1,0
BRDA:254,30,0,0
BRDA:258,31,0,0
BRDA:291,32,0,0
BRDA:291,32,1,0
BRDA:296,33,0,0
BRDA:296,33,1,0
BRDA:300,34,0,0
BRDA:300,34,1,0
BRDA:302,35,0,0
BRDA:302,35,1,0
BRDA:303,36,0,0
BRDA:303,36,1,0
BRDA:303,36,2,0
BRDA:316,37,0,0
BRDA:317,38,0,0
BRDA:317,39,0,0
BRDA:317,39,1,0
BRDA:334,40,0,0
BRDA:334,40,1,0
BRDA:346,41,0,0
BRDA:346,41,1,0
BRDA:348,42,0,0
BRDA:348,42,1,0
BRDA:349,43,0,0
BRDA:349,43,1,0
BRDA:358,44,0,0
BRDA:360,45,0,0
BRDA:363,46,0,0
BRDA:365,47,0,0
BRF:75
BRH:0
end_of_record
TN:
SF:src\modules\auth\business-access.guard.ts
FN:15,(anonymous_4)
FN:23,(anonymous_5)
FNF:2
FNH:0
FNDA:0,(anonymous_4)
FNDA:0,(anonymous_5)
DA:1,0
DA:8,0
DA:9,0
DA:10,0
DA:11,0
DA:14,0
DA:17,0
DA:20,0
DA:24,0
DA:25,0
DA:27,0
DA:30,0
DA:34,0
DA:39,0
DA:41,0
DA:44,0
DA:45,0
DA:48,0
DA:49,0
DA:53,0
DA:61,0
DA:63,0
DA:64,0
LF:23
LH:0
BRDA:27,0,0,0
BRDA:30,1,0,0
BRDA:34,2,0,0
BRDA:34,2,1,0
BRDA:34,2,2,0
BRDA:34,2,3,0
BRDA:39,3,0,0
BRDA:44,4,0,0
BRDA:48,5,0,0
BRDA:61,6,0,0
BRF:10
BRH:0
end_of_record
TN:
SF:src\modules\auth\github.strategy.ts
FN:8,(anonymous_2)
FN:17,(anonymous_3)
FNF:2
FNH:0
FNDA:0,(anonymous_2)
FNDA:0,(anonymous_3)
DA:1,0
DA:2,0
DA:3,0
DA:4,0
DA:7,0
DA:8,0
DA:9,0
DA:23,0
DA:25,0
LF:9
LH:0
BRDA:23,0,0,0
BRDA:23,0,1,0
BRF:2
BRH:0
end_of_record
TN:
SF:src\modules\auth\google.strategy.ts
FN:9,(anonymous_2)
FN:21,(anonymous_3)
FNF:2
FNH:0
FNDA:0,(anonymous_2)
FNDA:0,(anonymous_3)
DA:1,0
DA:2,0
DA:3,0
DA:4,0
DA:5,0
DA:8,0
DA:10,0
DA:11,0
DA:13,0
DA:26,0
DA:28,0
DA:29,0
DA:32,0
DA:39,0
LF:14
LH:0
BRDA:28,0,0,0
BRDA:28,1,0,0
BRDA:28,1,1,0
BRF:3
BRH:0
end_of_record
TN:
SF:src\modules\auth\jwt-auth.guard.ts
FNF:0
FNH:0
DA:1,11
DA:2,11
DA:5,11
LF:3
LH:3
BRF:0
BRH:0
end_of_record
TN:
SF:src\modules\auth\jwt.strategy.ts
FN:8,(anonymous_2)
FN:22,(anonymous_3)
FNF:2
FNH:0
FNDA:0,(anonymous_2)
FNDA:0,(anonymous_3)
DA:1,0
DA:2,0
DA:3,0
DA:4,0
DA:7,0
DA:8,0
DA:9,0
DA:11,0
DA:12,0
DA:15,0
DA:23,0
LF:11
LH:0
BRDA:11,0,0,0
BRDA:28,1,0,0
BRDA:28,1,1,0
BRDA:29,2,0,0
BRDA:29,2,1,0
BRF:5
BRH:0
end_of_record
TN:
SF:src\modules\auth\owner.guard.ts
FN:5,(anonymous_1)
FNF:1
FNH:0
FNDA:0,(anonymous_1)
DA:1,1
DA:4,1
DA:6,0
DA:7,0
DA:9,0
DA:10,0
DA:11,0
DA:13,0
LF:8
LH:2
BRDA:9,0,0,0
BRDA:10,1,0,0
BRF:2
BRH:0
end_of_record
TN:
SF:src\modules\auth\platform-admin.guard.ts
FN:6,(anonymous_1)
FNF:1
FNH:0
FNDA:0,(anonymous_1)
DA:2,0
DA:5,0
DA:7,0
DA:8,0
DA:10,0
DA:11,0
DA:13,0
DA:14,0
DA:16,0
LF:9
LH:0
BRDA:11,0,0,0
BRDA:13,1,0,0
BRF:2
BRH:0
end_of_record
TN:
SF:src\modules\auth\dto\accept-invite.dto.ts
FNF:0
FNH:0
DA:1,1
DA:3,1
DA:5,1
DA:9,1
LF:4
LH:4
BRF:0
BRH:0
end_of_record
TN:
SF:src\modules\auth\dto\change-password.dto.ts
FNF:0
FNH:0
DA:2,1
DA:3,1
DA:5,1
DA:8,1
LF:4
LH:4
BRF:0
BRH:0
end_of_record
TN:
SF:src\modules\auth\dto\login.dto.ts
FNF:0
FNH:0
DA:1,1
DA:3,1
DA:4,1
DA:5,1
DA:9,1
LF:5
LH:5
BRF:0
BRH:0
end_of_record
TN:
SF:src\modules\auth\dto\register.dto.ts
FNF:0
FNH:0
DA:1,1
DA:3,1
DA:4,1
DA:5,1
DA:6,1
DA:10,1
DA:12,1
LF:7
LH:7
BRF:0
BRH:0
end_of_record
TN:
SF:src\modules\auth\strategies\github.strategy.ts
FN:8,(anonymous_2)
FN:17,(anonymous_3)
FNF:2
FNH:0
FNDA:0,(anonymous_2)
FNDA:0,(anonymous_3)
DA:1,0
DA:2,0
DA:3,0
DA:4,0
DA:7,0
DA:8,0
DA:9,0
DA:24,0
DA:26,0
LF:9
LH:0
BRDA:24,0,0,0
BRDA:24,0,1,0
BRDA:24,0,2,0
BRF:3
BRH:0
end_of_record
TN:
SF:src\modules\businesses\business-files.controller.ts
FN:16,safeExt
FN:41,(anonymous_5)
FN:28,(anonymous_6)
FN:34,(anonymous_7)
FNF:4
FNH:0
FNDA:0,safeExt
FNDA:0,(anonymous_5)
FNDA:0,(anonymous_6)
FNDA:0,(anonymous_7)
DA:1,0
DA:10,0
DA:11,0
DA:12,0
DA:13,0
DA:14,0
DA:17,0
DA:22,0
DA:29,0
DA:30,0
DA:31,0
DA:35,0
DA:36,0
DA:41,0
DA:42,0
DA:45,0
DA:47,0
LF:17
LH:0
BRDA:17,0,0,0
BRDA:17,0,1,0
BRDA:42,1,0,0
BRDA:36,2,0,0
BRDA:36,2,1,0
BRF:5
BRH:0
end_of_record
TN:
SF:src\modules\businesses\businesses.controller.ts
FN:22,(anonymous_4)
FN:25,(anonymous_5)
FN:30,(anonymous_6)
FN:39,(anonymous_7)
FN:48,(anonymous_8)
FN:61,(anonymous_9)
FN:70,(anonymous_10)
FN:78,(anonymous_11)
FN:83,(anonymous_12)
FN:89,(anonymous_13)
FN:95,(anonymous_14)
FN:101,(anonymous_15)
FN:106,(anonymous_16)
FNF:13
FNH:1
FNDA:1,(anonymous_4)
FNDA:0,(anonymous_5)
FNDA:0,(anonymous_6)
FNDA:0,(anonymous_7)
FNDA:0,(anonymous_8)
FNDA:0,(anonymous_9)
FNDA:0,(anonymous_10)
FNDA:0,(anonymous_11)
FNDA:0,(anonymous_12)
FNDA:0,(anonymous_13)
FNDA:0,(anonymous_14)
FNDA:0,(anonymous_15)
FNDA:0,(anonymous_16)
DA:1,1
DA:13,1
DA:14,1
DA:15,1
DA:16,1
DA:17,1
DA:21,1
DA:22,1
DA:25,1
DA:26,0
DA:30,1
DA:31,0
DA:32,0
DA:34,0
DA:39,1
DA:40,0
DA:41,0
DA:43,0
DA:48,1
DA:53,0
DA:54,0
DA:56,0
DA:61,1
DA:62,0
DA:63,0
DA:65,0
DA:70,1
DA:71,0
DA:72,0
DA:74,0
DA:78,1
DA:79,0
DA:83,1
DA:84,0
DA:89,1
DA:90,0
DA:95,1
DA:96,0
DA:97,0
DA:101,1
DA:102,0
DA:106,1
DA:107,0
LF:43
LH:20
BRDA:31,0,0,0
BRDA:40,1,0,0
BRDA:53,2,0,0
BRDA:62,3,0,0
BRDA:71,4,0,0
BRF:5
BRH:0
end_of_record
TN:
SF:src\modules\businesses\businesses.module.ts
FNF:0
FNH:0
DA:1,0
DA:2,0
DA:3,0
DA:4,0
DA:5,0
DA:6,0
DA:7,0
DA:14,0
LF:8
LH:0
BRF:0
BRH:0
end_of_record
TN:
SF:src\modules\businesses\businesses.service.ts
FN:18,(anonymous_4)
FN:32,(anonymous_5)
FN:43,(anonymous_6)
FN:63,(anonymous_7)
FN:68,(anonymous_8)
FN:77,(anonymous_9)
FN:79,(anonymous_10)
FN:82,(anonymous_11)
FN:114,(anonymous_12)
FN:125,(anonymous_13)
FN:131,(anonymous_14)
FN:136,(anonymous_15)
FN:142,(anonymous_16)
FN:151,(anonymous_17)
FN:161,(anonymous_18)
FN:164,(anonymous_19)
FN:170,(anonymous_20)
FN:179,(anonymous_21)
FN:185,(anonymous_22)
FN:190,(anonymous_23)
FN:197,(anonymous_24)
FNF:21
FNH:1
FNDA:1,(anonymous_4)
FNDA:0,(anonymous_5)
FNDA:0,(anonymous_6)
FNDA:0,(anonymous_7)
FNDA:0,(anonymous_8)
FNDA:0,(anonymous_9)
FNDA:0,(anonymous_10)
FNDA:0,(anonymous_11)
FNDA:0,(anonymous_12)
FNDA:0,(anonymous_13)
FNDA:0,(anonymous_14)
FNDA:0,(anonymous_15)
FNDA:0,(anonymous_16)
FNDA:0,(anonymous_17)
FNDA:0,(anonymous_18)
FNDA:0,(anonymous_19)
FNDA:0,(anonymous_20)
FNDA:0,(anonymous_21)
FNDA:0,(anonymous_22)
FNDA:0,(anonymous_23)
FNDA:0,(anonymous_24)
DA:1,2
DA:7,2
DA:8,2
DA:10,2
DA:13,2
DA:14,2
DA:17,2
DA:20,1
DA:23,1
DA:26,1
DA:33,0
DA:44,0
DA:64,0
DA:68,0
DA:71,0
DA:77,0
DA:79,0
DA:83,0
DA:84,0
DA:86,0
DA:87,0
DA:90,0
DA:94,0
DA:95,0
DA:98,0
DA:102,0
DA:105,0
DA:107,0
DA:111,0
DA:115,0
DA:116,0
DA:118,0
DA:122,0
DA:126,0
DA:127,0
DA:128,0
DA:132,0
DA:133,0
DA:137,0
DA:138,0
DA:139,0
DA:143,0
DA:144,0
DA:145,0
DA:152,0
DA:157,0
DA:161,0
DA:165,0
DA:166,0
DA:167,0
DA:171,0
DA:176,0
DA:180,0
DA:181,0
DA:182,0
DA:186,0
DA:187,0
DA:188,0
DA:191,0
DA:192,0
DA:198,0
DA:199,0
DA:201,0
DA:202,0
DA:205,0
DA:207,0
DA:208,0
DA:210,0
DA:211,0
DA:212,0
DA:214,0
DA:215,0
DA:216,0
DA:218,0
DA:220,0
DA:221,0
DA:222,0
DA:224,0
DA:225,0
DA:226,0
DA:227,0
DA:229,0
DA:232,0
DA:234,0
LF:84
LH:10
BRDA:34,0,0,0
BRDA:34,0,1,0
BRDA:34,0,2,0
BRDA:34,0,3,0
BRDA:34,0,4,0
BRDA:34,0,5,0
BRDA:48,1,0,0
BRDA:48,1,1,0
BRDA:48,1,2,0
BRDA:48,1,3,0
BRDA:53,2,0,0
BRDA:53,2,1,0
BRDA:53,2,2,0
BRDA:53,2,3,0
BRDA:71,3,0,0
BRDA:71,3,1,0
BRDA:84,4,0,0
BRDA:86,5,0,0
BRDA:87,6,0,0
BRDA:87,6,1,0
BRDA:94,7,0,0
BRDA:94,8,0,0
BRDA:94,8,1,0
BRDA:95,9,0,0
BRDA:95,9,1,0
BRDA:105,10,0,0
BRDA:107,11,0,0
BRDA:107,11,1,0
BRDA:116,12,0,0
BRDA:118,13,0,0
BRDA:118,13,1,0
BRDA:127,14,0,0
BRDA:144,15,0,0
BRDA:166,16,0,0
BRDA:199,17,0,0
BRDA:201,18,0,0
BRDA:205,19,0,0
BRDA:205,19,1,0
BRDA:207,20,0,0
BRDA:207,20,1,0
BRDA:208,21,0,0
BRDA:208,21,1,0
BRDA:210,22,0,0
BRDA:210,22,1,0
BRDA:211,23,0,0
BRDA:211,23,1,0
BRDA:212,24,0,0
BRDA:212,24,1,0
BRDA:214,25,0,0
BRDA:214,25,1,0
BRDA:215,26,0,0
BRDA:215,26,1,0
BRDA:216,27,0,0
BRDA:216,27,1,0
BRDA:218,28,0,0
BRDA:218,28,1,0
BRDA:220,29,0,0
BRDA:220,29,1,0
BRDA:221,30,0,0
BRDA:221,30,1,0
BRDA:222,31,0,0
BRDA:222,31,1,0
BRDA:224,32,0,0
BRDA:224,33,0,0
BRDA:224,33,1,0
BRDA:224,33,2,0
BRDA:226,34,0,0
BRDA:232,35,0,0
BRDA:232,35,1,0
BRF:69
BRH:0
end_of_record
TN:
SF:src\modules\businesses\dto\create-business.dto.ts
FNF:0
FNH:0
DA:1,1
DA:11,1
DA:14,1
DA:18,1
DA:22,1
DA:26,1
DA:30,1
DA:34,1
DA:38,1
DA:42,1
DA:46,1
DA:49,1
DA:53,1
DA:57,1
DA:61,1
DA:65,1
DA:68,1
DA:72,1
DA:76,1
DA:80,1
DA:84,1
LF:21
LH:21
BRF:0
BRH:0
end_of_record
TN:
SF:src\modules\businesses\dto\update-business.dto.ts
FNF:0
FNH:0
DA:1,1
DA:2,1
DA:3,1
LF:3
LH:3
BRF:0
BRH:0
end_of_record
TN:
SF:src\modules\businesses\entities\business.entity.ts
FNF:0
FNH:0
DA:1,16
DA:4,16
DA:6,16
DA:10,16
DA:12,16
DA:13,16
DA:14,16
DA:15,16
DA:16,16
DA:17,16
DA:18,16
DA:20,16
DA:22,16
DA:25,16
DA:27,16
DA:28,16
DA:29,16
DA:30,16
DA:31,16
DA:32,16
DA:33,16
DA:35,16
DA:38,16
DA:41,16
LF:24
LH:24
BRF:0
BRH:0
end_of_record
TN:
SF:src\modules\clients\clients.controller.ts
FN:16,(anonymous_4)
FN:20,(anonymous_5)
FN:26,(anonymous_6)
FN:32,(anonymous_7)
FN:38,(anonymous_8)
FN:48,(anonymous_9)
FNF:6
FNH:1
FNDA:1,(anonymous_4)
FNDA:0,(anonymous_5)
FNDA:0,(anonymous_6)
FNDA:0,(anonymous_7)
FNDA:0,(anonymous_8)
FNDA:0,(anonymous_9)
DA:1,1
DA:2,1
DA:3,1
DA:4,1
DA:5,1
DA:6,1
DA:7,1
DA:10,1
DA:11,1
DA:15,1
DA:16,1
DA:20,1
DA:21,0
DA:26,1
DA:27,0
DA:32,1
DA:33,0
DA:38,1
DA:43,0
DA:48,1
DA:49,0
LF:21
LH:16
BRF:0
BRH:0
end_of_record
TN:
SF:src\modules\clients\clients.module.ts
FNF:0
FNH:0
DA:1,0
DA:2,0
DA:3,0
DA:4,0
DA:5,0
DA:6,0
DA:14,0
LF:7
LH:0
BRF:0
BRH:0
end_of_record
TN:
SF:src\modules\clients\clients.service.ts
FN:13,(anonymous_4)
FN:21,(anonymous_5)
FN:46,(anonymous_6)
FN:51,(anonymous_7)
FN:53,(anonymous_8)
FN:57,(anonymous_9)
FN:69,(anonymous_10)
FN:76,(anonymous_11)
FN:90,(anonymous_12)
FN:108,(anonymous_13)
FN:183,(anonymous_14)
FN:193,(anonymous_15)
FNF:12
FNH:1
FNDA:1,(anonymous_4)
FNDA:0,(anonymous_5)
FNDA:0,(anonymous_6)
FNDA:0,(anonymous_7)
FNDA:0,(anonymous_8)
FNDA:0,(anonymous_9)
FNDA:0,(anonymous_10)
FNDA:0,(anonymous_11)
FNDA:0,(anonymous_12)
FNDA:0,(anonymous_13)
FNDA:0,(anonymous_14)
FNDA:0,(anonymous_15)
DA:1,2
DA:2,2
DA:3,2
DA:5,2
DA:8,2
DA:9,2
DA:12,2
DA:15,1
DA:18,1
DA:22,0
DA:42,0
DA:43,0
DA:47,0
DA:51,0
DA:53,0
DA:54,0
DA:57,0
DA:58,0
DA:59,0
DA:60,0
DA:63,0
DA:70,0
DA:75,0
DA:77,0
DA:79,0
DA:87,0
DA:91,0
DA:95,0
DA:96,0
DA:99,0
DA:101,0
DA:109,0
DA:113,0
DA:114,0
DA:117,0
DA:118,0
DA:121,0
DA:122,0
DA:125,0
DA:126,0
DA:129,0
DA:130,0
DA:133,0
DA:134,0
DA:137,0
DA:138,0
DA:141,0
DA:142,0
DA:145,0
DA:146,0
DA:149,0
DA:150,0
DA:153,0
DA:154,0
DA:157,0
DA:158,0
DA:161,0
DA:162,0
DA:165,0
DA:166,0
DA:169,0
DA:170,0
DA:173,0
DA:174,0
DA:176,0
DA:184,0
DA:186,0
DA:187,0
DA:190,0
DA:194,0
LF:70
LH:9
BRDA:26,0,0,0
BRDA:26,0,1,0
BRDA:27,1,0,0
BRDA:27,1,1,0
BRDA:28,2,0,0
BRDA:28,2,1,0
BRDA:29,3,0,0
BRDA:29,3,1,0
BRDA:30,4,0,0
BRDA:30,4,1,0
BRDA:31,5,0,0
BRDA:31,5,1,0
BRDA:33,6,0,0
BRDA:33,6,1,0
BRDA:34,7,0,0
BRDA:34,7,1,0
BRDA:35,8,0,0
BRDA:35,8,1,0
BRDA:36,9,0,0
BRDA:36,9,1,0
BRDA:37,10,0,0
BRDA:37,10,1,0
BRDA:54,11,0,0
BRDA:54,11,1,0
BRDA:58,12,0,0
BRDA:58,12,1,0
BRDA:59,13,0,0
BRDA:59,13,1,0
BRDA:95,14,0,0
BRDA:113,15,0,0
BRDA:117,16,0,0
BRDA:121,17,0,0
BRDA:125,18,0,0
BRDA:129,19,0,0
BRDA:133,20,0,0
BRDA:137,21,0,0
BRDA:141,22,0,0
BRDA:142,23,0,0
BRDA:142,23,1,0
BRDA:145,24,0,0
BRDA:146,25,0,0
BRDA:146,25,1,0
BRDA:149,26,0,0
BRDA:153,27,0,0
BRDA:157,28,0,0
BRDA:158,29,0,0
BRDA:158,29,1,0
BRDA:161,30,0,0
BRDA:162,31,0,0
BRDA:162,31,1,0
BRDA:165,32,0,0
BRDA:166,33,0,0
BRDA:166,33,1,0
BRDA:169,34,0,0
BRDA:170,35,0,0
BRDA:170,35,1,0
BRDA:186,36,0,0
BRF:57
BRH:0
end_of_record
TN:
SF:src\modules\clients\dto\create-client.dto.ts
FNF:0
FNH:0
DA:1,1
DA:13,1
DA:16,1
DA:21,1
DA:25,1
DA:33,1
DA:38,1
DA:43,1
DA:48,1
DA:53,1
DA:58,1
DA:61,1
DA:65,1
DA:70,1
DA:75,1
DA:80,1
DA:85,1
LF:17
LH:17
BRF:0
BRH:0
end_of_record
TN:
SF:src\modules\clients\dto\update-client.dto.ts
FNF:0
FNH:0
DA:1,1
DA:2,1
DA:3,1
LF:3
LH:3
BRF:0
BRH:0
end_of_record
TN:
SF:src\modules\clients\entities\client.entity.ts
FNF:0
FNH:0
DA:1,3
DA:11,3
DA:13,3
DA:17,3
DA:20,3
DA:23,3
DA:26,3
DA:29,3
DA:32,3
DA:35,3
DA:38,3
DA:41,3
DA:44,3
DA:51,3
DA:54,3
DA:57,3
DA:60,3
DA:63,3
DA:66,3
DA:69,3
DA:72,3
LF:21
LH:21
BRF:0
BRH:0
end_of_record
TN:
SF:src\modules\communication\channel.entity.ts
FNF:0
FNH:0
DA:1,2
DA:10,2
DA:12,2
DA:16,2
DA:19,2
DA:22,2
DA:25,2
DA:28,2
DA:31,2
DA:34,2
LF:10
LH:10
BRF:0
BRH:0
end_of_record
TN:
SF:src\modules\communication\communication.gateway.ts
FN:27,(anonymous_4)
FN:34,(anonymous_5)
FN:58,(anonymous_6)
FN:68,(anonymous_7)
FN:85,(anonymous_8)
FN:100,(anonymous_9)
FN:168,(anonymous_10)
FN:197,(anonymous_11)
FN:221,(anonymous_12)
FN:235,(anonymous_13)
FN:265,(anonymous_14)
FN:270,(anonymous_15)
FN:279,(anonymous_16)
FN:285,(anonymous_17)
FN:296,(anonymous_18)
FN:306,(anonymous_19)
FN:315,(anonymous_20)
FN:324,(anonymous_21)
FN:330,(anonymous_22)
FNF:19
FNH:0
FNDA:0,(anonymous_4)
FNDA:0,(anonymous_5)
FNDA:0,(anonymous_6)
FNDA:0,(anonymous_7)
FNDA:0,(anonymous_8)
FNDA:0,(anonymous_9)
FNDA:0,(anonymous_10)
FNDA:0,(anonymous_11)
FNDA:0,(anonymous_12)
FNDA:0,(anonymous_13)
FNDA:0,(anonymous_14)
FNDA:0,(anonymous_15)
FNDA:0,(anonymous_16)
FNDA:0,(anonymous_17)
FNDA:0,(anonymous_18)
FNDA:0,(anonymous_19)
FNDA:0,(anonymous_20)
FNDA:0,(anonymous_21)
FNDA:0,(anonymous_22)
DA:1,0
DA:10,0
DA:11,0
DA:12,0
DA:13,0
DA:14,0
DA:15,0
DA:16,0
DA:22,0
DA:23,0
DA:24,0
DA:25,0
DA:28,0
DA:29,0
DA:30,0
DA:31,0
DA:35,0
DA:36,0
DA:37,0
DA:38,0
DA:39,0
DA:40,0
DA:41,0
DA:43,0
DA:44,0
DA:46,0
DA:47,0
DA:48,0
DA:50,0
DA:51,0
DA:53,0
DA:54,0
DA:57,0
DA:58,0
DA:59,0
DA:61,0
DA:63,0
DA:64,0
DA:69,0
DA:70,0
DA:72,0
DA:73,0
DA:74,0
DA:76,0
DA:85,0
DA:86,0
DA:87,0
DA:92,0
DA:100,0
DA:104,0
DA:106,0
DA:123,0
DA:126,0
DA:127,0
DA:128,0
DA:129,0
DA:130,0
DA:138,0
DA:139,0
DA:141,0
DA:142,0
DA:155,0
DA:158,0
DA:168,0
DA:169,0
DA:170,0
DA:172,0
DA:173,0
DA:175,0
DA:176,0
DA:177,0
DA:178,0
DA:180,0
DA:183,0
DA:184,0
DA:186,0
DA:197,0
DA:198,0
DA:200,0
DA:201,0
DA:202,0
DA:203,0
DA:204,0
DA:207,0
DA:209,0
DA:221,0
DA:222,0
DA:223,0
DA:235,0
DA:236,0
DA:237,0
DA:239,0
DA:257,0
DA:265,0
DA:266,0
DA:270,0
DA:271,0
DA:279,0
DA:280,0
DA:281,0
DA:285,0
DA:286,0
DA:296,0
DA:297,0
DA:306,0
DA:307,0
DA:315,0
DA:316,0
DA:324,0
DA:325,0
DA:326,0
DA:330,0
DA:331,0
LF:113
LH:0
BRDA:37,0,0,0
BRDA:44,1,0,0
BRDA:44,1,1,0
BRDA:47,2,0,0
BRDA:69,3,0,0
BRDA:73,4,0,0
BRDA:104,5,0,0
BRDA:104,6,0,0
BRDA:104,6,1,0
BRDA:111,7,0,0
BRDA:111,7,1,0
BRDA:113,8,0,0
BRDA:113,8,1,0
BRDA:114,9,0,0
BRDA:114,9,1,0
BRDA:115,10,0,0
BRDA:115,10,1,0
BRDA:116,11,0,0
BRDA:116,11,1,0
BRDA:127,12,0,0
BRDA:127,13,0,0
BRDA:127,13,1,0
BRDA:129,14,0,0
BRDA:129,14,1,0
BRDA:141,15,0,0
BRDA:170,16,0,0
BRDA:172,17,0,0
BRDA:172,17,1,0
BRDA:173,18,0,0
BRDA:176,19,0,0
BRDA:176,19,1,0
BRDA:178,20,0,0
BRDA:198,21,0,0
BRDA:202,22,0,0
BRDA:203,23,0,0
BRDA:237,24,0,0
BRF:36
BRH:0
end_of_record
TN:
SF:src\modules\communication\communication.module.ts
FN:18,(anonymous_1)
FNF:1
FNH:0
FNDA:0,(anonymous_1)
DA:1,0
DA:2,0
DA:3,0
DA:4,0
DA:5,0
DA:6,0
DA:7,0
DA:8,0
DA:9,0
DA:10,0
DA:18,0
DA:28,0
LF:12
LH:0
BRF:0
BRH:0
end_of_record
TN:
SF:src\modules\communication\communication.service-controller.ts
FN:11,(anonymous_4)
FN:21,(anonymous_5)
FN:29,(anonymous_6)
FN:43,(anonymous_7)
FN:51,(anonymous_8)
FN:72,(anonymous_9)
FN:90,(anonymous_10)
FN:110,(anonymous_11)
FN:115,(anonymous_12)
FN:129,(anonymous_13)
FN:138,(anonymous_14)
FN:146,(anonymous_15)
FN:158,(anonymous_16)
FN:176,(anonymous_17)
FN:185,(anonymous_18)
FN:210,(anonymous_19)
FN:218,(anonymous_20)
FN:225,(anonymous_21)
FN:236,(anonymous_22)
FN:243,(anonymous_23)
FN:261,(anonymous_24)
FN:269,(anonymous_25)
FN:273,(anonymous_26)
FN:280,(anonymous_27)
FN:287,(anonymous_28)
FN:294,(anonymous_29)
FN:302,(anonymous_30)
FN:310,(anonymous_31)
FN:318,(anonymous_32)
FN:326,(anonymous_33)
FN:334,(anonymous_34)
FN:339,(anonymous_35)
FN:367,(anonymous_36)
FN:372,(anonymous_37)
FN:400,(anonymous_38)
FN:427,(anonymous_39)
FN:456,(anonymous_40)
FN:465,(anonymous_41)
FN:472,(anonymous_42)
FN:479,(anonymous_43)
FN:486,(anonymous_44)
FN:493,(anonymous_45)
FNF:42
FNH:2
FNDA:1,(anonymous_4)
FNDA:0,(anonymous_5)
FNDA:0,(anonymous_6)
FNDA:0,(anonymous_7)
FNDA:0,(anonymous_8)
FNDA:0,(anonymous_9)
FNDA:0,(anonymous_10)
FNDA:0,(anonymous_11)
FNDA:0,(anonymous_12)
FNDA:0,(anonymous_13)
FNDA:0,(anonymous_14)
FNDA:0,(anonymous_15)
FNDA:0,(anonymous_16)
FNDA:0,(anonymous_17)
FNDA:0,(anonymous_18)
FNDA:0,(anonymous_19)
FNDA:0,(anonymous_20)
FNDA:0,(anonymous_21)
FNDA:0,(anonymous_22)
FNDA:0,(anonymous_23)
FNDA:0,(anonymous_24)
FNDA:1,(anonymous_25)
FNDA:0,(anonymous_26)
FNDA:0,(anonymous_27)
FNDA:0,(anonymous_28)
FNDA:0,(anonymous_29)
FNDA:0,(anonymous_30)
FNDA:0,(anonymous_31)
FNDA:0,(anonymous_32)
FNDA:0,(anonymous_33)
FNDA:0,(anonymous_34)
FNDA:0,(anonymous_35)
FNDA:0,(anonymous_36)
FNDA:0,(anonymous_37)
FNDA:0,(anonymous_38)
FNDA:0,(anonymous_39)
FNDA:0,(anonymous_40)
FNDA:0,(anonymous_41)
FNDA:0,(anonymous_42)
FNDA:0,(anonymous_43)
FNDA:0,(anonymous_44)
FNDA:0,(anonymous_45)
DA:2,2
DA:3,2
DA:4,2
DA:5,2
DA:6,2
DA:7,2
DA:10,2
DA:13,1
DA:15,1
DA:17,1
DA:22,0
DA:28,0
DA:29,0
DA:31,0
DA:32,0
DA:39,0
DA:40,0
DA:43,0
DA:44,0
DA:45,0
DA:46,0
DA:57,0
DA:58,0
DA:59,0
DA:61,0
DA:68,0
DA:73,0
DA:74,0
DA:75,0
DA:76,0
DA:77,0
DA:91,0
DA:92,0
DA:94,0
DA:101,0
DA:102,0
DA:105,0
DA:106,0
DA:111,0
DA:114,0
DA:115,0
DA:116,0
DA:118,0
DA:130,0
DA:131,0
DA:132,0
DA:133,0
DA:134,0
DA:139,0
DA:147,0
DA:148,0
DA:149,0
DA:150,0
DA:151,0
DA:153,0
DA:154,0
DA:159,0
DA:160,0
DA:163,0
DA:164,0
DA:167,0
DA:169,0
DA:170,0
DA:172,0
DA:177,0
DA:183,0
DA:185,0
DA:186,0
DA:189,0
DA:191,0
DA:192,0
DA:202,0
DA:203,0
DA:205,0
DA:206,0
DA:208,0
DA:210,0
DA:211,0
DA:219,0
DA:226,0
DA:233,0
DA:237,0
DA:238,0
DA:239,0
DA:240,0
DA:244,0
DA:245,0
DA:246,0
DA:247,0
DA:253,2
DA:254,2
DA:255,2
DA:256,2
DA:257,2
DA:259,2
DA:262,0
DA:263,0
DA:268,2
DA:269,1
DA:273,2
DA:274,0
DA:275,0
DA:280,2
DA:281,0
DA:282,0
DA:287,2
DA:288,0
DA:289,0
DA:294,2
DA:295,0
DA:296,0
DA:302,2
DA:303,0
DA:304,0
DA:310,2
DA:311,0
DA:312,0
DA:318,2
DA:319,0
DA:320,0
DA:326,2
DA:327,0
DA:328,0
DA:334,2
DA:335,0
DA:336,0
DA:337,0
DA:339,0
DA:341,0
DA:342,0
DA:343,0
DA:345,0
DA:353,0
DA:354,0
DA:355,0
DA:356,0
DA:357,0
DA:359,0
DA:360,0
DA:367,2
DA:368,0
DA:369,0
DA:370,0
DA:372,0
DA:374,0
DA:375,0
DA:376,0
DA:378,0
DA:386,0
DA:387,0
DA:388,0
DA:389,0
DA:390,0
DA:392,0
DA:393,0
DA:400,2
DA:401,0
DA:402,0
DA:403,0
DA:405,0
DA:413,0
DA:414,0
DA:415,0
DA:417,0
DA:419,0
DA:420,0
DA:427,2
DA:428,0
DA:429,0
DA:430,0
DA:431,0
DA:433,0
DA:441,0
DA:442,0
DA:443,0
DA:445,0
DA:447,0
DA:448,0
DA:456,2
DA:457,0
DA:458,0
DA:459,0
DA:465,2
DA:466,0
DA:467,0
DA:472,2
DA:473,0
DA:474,0
DA:479,2
DA:480,0
DA:481,0
DA:486,2
DA:487,0
DA:488,0
DA:493,2
DA:499,0
DA:500,0
LF:197
LH:36
BRDA:29,0,0,0
BRDA:29,0,1,0
BRDA:31,1,0,0
BRDA:44,2,0,0
BRDA:45,3,0,0
BRDA:45,3,1,0
BRDA:57,4,0,0
BRDA:57,4,1,0
BRDA:58,5,0,0
BRDA:58,6,0,0
BRDA:58,6,1,0
BRDA:58,6,2,0
BRDA:65,7,0,0
BRDA:65,7,1,0
BRDA:76,8,0,0
BRDA:90,9,0,0
BRDA:92,10,0,0
BRDA:101,11,0,0
BRDA:110,12,0,0
BRDA:111,13,0,0
BRDA:111,14,0,0
BRDA:111,14,1,0
BRDA:116,15,0,0
BRDA:131,16,0,0
BRDA:148,17,0,0
BRDA:149,18,0,0
BRDA:150,19,0,0
BRDA:160,20,0,0
BRDA:163,21,0,0
BRDA:167,22,0,0
BRDA:183,23,0,0
BRDA:191,24,0,0
BRDA:191,24,1,0
BRDA:205,25,0,0
BRDA:238,26,0,0
BRDA:245,27,0,0
BRDA:274,28,0,0
BRDA:274,28,1,0
BRDA:281,29,0,0
BRDA:281,29,1,0
BRDA:288,30,0,0
BRDA:288,30,1,0
BRDA:295,31,0,0
BRDA:295,31,1,0
BRDA:303,32,0,0
BRDA:303,32,1,0
BRDA:304,33,0,0
BRDA:304,33,1,0
BRDA:311,34,0,0
BRDA:311,34,1,0
BRDA:319,35,0,0
BRDA:319,35,1,0
BRDA:327,36,0,0
BRDA:327,36,1,0
BRDA:335,37,0,0
BRDA:335,37,1,0
BRDA:337,38,0,0
BRDA:342,39,0,0
BRDA:342,39,1,0
BRDA:354,40,0,0
BRDA:354,40,1,0
BRDA:368,41,0,0
BRDA:368,41,1,0
BRDA:370,42,0,0
BRDA:375,43,0,0
BRDA:375,43,1,0
BRDA:387,44,0,0
BRDA:387,44,1,0
BRDA:402,45,0,0
BRDA:402,45,1,0
BRDA:403,46,0,0
BRDA:403,46,1,0
BRDA:415,47,0,0
BRDA:429,48,0,0
BRDA:429,48,1,0
BRDA:430,49,0,0
BRDA:430,49,1,0
BRDA:443,50,0,0
BRDA:457,51,0,0
BRDA:466,52,0,0
BRDA:466,52,1,0
BRDA:473,53,0,0
BRDA:473,53,1,0
BRDA:480,54,0,0
BRDA:480,54,1,0
BRDA:487,55,0,0
BRDA:487,55,1,0
BRDA:499,56,0,0
BRDA:499,56,1,0
BRDA:503,57,0,0
BRDA:503,57,1,0
BRF:91
BRH:0
end_of_record
TN:
SF:src\modules\communication\message.entity.ts
FN:56,(anonymous_2)
FNF:1
FNH:0
FNDA:0,(anonymous_2)
DA:1,2
DA:10,2
DA:12,2
DA:16,2
DA:20,2
DA:23,2
DA:26,2
DA:29,2
DA:32,2
DA:35,2
DA:39,2
DA:43,2
DA:46,2
DA:49,2
DA:53,2
DA:56,0
DA:57,2
DA:60,2
LF:18
LH:17
BRF:0
BRH:0
end_of_record
TN:
SF:src\modules\communication\todo.entity.ts
FNF:0
FNH:0
DA:1,2
DA:4,2
DA:6,2
DA:9,2
DA:12,2
DA:15,2
DA:18,2
DA:21,2
DA:24,2
DA:27,2
DA:30,2
LF:11
LH:11
BRF:0
BRH:0
end_of_record
TN:
SF:src\modules\expenses\expenses.controller.ts
FN:16,(anonymous_4)
FN:20,(anonymous_5)
FN:26,(anonymous_6)
FN:32,(anonymous_7)
FN:38,(anonymous_8)
FN:44,(anonymous_9)
FNF:6
FNH:1
FNDA:1,(anonymous_4)
FNDA:0,(anonymous_5)
FNDA:0,(anonymous_6)
FNDA:0,(anonymous_7)
FNDA:0,(anonymous_8)
FNDA:0,(anonymous_9)
DA:1,1
DA:2,1
DA:3,1
DA:4,1
DA:5,1
DA:6,1
DA:7,1
DA:10,1
DA:11,1
DA:15,1
DA:16,1
DA:20,1
DA:21,0
DA:26,1
DA:27,0
DA:32,1
DA:33,0
DA:38,1
DA:39,0
DA:44,1
DA:45,0
LF:21
LH:16
BRF:0
BRH:0
end_of_record
TN:
SF:src\modules\expenses\expenses.module.ts
FNF:0
FNH:0
DA:1,0
DA:2,0
DA:3,0
DA:4,0
DA:5,0
DA:6,0
DA:13,0
LF:7
LH:0
BRF:0
BRH:0
end_of_record
TN:
SF:src\modules\expenses\expenses.service.ts
FN:11,(anonymous_4)
FN:13,(anonymous_5)
FN:18,(anonymous_6)
FN:20,(anonymous_7)
FN:23,(anonymous_8)
FN:29,(anonymous_9)
FN:37,(anonymous_10)
FN:43,(anonymous_11)
FNF:8
FNH:1
FNDA:1,(anonymous_4)
FNDA:0,(anonymous_5)
FNDA:0,(anonymous_6)
FNDA:0,(anonymous_7)
FNDA:0,(anonymous_8)
FNDA:0,(anonymous_9)
FNDA:0,(anonymous_10)
FNDA:0,(anonymous_11)
DA:1,2
DA:2,2
DA:3,2
DA:4,2
DA:7,2
DA:10,2
DA:11,1
DA:14,0
DA:15,0
DA:19,0
DA:20,0
DA:24,0
DA:25,0
DA:26,0
DA:30,0
DA:31,0
DA:32,0
DA:33,0
DA:34,0
DA:38,0
DA:39,0
DA:40,0
DA:44,0
LF:23
LH:7
BRDA:25,0,0,0
BRDA:31,1,0,0
BRDA:39,2,0,0
BRF:3
BRH:0
end_of_record
TN:
SF:src\modules\expenses\dto\create-expense.dto.ts
FNF:0
FNH:0
DA:1,1
DA:3,1
DA:6,1
DA:7,1
DA:8,1
DA:9,1
DA:10,1
DA:11,1
DA:12,1
DA:13,1
DA:15,1
DA:17,1
DA:19,1
DA:20,1
LF:14
LH:14
BRF:0
BRH:0
end_of_record
TN:
SF:src\modules\expenses\dto\update-expense.dto.ts
FNF:0
FNH:0
DA:1,1
DA:2,1
DA:3,1
LF:3
LH:3
BRF:0
BRH:0
end_of_record
TN:
SF:src\modules\expenses\entities\expense.entity.ts
FNF:0
FNH:0
DA:1,2
DA:5,2
DA:6,2
DA:9,2
DA:11,2
DA:12,2
DA:13,2
DA:14,2
DA:15,2
DA:16,2
DA:17,2
DA:20,2
DA:22,2
DA:23,2
DA:24,2
DA:26,2
LF:16
LH:16
BRF:0
BRH:0
end_of_record
TN:
SF:src\modules\invoice-chatbot\invoice-chatbot.controller.ts
FN:7,(anonymous_4)
FN:10,(anonymous_5)
FN:16,(anonymous_6)
FNF:3
FNH:3
FNDA:3,(anonymous_4)
FNDA:1,(anonymous_5)
FNDA:1,(anonymous_6)
DA:1,1
DA:2,1
DA:3,1
DA:6,1
DA:7,3
DA:10,1
DA:11,1
DA:16,1
DA:17,1
LF:9
LH:9
BRF:0
BRH:0
end_of_record
TN:
SF:src\modules\invoice-chatbot\invoice-chatbot.module.ts
FNF:0
FNH:0
DA:1,0
DA:2,0
DA:3,0
DA:9,0
LF:4
LH:0
BRF:0
BRH:0
end_of_record
TN:
SF:src\modules\invoice-chatbot\invoice-chatbot.service.ts
FN:4,(anonymous_1)
FN:8,(anonymous_2)
FNF:2
FNH:2
FNDA:4,(anonymous_1)
FNDA:3,(anonymous_2)
DA:1,3
DA:4,3
DA:5,4
DA:6,4
DA:9,3
DA:10,3
DA:16,2
DA:17,1
DA:20,1
DA:22,2
DA:23,2
LF:11
LH:11
BRDA:6,0,0,4
BRDA:6,0,1,4
BRDA:16,1,0,1
BRF:3
BRH:3
end_of_record
TN:
SF:src\modules\invoice-chatbot\.venv\Lib\site-packages\pip\_vendor\urllib3\contrib\emscripten\emscripten_fetch_worker.js
FN:12,(anonymous_0)
FNF:1
FNH:0
FNDA:0,(anonymous_0)
DA:1,0
DA:8,0
DA:9,0
DA:10,0
DA:12,0
DA:13,0
DA:14,0
DA:15,0
DA:16,0
DA:17,0
DA:18,0
DA:20,0
DA:22,0
DA:24,0
DA:25,0
DA:27,0
DA:29,0
DA:30,0
DA:31,0
DA:34,0
DA:36,0
DA:37,0
DA:38,0
DA:40,0
DA:41,0
DA:42,0
DA:43,0
DA:44,0
DA:45,0
DA:46,0
DA:51,0
DA:52,0
DA:53,0
DA:55,0
DA:57,0
DA:58,0
DA:59,0
DA:60,0
DA:62,0
DA:65,0
DA:66,0
DA:67,0
DA:68,0
DA:69,0
DA:70,0
DA:72,0
DA:73,0
DA:74,0
DA:76,0
DA:81,0
DA:82,0
DA:83,0
DA:84,0
DA:85,0
DA:87,0
DA:95,0
DA:96,0
DA:100,0
DA:101,0
DA:102,0
DA:103,0
DA:104,0
DA:105,0
DA:106,0
DA:110,0
LF:65
LH:0
BRDA:13,0,0,0
BRDA:13,0,1,0
BRDA:17,1,0,0
BRDA:17,1,1,0
BRDA:22,2,0,0
BRDA:22,2,1,0
BRDA:22,3,0,0
BRDA:22,3,1,0
BRDA:27,4,0,0
BRDA:27,4,1,0
BRDA:52,5,0,0
BRDA:52,5,1,0
BRF:12
BRH:0
end_of_record
TN:
SF:src\modules\invoice-chatbot\.venv\Lib\site-packages\sklearn\utils\_repr_html\estimator.js
FN:1,copyToClipboard
FN:13,(anonymous_1)
FN:18,(anonymous_2)
FN:23,(anonymous_3)
FN:27,(anonymous_4)
FN:35,(anonymous_5)
FN:51,detectTheme
FN:106,forceTheme
FNF:8
FNH:0
FNDA:0,copyToClipboard
FNDA:0,(anonymous_1)
FNDA:0,(anonymous_2)
FNDA:0,(anonymous_3)
FNDA:0,(anonymous_4)
FNDA:0,(anonymous_5)
FNDA:0,detectTheme
FNDA:0,forceTheme
DA:3,0
DA:4,0
DA:5,0
DA:7,0
DA:8,0
DA:9,0
DA:10,0
DA:12,0
DA:14,0
DA:15,0
DA:16,0
DA:18,0
DA:19,0
DA:20,0
DA:24,0
DA:25,0
DA:26,0
DA:27,0
DA:28,0
DA:29,0
DA:32,0
DA:35,0
DA:36,0
DA:37,0
DA:38,0
DA:40,0
DA:42,0
DA:52,0
DA:55,0
DA:56,0
DA:58,0
DA:59,0
DA:60,0
DA:62,0
DA:63,0
DA:65,0
DA:66,0
DA:71,0
DA:72,0
DA:73,0
DA:74,0
DA:78,0
DA:79,0
DA:80,0
DA:81,0
DA:88,0
DA:90,0
DA:92,0
DA:94,0
DA:96,0
DA:102,0
DA:107,0
DA:108,0
DA:109,0
DA:111,0
DA:112,0
LF:56
LH:0
BRDA:4,0,0,0
BRDA:4,0,1,0
BRDA:5,1,0,0
BRDA:5,1,1,0
BRDA:37,2,0,0
BRDA:37,2,1,0
BRDA:40,3,0,0
BRDA:40,3,1,0
BRDA:58,4,0,0
BRDA:58,4,1,0
BRDA:58,5,0,0
BRDA:58,5,1,0
BRDA:62,6,0,0
BRDA:62,6,1,0
BRDA:62,7,0,0
BRDA:62,7,1,0
BRDA:65,8,0,0
BRDA:65,8,1,0
BRDA:65,9,0,0
BRDA:65,9,1,0
BRDA:71,10,0,0
BRDA:71,10,1,0
BRDA:73,11,0,0
BRDA:73,11,1,0
BRDA:80,12,0,0
BRDA:80,12,1,0
BRDA:90,13,0,0
BRDA:90,13,1,0
BRDA:94,14,0,0
BRDA:94,14,1,0
BRDA:102,15,0,0
BRDA:102,15,1,0
BRDA:108,16,0,0
BRDA:108,16,1,0
BRF:34
BRH:0
end_of_record
TN:
SF:src\modules\invoice-chatbot\.venv\Lib\site-packages\torch\utils\model_dump\code.js
FN:9,humanFileSize
FN:15,caret
FN:20,(anonymous_2)
FN:25,(anonymous_3)
FN:29,(anonymous_4)
FN:33,(anonymous_5)
FN:48,(anonymous_6)
FN:53,(anonymous_7)
FN:57,(anonymous_8)
FN:58,(anonymous_9)
FN:64,(anonymous_10)
FN:69,ModelSizeSection
FN:92,StructuredDataSection
FN:101,(anonymous_13)
FN:109,(anonymous_14)
FN:113,(anonymous_15)
FN:144,(anonymous_16)
FN:195,(anonymous_17)
FN:228,(anonymous_18)
FN:299,(anonymous_19)
FN:300,(anonymous_20)
FN:307,ZipContentsSection
FN:323,(anonymous_22)
FN:333,CodeSection
FN:337,(anonymous_24)
FN:343,(anonymous_25)
FN:348,(anonymous_26)
FN:353,(anonymous_27)
FN:356,(anonymous_28)
FN:364,(anonymous_29)
FN:368,(anonymous_30)
FN:370,(anonymous_31)
FN:375,ExtraJsonSection
FN:380,(anonymous_33)
FN:386,(anonymous_34)
FN:391,(anonymous_35)
FN:396,(anonymous_36)
FN:399,(anonymous_37)
FN:412,ExtraPicklesSection
FN:416,(anonymous_39)
FN:422,(anonymous_40)
FN:427,(anonymous_41)
FN:432,(anonymous_42)
FN:435,(anonymous_43)
FN:448,assertStorageAreEqual
FN:450,(anonymous_45)
FN:455,computeTensorMemory
FN:483,getTensorStorages
FN:536,getTensorMemoryByDevice
FN:553,(anonymous_49)
FN:568,(anonymous_50)
FN:578,TensorMemorySection
FN:585,(anonymous_52)
FN:592,(anonymous_53)
FN:596,(anonymous_54)
FN:614,(anonymous_55)
FN:622,(anonymous_56)
FN:630,(anonymous_57)
FN:635,(anonymous_58)
FN:640,(anonymous_59)
FN:642,(anonymous_60)
FN:648,(anonymous_61)
FN:653,(anonymous_62)
FN:669,(anonymous_63)
FN:683,(anonymous_64)
FNF:65
FNH:0
FNDA:0,humanFileSize
FNDA:0,caret
FNDA:0,(anonymous_2)
FNDA:0,(anonymous_3)
FNDA:0,(anonymous_4)
FNDA:0,(anonymous_5)
FNDA:0,(anonymous_6)
FNDA:0,(anonymous_7)
FNDA:0,(anonymous_8)
FNDA:0,(anonymous_9)
FNDA:0,(anonymous_10)
FNDA:0,ModelSizeSection
FNDA:0,StructuredDataSection
FNDA:0,(anonymous_13)
FNDA:0,(anonymous_14)
FNDA:0,(anonymous_15)
FNDA:0,(anonymous_16)
FNDA:0,(anonymous_17)
FNDA:0,(anonymous_18)
FNDA:0,(anonymous_19)
FNDA:0,(anonymous_20)
FNDA:0,ZipContentsSection
FNDA:0,(anonymous_22)
FNDA:0,CodeSection
FNDA:0,(anonymous_24)
FNDA:0,(anonymous_25)
FNDA:0,(anonymous_26)
FNDA:0,(anonymous_27)
FNDA:0,(anonymous_28)
FNDA:0,(anonymous_29)
FNDA:0,(anonymous_30)
FNDA:0,(anonymous_31)
FNDA:0,ExtraJsonSection
FNDA:0,(anonymous_33)
FNDA:0,(anonymous_34)
FNDA:0,(anonymous_35)
FNDA:0,(anonymous_36)
FNDA:0,(anonymous_37)
FNDA:0,ExtraPicklesSection
FNDA:0,(anonymous_39)
FNDA:0,(anonymous_40)
FNDA:0,(anonymous_41)
FNDA:0,(anonymous_42)
FNDA:0,(anonymous_43)
FNDA:0,assertStorageAreEqual
FNDA:0,(anonymous_45)
FNDA:0,computeTensorMemory
FNDA:0,getTensorStorages
FNDA:0,getTensorMemoryByDevice
FNDA:0,(anonymous_49)
FNDA:0,(anonymous_50)
FNDA:0,TensorMemorySection
FNDA:0,(anonymous_52)
FNDA:0,(anonymous_53)
FNDA:0,(anonymous_54)
FNDA:0,(anonymous_55)
FNDA:0,(anonymous_56)
FNDA:0,(anonymous_57)
FNDA:0,(anonymous_58)
FNDA:0,(anonymous_59)
FNDA:0,(anonymous_60)
FNDA:0,(anonymous_61)
FNDA:0,(anonymous_62)
FNDA:0,(anonymous_63)
FNDA:0,(anonymous_64)
DA:4,0
DA:6,0
DA:10,0
DA:11,0
DA:12,0
DA:16,0
DA:21,0
DA:22,0
DA:26,0
DA:30,0
DA:34,0
DA:35,0
DA:37,0
DA:38,0
DA:39,0
DA:41,0
DA:45,0
DA:49,0
DA:50,0
DA:54,0
DA:58,0
DA:59,0
DA:65,0
DA:70,0
DA:71,0
DA:72,0
DA:73,0
DA:75,0
DA:77,0
DA:80,0
DA:82,0
DA:93,0
DA:102,0
DA:103,0
DA:105,0
DA:106,0
DA:110,0
DA:114,0
DA:115,0
DA:117,0
DA:118,0
DA:120,0
DA:122,0
DA:124,0
DA:126,0
DA:128,0
DA:130,0
DA:132,0
DA:133,0
DA:135,0
DA:136,0
DA:138,0
DA:139,0
DA:141,0
DA:145,0
DA:146,0
DA:148,0
DA:149,0
DA:150,0
DA:152,0
DA:153,0
DA:155,0
DA:156,0
DA:158,0
DA:159,0
DA:161,0
DA:162,0
DA:164,0
DA:165,0
DA:167,0
DA:168,0
DA:170,0
DA:171,0
DA:173,0
DA:174,0
DA:175,0
DA:176,0
DA:179,0
DA:180,0
DA:181,0
DA:182,0
DA:183,0
DA:184,0
DA:185,0
DA:187,0
DA:189,0
DA:192,0
DA:206,0
DA:210,0
DA:211,0
DA:212,0
DA:214,0
DA:215,0
DA:221,0
DA:222,0
DA:223,0
DA:224,0
DA:225,0
DA:229,0
DA:230,0
DA:232,0
DA:233,0
DA:235,0
DA:236,0
DA:237,0
DA:238,0
DA:240,0
DA:242,0
DA:244,0
DA:246,0
DA:248,0
DA:249,0
DA:250,0
DA:251,0
DA:252,0
DA:253,0
DA:255,0
DA:258,0
DA:260,0
DA:261,0
DA:262,0
DA:263,0
DA:265,0
DA:266,0
DA:267,0
DA:269,0
DA:270,0
DA:271,0
DA:272,0
DA:275,0
DA:278,0
DA:279,0
DA:280,0
DA:284,0
DA:286,0
DA:288,0
DA:290,0
DA:291,0
DA:293,0
DA:294,0
DA:296,0
DA:300,0
DA:301,0
DA:302,0
DA:303,0
DA:311,0
DA:323,0
DA:334,0
DA:337,0
DA:344,0
DA:345,0
DA:349,0
DA:350,0
DA:354,0
DA:356,0
DA:359,0
DA:360,0
DA:362,0
DA:364,0
DA:369,0
DA:370,0
DA:376,0
DA:380,0
DA:387,0
DA:388,0
DA:392,0
DA:393,0
DA:397,0
DA:399,0
DA:402,0
DA:403,0
DA:405,0
DA:413,0
DA:416,0
DA:423,0
DA:424,0
DA:428,0
DA:429,0
DA:433,0
DA:435,0
DA:438,0
DA:439,0
DA:441,0
DA:449,0
DA:450,0
DA:451,0
DA:456,0
DA:474,0
DA:475,0
DA:476,0
DA:478,0
DA:484,0
DA:485,0
DA:487,0
DA:488,0
DA:490,0
DA:491,0
DA:493,0
DA:494,0
DA:496,0
DA:497,0
DA:499,0
DA:500,0
DA:501,0
DA:502,0
DA:503,0
DA:504,0
DA:505,0
DA:507,0
DA:508,0
DA:512,0
DA:514,0
DA:515,0
DA:517,0
DA:518,0
DA:520,0
DA:521,0
DA:523,0
DA:524,0
DA:525,0
DA:526,0
DA:528,0
DA:529,0
DA:530,0
DA:531,0
DA:533,0
DA:537,0
DA:538,0
DA:539,0
DA:540,0
DA:542,0
DA:543,0
DA:544,0
DA:545,0
DA:546,0
DA:548,0
DA:554,0
DA:558,0
DA:568,0
DA:579,0
DA:586,0
DA:587,0
DA:593,0
DA:597,0
DA:598,0
DA:599,0
DA:600,0
DA:601,0
DA:602,0
DA:603,0
DA:604,0
DA:605,0
DA:607,0
DA:613,0
DA:614,0
DA:623,0
DA:624,0
DA:631,0
DA:632,0
DA:633,0
DA:635,0
DA:636,0
DA:637,0
DA:639,0
DA:641,0
DA:643,0
DA:649,0
DA:650,0
DA:654,0
DA:655,0
DA:658,0
DA:660,0
DA:661,0
DA:662,0
DA:665,0
DA:669,0
DA:683,0
DA:689,0
LF:278
LH:0
BRDA:10,0,0,0
BRDA:10,0,1,0
BRDA:16,1,0,0
BRDA:16,1,1,0
BRDA:34,2,0,0
BRDA:34,2,1,0
BRDA:38,3,0,0
BRDA:38,3,1,0
BRDA:61,4,0,0
BRDA:61,4,1,0
BRDA:73,5,0,0
BRDA:73,5,1,0
BRDA:114,6,0,0
BRDA:114,6,1,0
BRDA:114,7,0,0
BRDA:114,7,1,0
BRDA:117,8,0,0
BRDA:117,8,1,0
BRDA:120,9,0,0
BRDA:120,9,1,0
BRDA:124,10,0,0
BRDA:124,10,1,0
BRDA:128,11,0,0
BRDA:128,11,1,0
BRDA:132,12,0,0
BRDA:132,12,1,0
BRDA:135,13,0,0
BRDA:135,13,1,0
BRDA:138,14,0,0
BRDA:138,14,1,0
BRDA:145,15,0,0
BRDA:145,15,1,0
BRDA:148,16,0,0
BRDA:148,16,1,0
BRDA:152,17,0,0
BRDA:152,17,1,0
BRDA:155,18,0,0
BRDA:155,18,1,0
BRDA:158,19,0,0
BRDA:158,19,1,0
BRDA:161,20,0,0
BRDA:161,20,1,0
BRDA:164,21,0,0
BRDA:164,21,1,0
BRDA:167,22,0,0
BRDA:167,22,1,0
BRDA:170,23,0,0
BRDA:170,23,1,0
BRDA:173,24,0,0
BRDA:173,24,1,0
BRDA:179,25,0,0
BRDA:179,25,1,0
BRDA:183,26,0,0
BRDA:183,26,1,0
BRDA:211,27,0,0
BRDA:211,27,1,0
BRDA:214,28,0,0
BRDA:214,28,1,0
BRDA:229,29,0,0
BRDA:229,29,1,0
BRDA:229,30,0,0
BRDA:229,30,1,0
BRDA:232,31,0,0
BRDA:232,31,1,0
BRDA:235,32,0,0
BRDA:235,32,1,0
BRDA:244,33,0,0
BRDA:244,33,1,0
BRDA:248,34,0,0
BRDA:248,34,1,0
BRDA:252,35,0,0
BRDA:252,35,1,0
BRDA:260,36,0,0
BRDA:260,36,1,0
BRDA:262,37,0,0
BRDA:262,37,1,0
BRDA:262,38,0,0
BRDA:262,38,1,0
BRDA:267,39,0,0
BRDA:267,39,1,0
BRDA:270,40,0,0
BRDA:270,40,1,0
BRDA:272,41,0,0
BRDA:272,41,1,0
BRDA:278,42,0,0
BRDA:278,42,1,0
BRDA:280,43,0,0
BRDA:280,43,1,0
BRDA:290,44,0,0
BRDA:290,44,1,0
BRDA:293,45,0,0
BRDA:293,45,1,0
BRDA:300,46,0,0
BRDA:300,46,1,0
BRDA:302,47,0,0
BRDA:302,47,1,0
BRDA:324,48,0,0
BRDA:324,48,1,0
BRDA:359,49,0,0
BRDA:359,49,1,0
BRDA:402,50,0,0
BRDA:402,50,1,0
BRDA:438,51,0,0
BRDA:438,51,1,0
BRDA:449,52,0,0
BRDA:449,52,1,0
BRDA:449,53,0,0
BRDA:449,53,1,0
BRDA:475,54,0,0
BRDA:475,54,1,0
BRDA:484,55,0,0
BRDA:484,55,1,0
BRDA:487,56,0,0
BRDA:487,56,1,0
BRDA:490,57,0,0
BRDA:490,57,1,0
BRDA:493,58,0,0
BRDA:493,58,1,0
BRDA:496,59,0,0
BRDA:496,59,1,0
BRDA:499,60,0,0
BRDA:499,60,1,0
BRDA:504,61,0,0
BRDA:504,61,1,0
BRDA:514,62,0,0
BRDA:514,62,1,0
BRDA:517,63,0,0
BRDA:517,63,1,0
BRDA:520,64,0,0
BRDA:520,64,1,0
BRDA:523,65,0,0
BRDA:523,65,1,0
BRDA:528,66,0,0
BRDA:528,66,1,0
BRDA:546,67,0,0
BRDA:546,67,1,0
BRDA:598,68,0,0
BRDA:598,68,1,0
BRDA:601,69,0,0
BRDA:601,69,1,0
BRDA:601,70,0,0
BRDA:601,70,1,0
BRDA:632,71,0,0
BRDA:632,71,1,0
BRDA:636,72,0,0
BRDA:636,72,1,0
BRDA:654,73,0,0
BRDA:654,73,1,0
BRDA:661,74,0,0
BRDA:661,74,1,0
BRF:150
BRH:0
end_of_record
TN:
SF:src\modules\invoices\invoices.controller.ts
FN:14,(anonymous_4)
FN:21,(anonymous_5)
FN:26,(anonymous_6)
FN:32,(anonymous_7)
FN:37,(anonymous_8)
FN:43,(anonymous_9)
FN:49,(anonymous_10)
FN:55,(anonymous_11)
FN:61,(anonymous_12)
FNF:9
FNH:1
FNDA:1,(anonymous_4)
FNDA:0,(anonymous_5)
FNDA:0,(anonymous_6)
FNDA:0,(anonymous_7)
FNDA:0,(anonymous_8)
FNDA:0,(anonymous_9)
FNDA:0,(anonymous_10)
FNDA:0,(anonymous_11)
FNDA:0,(anonymous_12)
DA:1,1
DA:2,1
DA:3,1
DA:4,1
DA:5,1
DA:6,1
DA:7,1
DA:8,1
DA:9,1
DA:10,1
DA:13,1
DA:15,1
DA:16,1
DA:21,1
DA:22,0
DA:26,1
DA:27,0
DA:32,1
DA:37,1
DA:38,0
DA:43,1
DA:44,0
DA:49,1
DA:50,0
DA:55,1
DA:56,0
DA:61,1
DA:62,0
LF:28
LH:21
BRF:0
BRH:0
end_of_record
TN:
SF:src\modules\invoices\invoices.module.ts
FNF:0
FNH:0
DA:1,0
DA:2,0
DA:3,0
DA:4,0
DA:5,0
DA:6,0
DA:7,0
DA:8,0
DA:15,0
LF:9
LH:0
BRF:0
BRH:0
end_of_record
TN:
SF:src\modules\invoices\invoices.service.ts
FN:11,(anonymous_4)
FN:19,(anonymous_5)
FN:20,(anonymous_6)
FN:23,(anonymous_7)
FN:31,(anonymous_8)
FN:36,(anonymous_9)
FN:66,(anonymous_10)
FN:88,(anonymous_11)
FN:93,(anonymous_12)
FN:96,(anonymous_13)
FN:102,(anonymous_14)
FN:133,(anonymous_15)
FN:139,(anonymous_16)
FN:155,(anonymous_17)
FNF:14
FNH:1
FNDA:1,(anonymous_4)
FNDA:0,(anonymous_5)
FNDA:0,(anonymous_6)
FNDA:0,(anonymous_7)
FNDA:0,(anonymous_8)
FNDA:0,(anonymous_9)
FNDA:0,(anonymous_10)
FNDA:0,(anonymous_11)
FNDA:0,(anonymous_12)
FNDA:0,(anonymous_13)
FNDA:0,(anonymous_14)
FNDA:0,(anonymous_15)
FNDA:0,(anonymous_16)
FNDA:0,(anonymous_17)
DA:1,2
DA:2,2
DA:3,2
DA:4,2
DA:5,2
DA:10,2
DA:13,1
DA:16,1
DA:20,0
DA:22,0
DA:23,0
DA:27,0
DA:28,0
DA:32,0
DA:33,0
DA:35,0
DA:36,0
DA:44,0
DA:61,0
DA:64,0
DA:67,0
DA:78,0
DA:81,0
DA:85,0
DA:89,0
DA:93,0
DA:97,0
DA:98,0
DA:99,0
DA:103,0
DA:104,0
DA:106,0
DA:108,0
DA:111,0
DA:112,0
DA:116,0
DA:121,0
DA:124,0
DA:126,0
DA:130,0
DA:134,0
DA:135,0
DA:136,0
DA:140,0
DA:155,0
LF:45
LH:8
BRDA:23,0,0,0
BRDA:23,0,1,0
BRDA:32,1,0,0
BRDA:32,1,1,0
BRDA:33,2,0,0
BRDA:39,3,0,0
BRDA:39,3,1,0
BRDA:51,4,0,0
BRDA:51,4,1,0
BRDA:52,5,0,0
BRDA:52,5,1,0
BRDA:53,6,0,0
BRDA:53,6,1,0
BRDA:54,7,0,0
BRDA:54,7,1,0
BRDA:69,8,0,0
BRDA:69,8,1,0
BRDA:72,9,0,0
BRDA:72,9,1,0
BRDA:85,10,0,0
BRDA:85,10,1,0
BRDA:98,11,0,0
BRDA:104,12,0,0
BRDA:111,13,0,0
BRDA:111,14,0,0
BRDA:111,14,1,0
BRDA:112,15,0,0
BRDA:112,15,1,0
BRDA:116,16,0,0
BRDA:117,17,0,0
BRDA:117,17,1,0
BRDA:117,17,2,0
BRDA:130,18,0,0
BRDA:130,18,1,0
BRDA:135,19,0,0
BRDA:155,20,0,0
BRDA:155,20,1,0
BRF:37
BRH:0
end_of_record
TN:
SF:src\modules\invoices\dto\create-invoice.dto.ts
FN:73,(anonymous_2)
FNF:1
FNH:0
FNDA:0,(anonymous_2)
DA:1,1
DA:2,1
DA:13,1
DA:16,1
DA:19,1
DA:22,1
DA:26,1
DA:29,1
DA:32,1
DA:37,1
DA:40,1
DA:44,1
DA:47,1
DA:50,1
DA:54,1
DA:58,1
DA:62,1
DA:66,1
DA:69,1
DA:73,0
DA:74,1
LF:21
LH:20
BRF:0
BRH:0
end_of_record
TN:
SF:src\modules\invoices\dto\update-invoice.dto.ts
FNF:0
FNH:0
DA:1,1
DA:2,1
DA:3,1
LF:3
LH:3
BRF:0
BRH:0
end_of_record
TN:
SF:src\modules\invoices\entities\invoice-item.entity.ts
FN:9,(anonymous_2)
FN:9,(anonymous_3)
FNF:2
FNH:0
FNDA:0,(anonymous_2)
FNDA:0,(anonymous_3)
DA:1,4
DA:2,4
DA:5,4
DA:7,4
DA:9,0
DA:10,4
DA:13,4
DA:16,4
DA:19,4
DA:22,4
DA:25,4
LF:11
LH:10
BRF:0
BRH:0
end_of_record
TN:
SF:src\modules\invoices\entities\invoice.entity.ts
FN:35,(anonymous_2)
FN:35,(anonymous_3)
FNF:2
FNH:0
FNDA:0,(anonymous_2)
FNDA:0,(anonymous_3)
DA:1,4
DA:3,4
DA:6,4
DA:7,4
DA:9,4
DA:12,4
DA:15,4
DA:17,4
DA:18,4
DA:19,4
DA:22,4
DA:24,4
DA:25,4
DA:26,4
DA:27,4
DA:29,4
DA:30,4
DA:32,4
DA:33,4
DA:35,0
DA:36,4
LF:21
LH:20
BRF:0
BRH:0
end_of_record
TN:
SF:src\modules\mail\mail.module.ts
FNF:0
FNH:0
DA:1,0
DA:2,0
DA:8,0
LF:3
LH:0
BRF:0
BRH:0
end_of_record
TN:
SF:src\modules\mail\mail.service.ts
FN:52,(anonymous_2)
FN:67,(anonymous_3)
FN:81,(anonymous_4)
FN:90,(anonymous_5)
FN:197,(anonymous_6)
FN:303,(anonymous_7)
FN:383,(anonymous_8)
FN:489,(anonymous_9)
FN:501,(anonymous_10)
FN:520,(anonymous_11)
FN:539,(anonymous_12)
FN:558,(anonymous_13)
FNF:12
FNH:1
FNDA:1,(anonymous_2)
FNDA:0,(anonymous_3)
FNDA:0,(anonymous_4)
FNDA:0,(anonymous_5)
FNDA:0,(anonymous_6)
FNDA:0,(anonymous_7)
FNDA:0,(anonymous_8)
FNDA:0,(anonymous_9)
FNDA:0,(anonymous_10)
FNDA:0,(anonymous_11)
FNDA:0,(anonymous_12)
FNDA:0,(anonymous_13)
DA:1,5
DA:2,5
DA:49,5
DA:53,1
DA:68,0
DA:69,0
DA:70,0
DA:72,0
DA:83,0
DA:84,0
DA:87,0
DA:90,0
DA:95,0
DA:198,0
DA:199,0
DA:201,0
DA:205,0
DA:304,0
DA:305,0
DA:307,0
DA:384,0
DA:385,0
DA:387,0
DA:391,0
DA:490,0
DA:502,0
DA:503,0
DA:505,0
DA:512,0
DA:514,0
DA:521,0
DA:522,0
DA:524,0
DA:531,0
DA:533,0
DA:540,0
DA:541,0
DA:543,0
DA:550,0
DA:552,0
DA:559,0
DA:560,0
DA:562,0
DA:569,0
DA:571,0
LF:45
LH:4
BRDA:54,0,0,1
BRDA:54,0,1,1
BRDA:55,1,0,1
BRDA:55,1,1,1
BRDA:73,2,0,0
BRDA:73,2,1,0
BRDA:87,3,0,0
BRDA:87,3,1,0
BRDA:87,4,0,0
BRDA:87,4,1,0
BRDA:201,5,0,0
BRDA:201,5,1,0
BRDA:201,5,2,0
BRDA:387,6,0,0
BRDA:387,6,1,0
BRDA:387,6,2,0
BRDA:515,7,0,0
BRDA:515,7,1,0
BRDA:534,8,0,0
BRDA:534,8,1,0
BRDA:553,9,0,0
BRDA:553,9,1,0
BRDA:572,10,0,0
BRDA:572,10,1,0
BRF:24
BRH:4
end_of_record
TN:
SF:src\modules\registration-requests\registration-requests.controller.ts
FN:28,(anonymous_4)
FN:34,(anonymous_5)
FN:48,(anonymous_6)
FN:60,(anonymous_7)
FN:68,(anonymous_8)
FN:77,(anonymous_9)
FN:94,(anonymous_10)
FN:111,(anonymous_11)
FN:120,(anonymous_12)
FN:129,(anonymous_13)
FN:138,(anonymous_14)
FN:152,(anonymous_15)
FN:173,(anonymous_16)
FNF:13
FNH:1
FNDA:1,(anonymous_4)
FNDA:0,(anonymous_5)
FNDA:0,(anonymous_6)
FNDA:0,(anonymous_7)
FNDA:0,(anonymous_8)
FNDA:0,(anonymous_9)
FNDA:0,(anonymous_10)
FNDA:0,(anonymous_11)
FNDA:0,(anonymous_12)
FNDA:0,(anonymous_13)
FNDA:0,(anonymous_14)
FNDA:0,(anonymous_15)
FNDA:0,(anonymous_16)
DA:1,1
DA:13,1
DA:14,1
DA:15,1
DA:16,1
DA:18,1
DA:19,1
DA:21,1
DA:27,1
DA:28,1
DA:34,1
DA:35,0
DA:48,1
DA:52,0
DA:60,1
DA:61,0
DA:68,1
DA:69,0
DA:77,1
DA:82,0
DA:94,1
DA:99,0
DA:111,1
DA:112,0
DA:120,1
DA:121,0
DA:129,1
DA:130,0
DA:138,1
DA:139,0
DA:152,1
DA:161,0
DA:173,1
DA:177,0
LF:34
LH:22
BRF:0
BRH:0
end_of_record
TN:
SF:src\modules\registration-requests\registration-requests.module.ts
FNF:0
FNH:0
DA:1,0
DA:2,0
DA:4,0
DA:5,0
DA:6,0
DA:8,0
DA:9,0
DA:10,0
DA:12,0
DA:13,0
DA:14,0
DA:30,0
LF:12
LH:0
BRF:0
BRH:0
end_of_record
TN:
SF:src\modules\registration-requests\registration-requests.service.ts
FN:37,(anonymous_4)
FN:58,(anonymous_5)
FN:136,(anonymous_6)
FN:159,(anonymous_7)
FN:165,(anonymous_8)
FN:187,(anonymous_9)
FN:207,(anonymous_10)
FN:230,(anonymous_11)
FN:251,(anonymous_12)
FN:272,(anonymous_13)
FN:307,(anonymous_14)
FN:358,(anonymous_15)
FN:366,(anonymous_16)
FN:373,(anonymous_17)
FN:402,(anonymous_18)
FN:429,(anonymous_19)
FN:469,(anonymous_20)
FN:572,(anonymous_21)
FN:608,(anonymous_22)
FN:624,(anonymous_23)
FN:631,(anonymous_24)
FN:638,(anonymous_25)
FN:645,(anonymous_26)
FNF:23
FNH:1
FNDA:1,(anonymous_4)
FNDA:0,(anonymous_5)
FNDA:0,(anonymous_6)
FNDA:0,(anonymous_7)
FNDA:0,(anonymous_8)
FNDA:0,(anonymous_9)
FNDA:0,(anonymous_10)
FNDA:0,(anonymous_11)
FNDA:0,(anonymous_12)
FNDA:0,(anonymous_13)
FNDA:0,(anonymous_14)
FNDA:0,(anonymous_15)
FNDA:0,(anonymous_16)
FNDA:0,(anonymous_17)
FNDA:0,(anonymous_18)
FNDA:0,(anonymous_19)
FNDA:0,(anonymous_20)
FNDA:0,(anonymous_21)
FNDA:0,(anonymous_22)
FNDA:0,(anonymous_23)
FNDA:0,(anonymous_24)
FNDA:0,(anonymous_25)
FNDA:0,(anonymous_26)
DA:1,2
DA:8,2
DA:9,2
DA:15,2
DA:17,2
DA:21,2
DA:22,2
DA:23,2
DA:24,2
DA:26,2
DA:33,2
DA:35,1
DA:38,1
DA:41,1
DA:44,1
DA:47,1
DA:50,1
DA:52,1
DA:59,0
DA:61,0
DA:64,0
DA:65,0
DA:68,0
DA:75,0
DA:76,0
DA:82,0
DA:84,0
DA:88,0
DA:119,0
DA:121,0
DA:122,0
DA:123,0
DA:125,0
DA:126,0
DA:127,0
DA:130,0
DA:140,0
DA:142,0
DA:143,0
DA:146,0
DA:147,0
DA:150,0
DA:160,0
DA:161,0
DA:162,0
DA:166,0
DA:167,0
DA:169,0
DA:188,0
DA:189,0
DA:191,0
DA:192,0
DA:197,0
DA:198,0
DA:199,0
DA:200,0
DA:201,0
DA:202,0
DA:204,0
DA:208,0
DA:209,0
DA:211,0
DA:212,0
DA:217,0
DA:218,0
DA:219,0
DA:220,0
DA:221,0
DA:222,0
DA:224,0
DA:231,0
DA:232,0
DA:234,0
DA:235,0
DA:238,0
DA:239,0
DA:240,0
DA:241,0
DA:242,0
DA:243,0
DA:245,0
DA:252,0
DA:253,0
DA:255,0
DA:256,0
DA:259,0
DA:260,0
DA:261,0
DA:262,0
DA:263,0
DA:264,0
DA:266,0
DA:278,0
DA:279,0
DA:282,0
DA:283,0
DA:285,0
DA:287,0
DA:288,0
DA:291,0
DA:292,0
DA:295,0
DA:301,0
DA:304,0
DA:311,0
DA:312,0
DA:314,0
DA:315,0
DA:318,0
DA:319,0
DA:320,0
DA:323,0
DA:325,0
DA:327,0
DA:329,0
DA:332,0
DA:334,0
DA:336,0
DA:337,0
DA:340,0
DA:341,0
DA:344,0
DA:345,0
DA:348,0
DA:349,0
DA:350,0
DA:351,0
DA:352,0
DA:353,0
DA:355,0
DA:359,0
DA:360,0
DA:361,0
DA:362,0
DA:363,0
DA:367,0
DA:368,0
DA:374,0
DA:375,0
DA:377,0
DA:378,0
DA:381,0
DA:382,0
DA:391,0
DA:392,0
DA:395,0
DA:396,0
DA:397,0
DA:399,0
DA:403,0
DA:404,0
DA:416,0
DA:417,0
DA:418,0
DA:423,0
DA:434,0
DA:435,0
DA:438,0
DA:439,0
DA:441,0
DA:442,0
DA:446,0
DA:452,0
DA:457,0
DA:464,0
DA:469,0
DA:470,0
DA:471,0
DA:472,0
DA:473,0
DA:476,0
DA:480,0
DA:481,0
DA:484,0
DA:485,0
DA:487,0
DA:498,0
DA:500,0
DA:517,0
DA:519,0
DA:520,0
DA:523,0
DA:524,0
DA:534,0
DA:537,0
DA:538,0
DA:539,0
DA:541,0
DA:543,0
DA:554,0
DA:562,0
DA:577,0
DA:578,0
DA:581,0
DA:582,0
DA:584,0
DA:585,0
DA:588,0
DA:589,0
DA:590,0
DA:591,0
DA:593,0
DA:595,0
DA:602,0
DA:609,0
DA:612,0
DA:616,0
DA:620,0
DA:625,0
DA:632,0
DA:633,0
DA:634,0
DA:635,0
DA:636,0
DA:638,0
DA:640,0
DA:645,0
LF:217
LH:18
BRDA:64,0,0,0
BRDA:75,1,0,0
BRDA:82,2,0,0
BRDA:82,2,1,0
BRDA:93,3,0,0
BRDA:93,3,1,0
BRDA:94,4,0,0
BRDA:94,4,1,0
BRDA:95,5,0,0
BRDA:95,5,1,0
BRDA:96,6,0,0
BRDA:96,6,1,0
BRDA:97,7,0,0
BRDA:97,7,1,0
BRDA:98,8,0,0
BRDA:98,8,1,0
BRDA:102,9,0,0
BRDA:102,9,1,0
BRDA:104,10,0,0
BRDA:104,10,1,0
BRDA:108,11,0,0
BRDA:108,11,1,0
BRDA:121,12,0,0
BRDA:125,13,0,0
BRDA:142,14,0,0
BRDA:146,15,0,0
BRDA:161,16,0,0
BRDA:167,17,0,0
BRDA:189,18,0,0
BRDA:191,19,0,0
BRDA:209,20,0,0
BRDA:211,21,0,0
BRDA:232,22,0,0
BRDA:234,23,0,0
BRDA:241,24,0,0
BRDA:241,24,1,0
BRDA:242,25,0,0
BRDA:242,25,1,0
BRDA:253,26,0,0
BRDA:255,27,0,0
BRDA:262,28,0,0
BRDA:262,28,1,0
BRDA:263,29,0,0
BRDA:263,29,1,0
BRDA:278,30,0,0
BRDA:283,31,0,0
BRDA:287,32,0,0
BRDA:291,33,0,0
BRDA:295,34,0,0
BRDA:296,35,0,0
BRDA:296,35,1,0
BRDA:296,35,2,0
BRDA:296,35,3,0
BRDA:312,36,0,0
BRDA:314,37,0,0
BRDA:319,38,0,0
BRDA:336,39,0,0
BRDA:340,40,0,0
BRDA:344,41,0,0
BRDA:349,42,0,0
BRDA:349,42,1,0
BRDA:351,43,0,0
BRDA:351,43,1,0
BRDA:352,44,0,0
BRDA:352,44,1,0
BRDA:359,45,0,0
BRDA:359,45,1,0
BRDA:360,46,0,0
BRDA:360,47,0,0
BRDA:360,47,1,0
BRDA:361,48,0,0
BRDA:362,49,0,0
BRDA:367,50,0,0
BRDA:367,50,1,0
BRDA:368,51,0,0
BRDA:368,51,1,0
BRDA:377,52,0,0
BRDA:377,53,0,0
BRDA:377,53,1,0
BRDA:391,54,0,0
BRDA:396,55,0,0
BRDA:417,56,0,0
BRDA:419,57,0,0
BRDA:419,57,1,0
BRDA:434,58,0,0
BRDA:439,59,0,0
BRDA:441,60,0,0
BRDA:446,61,0,0
BRDA:447,62,0,0
BRDA:447,62,1,0
BRDA:447,62,2,0
BRDA:447,62,3,0
BRDA:457,63,0,0
BRDA:458,64,0,0
BRDA:458,64,1,0
BRDA:458,64,2,0
BRDA:458,64,3,0
BRDA:458,64,4,0
BRDA:480,65,0,0
BRDA:504,66,0,0
BRDA:504,66,1,0
BRDA:504,66,2,0
BRDA:505,67,0,0
BRDA:505,67,1,0
BRDA:506,68,0,0
BRDA:506,68,1,0
BRDA:507,69,0,0
BRDA:507,69,1,0
BRDA:507,69,2,0
BRDA:508,70,0,0
BRDA:508,70,1,0
BRDA:508,70,2,0
BRDA:509,71,0,0
BRDA:509,71,1,0
BRDA:511,72,0,0
BRDA:511,72,1,0
BRDA:512,73,0,0
BRDA:512,73,1,0
BRDA:513,74,0,0
BRDA:513,74,1,0
BRDA:523,75,0,0
BRDA:548,76,0,0
BRDA:548,76,1,0
BRDA:577,77,0,0
BRDA:582,78,0,0
BRDA:584,79,0,0
BRDA:609,80,0,0
BRDA:609,80,1,0
BRDA:609,80,2,0
BRDA:609,80,3,0
BRDA:609,80,4,0
BRDA:609,80,5,0
BRF:132
BRH:0
end_of_record
TN:
SF:src\modules\registration-requests\dto\confirm-online-payment.dto.ts
FNF:0
FNH:0
DA:1,1
DA:3,1
DA:7,1
DA:11,1
LF:4
LH:4
BRF:0
BRH:0
end_of_record
TN:
SF:src\modules\registration-requests\dto\create-mock-payment.dto.ts
FNF:0
FNH:0
DA:1,0
DA:3,0
DA:6,0
LF:3
LH:0
BRF:0
BRH:0
end_of_record
TN:
SF:src\modules\registration-requests\dto\create-registration-request.dto.ts
FNF:0
FNH:0
DA:1,1
DA:9,1
DA:14,1
DA:16,1
DA:20,1
DA:24,1
DA:28,1
DA:32,1
DA:36,1
DA:40,1
DA:44,1
DA:48,1
DA:52,1
DA:56,1
LF:14
LH:14
BRF:0
BRH:0
end_of_record
TN:
SF:src\modules\registration-requests\dto\review-request.dto.ts
FNF:0
FNH:0
DA:1,1
DA:3,1
DA:5,1
DA:6,1
DA:7,1
DA:8,1
DA:9,1
DA:10,1
DA:11,1
DA:12,1
DA:13,1
DA:16,1
DA:19,1
LF:13
LH:13
BRF:0
BRH:0
end_of_record
TN:
SF:src\modules\registration-requests\dto\update-payment-status.dto.ts
FNF:0
FNH:0
DA:1,0
DA:2,0
DA:4,0
DA:6,0
DA:10,0
DA:14,0
LF:6
LH:0
BRF:0
BRH:0
end_of_record
TN:
SF:src\modules\registration-requests\entities\registration-request.entity.ts
FNF:0
FNH:0
DA:1,2
DA:8,2
DA:16,2
DA:18,2
DA:23,2
DA:26,2
DA:30,2
DA:33,2
DA:36,2
DA:39,2
DA:42,2
DA:45,2
DA:48,2
DA:55,2
DA:62,2
DA:69,2
DA:72,2
DA:75,2
DA:78,2
DA:81,2
DA:88,2
DA:91,2
DA:94,2
DA:97,2
DA:100,2
LF:25
LH:25
BRF:0
BRH:0
end_of_record
TN:
SF:src\modules\registration-requests\enums\registration-request.enums.ts
FN:1,(anonymous_0)
FN:7,(anonymous_1)
FN:15,(anonymous_2)
FN:24,(anonymous_3)
FNF:4
FNH:4
FNDA:2,(anonymous_0)
FNDA:2,(anonymous_1)
FNDA:2,(anonymous_2)
FNDA:2,(anonymous_3)
DA:1,2
DA:2,2
DA:3,2
DA:4,2
DA:7,2
DA:8,2
DA:9,2
DA:10,2
DA:11,2
DA:12,2
DA:15,2
DA:16,2
DA:17,2
DA:18,2
DA:19,2
DA:20,2
DA:21,2
DA:24,2
DA:25,2
DA:26,2
DA:27,2
LF:21
LH:21
BRDA:1,0,0,2
BRDA:1,0,1,2
BRDA:7,1,0,2
BRDA:7,1,1,2
BRDA:15,2,0,2
BRDA:15,2,1,2
BRDA:24,3,0,2
BRDA:24,3,1,2
BRF:8
BRH:8
end_of_record
TN:
SF:src\modules\security-questions\forgot-password.controller.ts
FN:12,(anonymous_4)
FN:15,(anonymous_5)
FN:20,(anonymous_6)
FN:25,(anonymous_7)
FNF:4
FNH:0
FNDA:0,(anonymous_4)
FNDA:0,(anonymous_5)
FNDA:0,(anonymous_6)
FNDA:0,(anonymous_7)
DA:2,0
DA:3,0
DA:4,0
DA:11,0
DA:12,0
DA:15,0
DA:16,0
DA:20,0
DA:21,0
DA:25,0
DA:26,0
LF:11
LH:0
BRF:0
BRH:0
end_of_record
TN:
SF:src\modules\security-questions\security-questions.controller.ts
FN:14,(anonymous_4)
FN:22,(anonymous_5)
FN:32,(anonymous_6)
FN:42,(anonymous_7)
FN:51,(anonymous_8)
FN:60,(anonymous_9)
FNF:6
FNH:1
FNDA:1,(anonymous_4)
FNDA:0,(anonymous_5)
FNDA:0,(anonymous_6)
FNDA:0,(anonymous_7)
FNDA:0,(anonymous_8)
FNDA:0,(anonymous_9)
DA:1,1
DA:2,1
DA:3,1
DA:9,1
DA:13,1
DA:14,1
DA:22,1
DA:23,0
DA:32,1
DA:33,0
DA:34,0
DA:42,1
DA:43,0
DA:51,1
DA:52,0
DA:60,1
DA:61,0
LF:17
LH:11
BRF:0
BRH:0
end_of_record
TN:
SF:src\modules\security-questions\security-questions.dto.ts
FN:15,(anonymous_2)
FN:30,(anonymous_3)
FNF:2
FNH:0
FNDA:0,(anonymous_2)
FNDA:0,(anonymous_3)
DA:1,1
DA:2,1
DA:4,1
DA:6,1
DA:9,1
DA:12,1
DA:15,0
DA:16,1
DA:19,1
DA:21,1
DA:24,1
DA:26,1
DA:30,0
DA:31,1
DA:34,1
DA:36,1
DA:39,1
LF:17
LH:15
BRF:0
BRH:0
end_of_record
TN:
SF:src\modules\security-questions\security-questions.entity.ts
FNF:0
FNH:0
DA:1,2
DA:10,2
DA:12,2
DA:15,2
DA:18,2
DA:21,2
DA:24,2
DA:27,2
DA:30,2
LF:9
LH:9
BRF:0
BRH:0
end_of_record
TN:
SF:src\modules\security-questions\security-questions.module.ts
FN:14,(anonymous_1)
FNF:1
FNH:0
FNDA:0,(anonymous_1)
DA:1,0
DA:2,0
DA:3,0
DA:4,0
DA:5,0
DA:6,0
DA:7,0
DA:8,0
DA:14,0
DA:24,0
LF:10
LH:0
BRF:0
BRH:0
end_of_record
TN:
SF:src\modules\security-questions\security-questions.service.ts
FN:24,(anonymous_4)
FN:34,(anonymous_5)
FN:39,(anonymous_6)
FN:58,(anonymous_7)
FN:64,(anonymous_8)
FN:72,(anonymous_9)
FN:79,(anonymous_10)
FN:90,(anonymous_11)
FN:111,(anonymous_12)
FN:134,(anonymous_13)
FN:156,(anonymous_14)
FNF:11
FNH:1
FNDA:1,(anonymous_4)
FNDA:0,(anonymous_5)
FNDA:0,(anonymous_6)
FNDA:0,(anonymous_7)
FNDA:0,(anonymous_8)
FNDA:0,(anonymous_9)
FNDA:0,(anonymous_10)
FNDA:0,(anonymous_11)
FNDA:0,(anonymous_12)
FNDA:0,(anonymous_13)
FNDA:0,(anonymous_14)
DA:1,2
DA:7,2
DA:8,2
DA:9,2
DA:10,2
DA:11,2
DA:18,2
DA:20,2
DA:23,2
DA:26,1
DA:27,1
DA:28,1
DA:36,0
DA:38,0
DA:40,0
DA:44,0
DA:53,0
DA:54,0
DA:59,0
DA:60,0
DA:65,0
DA:69,0
DA:70,0
DA:72,0
DA:80,0
DA:81,0
DA:83,0
DA:90,0
DA:91,0
DA:92,0
DA:100,0
DA:105,0
DA:113,0
DA:114,0
DA:116,0
DA:119,0
DA:120,0
DA:123,0
DA:128,0
DA:129,0
DA:133,0
DA:135,0
DA:136,0
DA:140,0
DA:141,0
DA:145,0
DA:150,0
DA:158,0
DA:159,0
DA:161,0
DA:164,0
DA:165,0
DA:168,0
DA:170,0
LF:54
LH:12
BRDA:69,0,0,0
BRDA:81,1,0,0
BRDA:91,2,0,0
BRDA:119,3,0,0
BRDA:128,4,0,0
BRDA:135,5,0,0
BRDA:135,5,1,0
BRDA:140,6,0,0
BRDA:164,7,0,0
BRF:9
BRH:0
end_of_record
TN:
SF:src\modules\team-members\team-members.controller.ts
FN:13,(anonymous_4)
FN:17,(anonymous_5)
FN:23,(anonymous_6)
FN:28,(anonymous_7)
FN:33,(anonymous_8)
FN:39,(anonymous_9)
FN:45,(anonymous_10)
FNF:7
FNH:1
FNDA:1,(anonymous_4)
FNDA:0,(anonymous_5)
FNDA:0,(anonymous_6)
FNDA:0,(anonymous_7)
FNDA:0,(anonymous_8)
FNDA:0,(anonymous_9)
FNDA:0,(anonymous_10)
DA:1,1
DA:2,1
DA:3,1
DA:4,1
DA:5,1
DA:6,1
DA:7,1
DA:8,1
DA:12,1
DA:13,1
DA:17,1
DA:18,0
DA:23,1
DA:24,0
DA:28,1
DA:29,0
DA:33,1
DA:34,0
DA:39,1
DA:40,0
DA:45,1
DA:46,0
LF:22
LH:16
BRF:0
BRH:0
end_of_record
TN:
SF:src\modules\team-members\team-members.module.ts
FNF:0
FNH:0
DA:1,0
DA:2,0
DA:3,0
DA:4,0
DA:5,0
DA:6,0
DA:7,0
DA:8,0
DA:9,0
DA:15,0
LF:10
LH:0
BRF:0
BRH:0
end_of_record
TN:
SF:src\modules\team-members\team-members.service.ts
FN:33,(anonymous_4)
FN:52,(anonymous_5)
FN:56,(anonymous_6)
FN:64,(anonymous_7)
FN:82,(anonymous_8)
FN:175,(anonymous_9)
FN:197,(anonymous_10)
FN:213,(anonymous_11)
FN:226,(anonymous_12)
FN:238,(anonymous_13)
FN:241,(anonymous_14)
FN:242,(anonymous_15)
FN:247,(anonymous_16)
FNF:13
FNH:1
FNDA:1,(anonymous_4)
FNDA:0,(anonymous_5)
FNDA:0,(anonymous_6)
FNDA:0,(anonymous_7)
FNDA:0,(anonymous_8)
FNDA:0,(anonymous_9)
FNDA:0,(anonymous_10)
FNDA:0,(anonymous_11)
FNDA:0,(anonymous_12)
FNDA:0,(anonymous_13)
FNDA:0,(anonymous_14)
FNDA:0,(anonymous_15)
FNDA:0,(anonymous_16)
DA:1,2
DA:7,2
DA:8,2
DA:9,2
DA:11,2
DA:12,2
DA:13,2
DA:14,2
DA:15,2
DA:21,2
DA:32,2
DA:35,1
DA:38,1
DA:41,1
DA:44,1
DA:46,1
DA:53,0
DA:57,0
DA:60,0
DA:61,0
DA:65,0
DA:67,0
DA:68,0
DA:69,0
DA:72,0
DA:75,0
DA:76,0
DA:83,0
DA:84,0
DA:85,0
DA:86,0
DA:89,0
DA:91,0
DA:94,0
DA:99,0
DA:100,0
DA:103,0
DA:114,0
DA:117,0
DA:123,0
DA:124,0
DA:134,0
DA:135,0
DA:136,0
DA:137,0
DA:139,0
DA:141,0
DA:144,0
DA:147,0
DA:151,0
DA:152,0
DA:162,0
DA:165,0
DA:176,0
DA:177,0
DA:179,0
DA:181,0
DA:184,0
DA:186,0
DA:194,0
DA:198,0
DA:199,0
DA:201,0
DA:203,0
DA:206,0
DA:207,0
DA:210,0
DA:214,0
DA:215,0
DA:217,0
DA:219,0
DA:220,0
DA:227,0
DA:229,0
DA:231,0
DA:236,0
DA:238,0
DA:239,0
DA:241,0
DA:242,0
DA:243,0
DA:248,0
DA:249,0
DA:251,0
DA:252,0
LF:85
LH:16
BRDA:53,0,0,0
BRDA:53,0,1,0
BRDA:60,1,0,0
BRDA:65,2,0,0
BRDA:67,3,0,0
BRDA:75,4,0,0
BRDA:83,5,0,0
BRDA:84,6,0,0
BRDA:85,7,0,0
BRDA:86,8,0,0
BRDA:108,9,0,0
BRDA:108,9,1,0
BRDA:123,10,0,0
BRDA:123,10,1,0
BRDA:130,11,0,0
BRDA:130,11,1,0
BRDA:138,12,0,0
BRDA:138,12,1,0
BRDA:138,12,2,0
BRDA:139,13,0,0
BRDA:139,13,1,0
BRDA:147,14,0,0
BRDA:147,14,1,0
BRDA:155,15,0,0
BRDA:155,15,1,0
BRDA:159,16,0,0
BRDA:159,16,1,0
BRDA:162,17,0,0
BRDA:162,17,1,0
BRDA:176,18,0,0
BRDA:184,19,0,0
BRDA:189,20,0,0
BRDA:189,20,1,0
BRDA:190,21,0,0
BRDA:190,21,1,0
BRDA:199,22,0,0
BRDA:206,23,0,0
BRDA:215,24,0,0
BRDA:227,25,0,0
BRDA:236,26,0,0
BRDA:249,27,0,0
BRF:41
BRH:0
end_of_record
TN:
SF:src\modules\team-members\dto\create-team-member.dto.ts
FNF:0
FNH:0
DA:1,1
DA:3,1
DA:4,1
DA:5,1
DA:6,1
DA:9,1
DA:11,1
DA:12,1
DA:15,1
DA:17,1
DA:18,1
DA:19,1
LF:12
LH:12
BRF:0
BRH:0
end_of_record
TN:
SF:src\modules\team-members\dto\invite-team-member.dto.ts
FNF:0
FNH:0
DA:1,1
DA:14,1
DA:16,1
DA:20,1
DA:24,1
DA:27,1
DA:30,1
DA:34,1
DA:39,1
LF:9
LH:9
BRF:0
BRH:0
end_of_record
TN:
SF:src\modules\team-members\dto\update-team-member.dto.ts
FNF:0
FNH:0
DA:1,1
DA:2,1
DA:3,1
LF:3
LH:3
BRF:0
BRH:0
end_of_record
TN:
SF:src\modules\team-members\entities\team-invitation.entity.ts
FN:22,(anonymous_2)
FNF:1
FNH:0
FNDA:0,(anonymous_2)
DA:1,4
DA:4,4
DA:6,4
DA:10,4
DA:14,4
DA:17,4
DA:20,4
DA:22,0
DA:23,4
DA:27,4
DA:30,4
DA:33,4
DA:36,4
LF:13
LH:12
BRF:0
BRH:0
end_of_record
TN:
SF:src\modules\team-members\entities\team-member.entity.ts
FN:25,(anonymous_2)
FNF:1
FNH:0
FNDA:0,(anonymous_2)
DA:1,8
DA:4,8
DA:6,8
DA:10,8
DA:14,8
DA:17,8
DA:20,8
DA:23,8
DA:25,0
DA:26,8
DA:29,8
DA:32,8
LF:12
LH:11
BRF:0
BRH:0
end_of_record
TN:
SF:src\modules\users\users.controller.ts
FN:8,(anonymous_4)
FN:11,(anonymous_5)
FN:16,(anonymous_6)
FN:21,(anonymous_7)
FN:26,(anonymous_8)
FN:31,(anonymous_9)
FN:40,(anonymous_10)
FN:45,(anonymous_11)
FN:50,(anonymous_12)
FN:58,(anonymous_13)
FNF:10
FNH:1
FNDA:1,(anonymous_4)
FNDA:0,(anonymous_5)
FNDA:0,(anonymous_6)
FNDA:0,(anonymous_7)
FNDA:0,(anonymous_8)
FNDA:0,(anonymous_9)
FNDA:0,(anonymous_10)
FNDA:0,(anonymous_11)
FNDA:0,(anonymous_12)
FNDA:0,(anonymous_13)
DA:1,1
DA:2,1
DA:3,1
DA:4,1
DA:7,1
DA:8,1
DA:11,1
DA:12,0
DA:16,1
DA:17,0
DA:21,1
DA:22,0
DA:26,1
DA:27,0
DA:31,1
DA:32,0
DA:40,1
DA:41,0
DA:45,1
DA:46,0
DA:50,1
DA:54,0
DA:58,1
DA:83,0
LF:24
LH:15
BRF:0
BRH:0
end_of_record
TN:
SF:src\modules\users\users.module.ts
FNF:0
FNH:0
DA:1,0
DA:2,0
DA:3,0
DA:4,0
DA:5,0
DA:13,0
LF:6
LH:0
BRF:0
BRH:0
end_of_record
TN:
SF:src\modules\users\users.service.ts
FN:13,(anonymous_4)
FN:21,(anonymous_5)
FN:27,(anonymous_6)
FN:29,(anonymous_7)
FN:32,(anonymous_8)
FN:38,(anonymous_9)
FN:46,(anonymous_10)
FN:52,(anonymous_11)
FN:56,(anonymous_12)
FN:65,(anonymous_13)
FN:72,(anonymous_14)
FN:78,(anonymous_15)
FN:83,(anonymous_16)
FN:88,(anonymous_17)
FN:89,(anonymous_18)
FN:100,(anonymous_19)
FN:120,(anonymous_20)
FN:142,(anonymous_21)
FN:164,(anonymous_22)
FN:197,(anonymous_23)
FNF:20
FNH:3
FNDA:4,(anonymous_4)
FNDA:0,(anonymous_5)
FNDA:0,(anonymous_6)
FNDA:0,(anonymous_7)
FNDA:2,(anonymous_8)
FNDA:0,(anonymous_9)
FNDA:0,(anonymous_10)
FNDA:1,(anonymous_11)
FNDA:0,(anonymous_12)
FNDA:0,(anonymous_13)
FNDA:0,(anonymous_14)
FNDA:0,(anonymous_15)
FNDA:0,(anonymous_16)
FNDA:0,(anonymous_17)
FNDA:0,(anonymous_18)
FNDA:0,(anonymous_19)
FNDA:0,(anonymous_20)
FNDA:0,(anonymous_21)
FNDA:0,(anonymous_22)
FNDA:0,(anonymous_23)
DA:1,4
DA:2,4
DA:3,4
DA:4,4
DA:7,4
DA:8,4
DA:9,4
DA:12,4
DA:15,4
DA:18,4
DA:22,0
DA:23,0
DA:24,0
DA:28,0
DA:29,0
DA:33,2
DA:34,2
DA:35,1
DA:39,0
DA:40,0
DA:41,0
DA:42,0
DA:43,0
DA:47,0
DA:48,0
DA:49,0
DA:53,1
DA:57,0
DA:58,0
DA:66,0
DA:67,0
DA:68,0
DA:69,0
DA:73,0
DA:78,0
DA:81,0
DA:83,0
DA:88,0
DA:89,0
DA:90,0
DA:92,0
DA:100,0
DA:121,0
DA:125,0
DA:127,0
DA:132,0
DA:134,0
DA:142,0
DA:165,0
DA:169,0
DA:171,0
DA:172,0
DA:174,0
DA:178,0
DA:179,0
DA:182,0
DA:183,0
DA:186,0
DA:219,0
DA:220,0
DA:221,0
DA:224,0
DA:231,0
DA:233,0
DA:247,0
DA:249,0
LF:66
LH:14
BRDA:34,0,0,1
BRDA:40,1,0,0
BRDA:48,2,0,0
BRDA:66,3,0,0
BRDA:81,4,0,0
BRDA:81,4,1,0
BRDA:97,5,0,0
BRDA:97,5,1,0
BRDA:106,6,0,0
BRDA:106,6,1,0
BRDA:107,7,0,0
BRDA:107,7,1,0
BRDA:110,8,0,0
BRDA:110,8,1,0
BRDA:111,9,0,0
BRDA:111,9,1,0
BRDA:112,10,0,0
BRDA:112,10,1,0
BRDA:114,11,0,0
BRDA:114,11,1,0
BRDA:125,12,0,0
BRDA:139,13,0,0
BRDA:139,13,1,0
BRDA:150,14,0,0
BRDA:150,14,1,0
BRDA:151,15,0,0
BRDA:151,15,1,0
BRDA:152,16,0,0
BRDA:152,16,1,0
BRDA:155,17,0,0
BRDA:155,17,1,0
BRDA:156,18,0,0
BRDA:156,18,1,0
BRDA:157,19,0,0
BRDA:157,19,1,0
BRDA:159,20,0,0
BRDA:159,20,1,0
BRDA:169,21,0,0
BRDA:182,22,0,0
BRDA:191,23,0,0
BRDA:191,23,1,0
BRDA:220,24,0,0
BRDA:228,25,0,0
BRDA:228,25,1,0
BRDA:236,26,0,0
BRDA:236,26,1,0
BRDA:237,27,0,0
BRDA:237,27,1,0
BRDA:239,28,0,0
BRDA:239,28,1,0
BRDA:242,29,0,0
BRDA:242,29,1,0
BRF:52
BRH:1
end_of_record
TN:
SF:src\modules\users\dto\create-user.dto.ts
FNF:0
FNH:0
DA:1,1
DA:10,1
DA:12,1
DA:16,1
DA:26,1
DA:30,1
DA:34,1
DA:38,1
LF:8
LH:8
BRF:0
BRH:0
end_of_record
TN:
SF:src\modules\users\dto\update-user.dto.ts
FNF:0
FNH:0
DA:1,1
DA:2,1
DA:3,1
LF:3
LH:3
BRF:0
BRH:0
end_of_record
TN:
SF:src\modules\users\entities\user.entity.ts
FN:40,(anonymous_2)
FNF:1
FNH:0
FNDA:0,(anonymous_2)
DA:1,15
DA:5,15
DA:7,15
DA:11,15
DA:14,15
DA:20,15
DA:23,15
DA:26,15
DA:29,15
DA:32,15
DA:36,15
DA:38,15
DA:40,0
DA:41,15
DA:44,15
DA:47,15
DA:50,15
DA:61,15
LF:18
LH:17
BRF:0
BRH:0
end_of_record
